mode: set
github.com/kinoko-dev/kinoko/internal/run/debug/trace.go:25.40,26.19 1 1
github.com/kinoko-dev/kinoko/internal/run/debug/trace.go:26.19,28.3 1 1
github.com/kinoko-dev/kinoko/internal/run/debug/trace.go:29.2,29.34 1 1
github.com/kinoko-dev/kinoko/internal/run/debug/trace.go:34.39,35.14 1 1
github.com/kinoko-dev/kinoko/internal/run/debug/trace.go:35.14,37.3 1 1
github.com/kinoko-dev/kinoko/internal/run/debug/trace.go:40.2,40.53 1 1
github.com/kinoko-dev/kinoko/internal/run/debug/trace.go:40.53,43.3 2 1
github.com/kinoko-dev/kinoko/internal/run/debug/trace.go:45.2,48.43 3 1
github.com/kinoko-dev/kinoko/internal/run/debug/trace.go:48.43,50.17 2 1
github.com/kinoko-dev/kinoko/internal/run/debug/trace.go:50.17,53.4 2 0
github.com/kinoko-dev/kinoko/internal/run/debug/trace.go:54.3,58.45 3 1
github.com/kinoko-dev/kinoko/internal/run/debug/trace.go:58.45,59.39 1 0
github.com/kinoko-dev/kinoko/internal/run/debug/trace.go:59.39,60.13 1 0
github.com/kinoko-dev/kinoko/internal/run/debug/trace.go:62.4,63.14 2 0
github.com/kinoko-dev/kinoko/internal/run/debug/trace.go:65.3,65.56 1 1
github.com/kinoko-dev/kinoko/internal/run/debug/trace.go:67.2,67.12 1 0
github.com/kinoko-dev/kinoko/internal/run/debug/trace.go:78.46,79.14 1 1
github.com/kinoko-dev/kinoko/internal/run/debug/trace.go:79.14,81.3 1 1
github.com/kinoko-dev/kinoko/internal/run/debug/trace.go:82.2,82.60 1 1
github.com/kinoko-dev/kinoko/internal/run/debug/trace.go:86.54,87.14 1 1
github.com/kinoko-dev/kinoko/internal/run/debug/trace.go:87.14,89.3 1 1
github.com/kinoko-dev/kinoko/internal/run/debug/trace.go:90.2,91.16 2 1
github.com/kinoko-dev/kinoko/internal/run/debug/trace.go:91.16,94.3 2 1
github.com/kinoko-dev/kinoko/internal/run/debug/trace.go:95.2,95.56 1 1
github.com/kinoko-dev/kinoko/internal/run/debug/trace.go:99.70,100.14 1 1
github.com/kinoko-dev/kinoko/internal/run/debug/trace.go:100.14,102.3 1 1
github.com/kinoko-dev/kinoko/internal/run/debug/trace.go:103.2,105.16 3 1
github.com/kinoko-dev/kinoko/internal/run/debug/trace.go:105.16,108.3 2 0
github.com/kinoko-dev/kinoko/internal/run/debug/trace.go:109.2,111.42 3 1
github.com/kinoko-dev/kinoko/internal/run/debug/trace.go:111.42,114.3 2 0
github.com/kinoko-dev/kinoko/internal/run/debug/trace.go:115.2,115.35 1 1
github.com/kinoko-dev/kinoko/internal/run/debug/trace.go:115.35,117.3 1 0
github.com/kinoko-dev/kinoko/internal/run/debug/trace.go:121.65,122.14 1 1
github.com/kinoko-dev/kinoko/internal/run/debug/trace.go:122.14,124.3 1 1
github.com/kinoko-dev/kinoko/internal/run/debug/trace.go:125.2,126.47 2 1
github.com/kinoko-dev/kinoko/internal/run/debug/trace.go:126.47,129.3 2 0
github.com/kinoko-dev/kinoko/internal/run/debug/trace.go:130.2,130.63 1 1
github.com/kinoko-dev/kinoko/internal/run/debug/trace.go:134.46,135.14 1 1
github.com/kinoko-dev/kinoko/internal/run/debug/trace.go:135.14,137.3 1 1
github.com/kinoko-dev/kinoko/internal/run/debug/trace.go:138.2,139.16 2 1
github.com/kinoko-dev/kinoko/internal/run/debug/trace.go:139.16,142.3 2 1
github.com/kinoko-dev/kinoko/internal/run/debug/trace.go:143.2,143.58 1 1
github.com/kinoko-dev/kinoko/internal/run/debug/trace.go:147.40,148.14 1 1
github.com/kinoko-dev/kinoko/internal/run/debug/trace.go:148.14,150.3 1 1
github.com/kinoko-dev/kinoko/internal/run/debug/trace.go:151.2,151.18 1 1
github.com/kinoko-dev/kinoko/internal/run/debug/trace.go:156.48,157.55 1 1
github.com/kinoko-dev/kinoko/internal/run/debug/trace.go:157.55,159.3 1 1
github.com/kinoko-dev/kinoko/internal/run/debug/trace.go:162.39,164.40 2 1
github.com/kinoko-dev/kinoko/internal/run/debug/trace.go:164.40,166.3 1 0
github.com/kinoko-dev/kinoko/internal/run/debug/trace.go:167.2,167.39 1 1
github.com/kinoko-dev/kinoko/internal/run/llmutil/json.go:16.49,19.35 2 1
github.com/kinoko-dev/kinoko/internal/run/llmutil/json.go:19.35,21.3 1 1
github.com/kinoko-dev/kinoko/internal/run/llmutil/json.go:24.2,25.62 2 1
github.com/kinoko-dev/kinoko/internal/run/llmutil/json.go:25.62,27.3 1 1
github.com/kinoko-dev/kinoko/internal/run/llmutil/json.go:30.2,30.57 1 1
github.com/kinoko-dev/kinoko/internal/run/llmutil/json.go:30.57,32.51 2 1
github.com/kinoko-dev/kinoko/internal/run/llmutil/json.go:32.51,33.90 1 1
github.com/kinoko-dev/kinoko/internal/run/llmutil/json.go:33.90,35.5 1 1
github.com/kinoko-dev/kinoko/internal/run/llmutil/json.go:40.2,40.53 1 1
github.com/kinoko-dev/kinoko/internal/run/llmutil/json.go:40.53,42.51 2 1
github.com/kinoko-dev/kinoko/internal/run/llmutil/json.go:42.51,44.69 2 1
github.com/kinoko-dev/kinoko/internal/run/llmutil/json.go:44.69,46.5 1 1
github.com/kinoko-dev/kinoko/internal/run/llmutil/json.go:51.2,53.32 3 1
github.com/kinoko-dev/kinoko/internal/run/llmutil/json.go:53.32,54.77 1 1
github.com/kinoko-dev/kinoko/internal/run/llmutil/json.go:54.77,56.4 1 1
github.com/kinoko-dev/kinoko/internal/run/llmutil/json.go:59.2,59.75 1 1
github.com/kinoko-dev/kinoko/internal/run/client/client.go:54.36,55.24 1 1
github.com/kinoko-dev/kinoko/internal/run/client/client.go:55.24,58.3 2 1
github.com/kinoko-dev/kinoko/internal/run/client/client.go:59.2,64.3 1 1
github.com/kinoko-dev/kinoko/internal/run/client/client.go:68.52,70.16 2 1
github.com/kinoko-dev/kinoko/internal/run/client/client.go:70.16,72.3 1 0
github.com/kinoko-dev/kinoko/internal/run/client/client.go:73.2,74.16 2 1
github.com/kinoko-dev/kinoko/internal/run/client/client.go:74.16,76.3 1 1
github.com/kinoko-dev/kinoko/internal/run/client/client.go:77.2,78.38 2 1
github.com/kinoko-dev/kinoko/internal/run/client/client.go:78.38,80.3 1 1
github.com/kinoko-dev/kinoko/internal/run/client/client.go:81.2,81.12 1 1
github.com/kinoko-dev/kinoko/internal/run/client/client.go:85.85,88.16 3 1
github.com/kinoko-dev/kinoko/internal/run/client/client.go:88.16,90.3 1 0
github.com/kinoko-dev/kinoko/internal/run/client/client.go:91.2,94.16 3 1
github.com/kinoko-dev/kinoko/internal/run/client/client.go:94.16,96.3 1 0
github.com/kinoko-dev/kinoko/internal/run/client/client.go:97.2,99.38 2 1
github.com/kinoko-dev/kinoko/internal/run/client/client.go:99.38,102.3 2 1
github.com/kinoko-dev/kinoko/internal/run/client/client.go:104.2,107.67 2 1
github.com/kinoko-dev/kinoko/internal/run/client/client.go:107.67,109.3 1 1
github.com/kinoko-dev/kinoko/internal/run/client/client.go:110.2,110.27 1 1
github.com/kinoko-dev/kinoko/internal/run/client/client.go:114.42,115.66 1 1
github.com/kinoko-dev/kinoko/internal/run/client/client.go:115.66,117.3 1 1
github.com/kinoko-dev/kinoko/internal/run/client/client.go:118.2,118.12 1 1
github.com/kinoko-dev/kinoko/internal/run/client/client.go:123.65,125.47 1 1
github.com/kinoko-dev/kinoko/internal/run/client/client.go:125.47,127.3 1 1
github.com/kinoko-dev/kinoko/internal/run/client/client.go:129.2,132.64 4 1
github.com/kinoko-dev/kinoko/internal/run/client/client.go:132.64,135.3 1 1
github.com/kinoko-dev/kinoko/internal/run/client/client.go:137.2,137.62 1 1
github.com/kinoko-dev/kinoko/internal/run/client/client.go:137.62,139.3 1 0
github.com/kinoko-dev/kinoko/internal/run/client/client.go:141.2,142.36 2 1
github.com/kinoko-dev/kinoko/internal/run/client/client.go:142.36,144.3 1 0
github.com/kinoko-dev/kinoko/internal/run/client/client.go:145.2,145.18 1 1
github.com/kinoko-dev/kinoko/internal/run/client/client.go:145.18,147.3 1 1
github.com/kinoko-dev/kinoko/internal/run/client/client.go:149.2,152.34 4 0
github.com/kinoko-dev/kinoko/internal/run/client/client.go:152.34,154.3 1 0
github.com/kinoko-dev/kinoko/internal/run/client/client.go:155.2,155.12 1 0
github.com/kinoko-dev/kinoko/internal/run/client/client.go:159.37,164.16 4 1
github.com/kinoko-dev/kinoko/internal/run/client/client.go:164.16,165.25 1 1
github.com/kinoko-dev/kinoko/internal/run/client/client.go:165.25,167.4 1 1
github.com/kinoko-dev/kinoko/internal/run/client/client.go:168.3,168.13 1 0
github.com/kinoko-dev/kinoko/internal/run/client/client.go:171.2,172.30 2 1
github.com/kinoko-dev/kinoko/internal/run/client/client.go:172.30,173.19 1 1
github.com/kinoko-dev/kinoko/internal/run/client/client.go:173.19,174.12 1 0
github.com/kinoko-dev/kinoko/internal/run/client/client.go:176.3,178.17 3 1
github.com/kinoko-dev/kinoko/internal/run/client/client.go:178.17,179.12 1 0
github.com/kinoko-dev/kinoko/internal/run/client/client.go:181.3,181.32 1 1
github.com/kinoko-dev/kinoko/internal/run/client/client.go:181.32,182.22 1 1
github.com/kinoko-dev/kinoko/internal/run/client/client.go:182.22,183.13 1 1
github.com/kinoko-dev/kinoko/internal/run/client/client.go:185.4,186.70 2 1
github.com/kinoko-dev/kinoko/internal/run/client/client.go:186.70,187.13 1 1
github.com/kinoko-dev/kinoko/internal/run/client/client.go:189.4,189.47 1 1
github.com/kinoko-dev/kinoko/internal/run/client/client.go:189.47,191.5 1 1
github.com/kinoko-dev/kinoko/internal/run/client/client.go:194.2,194.19 1 1
github.com/kinoko-dev/kinoko/internal/run/client/client.go:194.19,196.3 1 1
github.com/kinoko-dev/kinoko/internal/run/client/client.go:197.2,197.12 1 1
github.com/kinoko-dev/kinoko/internal/run/client/client.go:201.59,210.34 3 1
github.com/kinoko-dev/kinoko/internal/run/client/client.go:210.34,212.17 2 1
github.com/kinoko-dev/kinoko/internal/run/client/client.go:212.17,218.4 1 1
github.com/kinoko-dev/kinoko/internal/run/client/client.go:220.2,220.58 1 1
github.com/kinoko-dev/kinoko/internal/run/client/client.go:224.36,226.2 1 1
github.com/kinoko-dev/kinoko/internal/run/client/client.go:229.37,231.2 1 1
github.com/kinoko-dev/kinoko/internal/run/client/client.go:233.45,238.2 4 1
github.com/kinoko-dev/kinoko/internal/run/client/client.go:242.49,243.35 1 1
github.com/kinoko-dev/kinoko/internal/run/client/client.go:243.35,245.3 1 1
github.com/kinoko-dev/kinoko/internal/run/client/client.go:246.2,247.16 2 1
github.com/kinoko-dev/kinoko/internal/run/client/client.go:247.16,249.3 1 0
github.com/kinoko-dev/kinoko/internal/run/client/client.go:251.2,251.20 1 1
github.com/kinoko-dev/kinoko/internal/run/client/client.go:251.20,253.3 1 1
github.com/kinoko-dev/kinoko/internal/run/client/client.go:254.2,256.24 3 1
github.com/kinoko-dev/kinoko/internal/run/client/config.go:25.33,28.2 2 1
github.com/kinoko-dev/kinoko/internal/run/client/config.go:31.57,33.16 2 1
github.com/kinoko-dev/kinoko/internal/run/client/config.go:33.16,35.3 1 1
github.com/kinoko-dev/kinoko/internal/run/client/config.go:36.2,37.51 2 1
github.com/kinoko-dev/kinoko/internal/run/client/config.go:37.51,39.3 1 1
github.com/kinoko-dev/kinoko/internal/run/client/config.go:40.2,40.18 1 1
github.com/kinoko-dev/kinoko/internal/run/client/config.go:45.64,47.47 2 1
github.com/kinoko-dev/kinoko/internal/run/client/config.go:47.47,49.3 1 0
github.com/kinoko-dev/kinoko/internal/run/client/config.go:52.2,53.48 2 1
github.com/kinoko-dev/kinoko/internal/run/client/config.go:53.48,55.3 1 1
github.com/kinoko-dev/kinoko/internal/run/client/config.go:56.2,56.16 1 1
github.com/kinoko-dev/kinoko/internal/run/client/config.go:56.16,58.3 1 1
github.com/kinoko-dev/kinoko/internal/run/client/config.go:61.2,69.16 3 1
github.com/kinoko-dev/kinoko/internal/run/client/config.go:69.16,71.3 1 0
github.com/kinoko-dev/kinoko/internal/run/client/config.go:72.2,72.39 1 1
github.com/kinoko-dev/kinoko/internal/run/injection/ab.go:23.33,29.2 1 1
github.com/kinoko-dev/kinoko/internal/run/injection/ab.go:55.117,56.16 1 1
github.com/kinoko-dev/kinoko/internal/run/injection/ab.go:56.16,58.3 1 1
github.com/kinoko-dev/kinoko/internal/run/injection/ab.go:59.2,59.58 1 1
github.com/kinoko-dev/kinoko/internal/run/injection/ab.go:59.58,61.3 1 1
github.com/kinoko-dev/kinoko/internal/run/injection/ab.go:62.2,62.31 1 1
github.com/kinoko-dev/kinoko/internal/run/injection/ab.go:62.31,64.3 1 1
github.com/kinoko-dev/kinoko/internal/run/injection/ab.go:65.2,71.3 1 1
github.com/kinoko-dev/kinoko/internal/run/injection/ab.go:75.113,76.24 1 1
github.com/kinoko-dev/kinoko/internal/run/injection/ab.go:76.24,78.3 1 1
github.com/kinoko-dev/kinoko/internal/run/injection/ab.go:80.2,85.16 4 1
github.com/kinoko-dev/kinoko/internal/run/injection/ab.go:85.16,87.3 1 0
github.com/kinoko-dev/kinoko/internal/run/injection/ab.go:89.2,94.50 2 1
github.com/kinoko-dev/kinoko/internal/run/injection/ab.go:94.50,96.34 2 1
github.com/kinoko-dev/kinoko/internal/run/injection/ab.go:96.34,110.80 2 1
github.com/kinoko-dev/kinoko/internal/run/injection/ab.go:110.80,112.5 1 0
github.com/kinoko-dev/kinoko/internal/run/injection/ab.go:116.2,116.16 1 1
github.com/kinoko-dev/kinoko/internal/run/injection/ab.go:116.16,122.3 1 1
github.com/kinoko-dev/kinoko/internal/run/injection/ab.go:124.2,124.18 1 1
github.com/kinoko-dev/kinoko/internal/run/injection/ab.go:127.45,131.32 4 1
github.com/kinoko-dev/kinoko/internal/run/injection/ab.go:131.32,133.3 1 1
github.com/kinoko-dev/kinoko/internal/run/injection/ab.go:134.2,134.25 1 1
github.com/kinoko-dev/kinoko/internal/run/injection/ab.go:138.53,142.2 3 1
github.com/kinoko-dev/kinoko/internal/run/injection/client.go:34.60,35.19 1 1
github.com/kinoko-dev/kinoko/internal/run/injection/client.go:35.19,37.3 1 1
github.com/kinoko-dev/kinoko/internal/run/injection/client.go:38.2,44.3 1 1
github.com/kinoko-dev/kinoko/internal/run/injection/client.go:68.101,70.2 1 1
github.com/kinoko-dev/kinoko/internal/run/injection/client.go:74.131,75.16 1 1
github.com/kinoko-dev/kinoko/internal/run/injection/client.go:75.16,77.3 1 0
github.com/kinoko-dev/kinoko/internal/run/injection/client.go:78.2,78.19 1 1
github.com/kinoko-dev/kinoko/internal/run/injection/client.go:78.19,80.3 1 0
github.com/kinoko-dev/kinoko/internal/run/injection/client.go:82.2,87.16 2 1
github.com/kinoko-dev/kinoko/internal/run/injection/client.go:87.16,89.3 1 0
github.com/kinoko-dev/kinoko/internal/run/injection/client.go:91.2,93.16 3 1
github.com/kinoko-dev/kinoko/internal/run/injection/client.go:93.16,95.3 1 0
github.com/kinoko-dev/kinoko/internal/run/injection/client.go:96.2,99.16 3 1
github.com/kinoko-dev/kinoko/internal/run/injection/client.go:99.16,103.3 2 1
github.com/kinoko-dev/kinoko/internal/run/injection/client.go:104.2,106.38 2 1
github.com/kinoko-dev/kinoko/internal/run/injection/client.go:106.38,109.3 2 1
github.com/kinoko-dev/kinoko/internal/run/injection/client.go:111.2,112.73 2 1
github.com/kinoko-dev/kinoko/internal/run/injection/client.go:112.73,115.3 2 0
github.com/kinoko-dev/kinoko/internal/run/injection/client.go:118.2,119.44 2 1
github.com/kinoko-dev/kinoko/internal/run/injection/client.go:119.44,125.3 1 1
github.com/kinoko-dev/kinoko/internal/run/injection/client.go:127.2,127.42 1 1
github.com/kinoko-dev/kinoko/internal/run/injection/injector.go:60.12,61.16 1 1
github.com/kinoko-dev/kinoko/internal/run/injection/injector.go:61.16,63.3 1 1
github.com/kinoko-dev/kinoko/internal/run/injection/injector.go:64.2,70.3 1 1
github.com/kinoko-dev/kinoko/internal/run/injection/injector.go:73.112,75.20 2 1
github.com/kinoko-dev/kinoko/internal/run/injection/injector.go:75.20,77.3 1 1
github.com/kinoko-dev/kinoko/internal/run/injection/injector.go:80.2,81.16 2 1
github.com/kinoko-dev/kinoko/internal/run/injection/injector.go:81.16,84.3 2 1
github.com/kinoko-dev/kinoko/internal/run/injection/injector.go:87.2,89.25 3 1
github.com/kinoko-dev/kinoko/internal/run/injection/injector.go:89.25,91.17 2 1
github.com/kinoko-dev/kinoko/internal/run/injection/injector.go:91.17,94.4 2 1
github.com/kinoko-dev/kinoko/internal/run/injection/injector.go:95.8,97.3 1 1
github.com/kinoko-dev/kinoko/internal/run/injection/injector.go:99.2,99.14 1 1
github.com/kinoko-dev/kinoko/internal/run/injection/injector.go:99.14,101.3 1 1
github.com/kinoko-dev/kinoko/internal/run/injection/injector.go:104.2,114.16 3 1
github.com/kinoko-dev/kinoko/internal/run/injection/injector.go:114.16,116.3 1 1
github.com/kinoko-dev/kinoko/internal/run/injection/injector.go:118.2,118.26 1 1
github.com/kinoko-dev/kinoko/internal/run/injection/injector.go:118.26,123.3 1 1
github.com/kinoko-dev/kinoko/internal/run/injection/injector.go:126.2,126.14 1 1
github.com/kinoko-dev/kinoko/internal/run/injection/injector.go:126.14,127.29 1 1
github.com/kinoko-dev/kinoko/internal/run/injection/injector.go:127.29,130.4 2 1
github.com/kinoko-dev/kinoko/internal/run/injection/injector.go:131.3,131.64 1 1
github.com/kinoko-dev/kinoko/internal/run/injection/injector.go:131.64,132.43 1 0
github.com/kinoko-dev/kinoko/internal/run/injection/injector.go:132.43,134.5 1 0
github.com/kinoko-dev/kinoko/internal/run/injection/injector.go:135.4,135.43 1 0
github.com/kinoko-dev/kinoko/internal/run/injection/injector.go:135.43,137.5 1 0
github.com/kinoko-dev/kinoko/internal/run/injection/injector.go:138.4,138.12 1 0
github.com/kinoko-dev/kinoko/internal/run/injection/injector.go:144.2,144.33 1 1
github.com/kinoko-dev/kinoko/internal/run/injection/injector.go:144.33,146.3 1 1
github.com/kinoko-dev/kinoko/internal/run/injection/injector.go:149.2,151.31 3 1
github.com/kinoko-dev/kinoko/internal/run/injection/injector.go:151.31,162.52 2 1
github.com/kinoko-dev/kinoko/internal/run/injection/injector.go:162.52,174.81 2 1
github.com/kinoko-dev/kinoko/internal/run/injection/injector.go:174.81,177.5 1 1
github.com/kinoko-dev/kinoko/internal/run/injection/injector.go:181.2,184.8 1 1
github.com/kinoko-dev/kinoko/internal/run/injection/injector.go:188.109,189.18 1 1
github.com/kinoko-dev/kinoko/internal/run/injection/injector.go:189.18,191.3 1 1
github.com/kinoko-dev/kinoko/internal/run/injection/injector.go:193.2,195.16 3 1
github.com/kinoko-dev/kinoko/internal/run/injection/injector.go:195.16,197.3 1 1
github.com/kinoko-dev/kinoko/internal/run/injection/injector.go:199.2,200.16 2 1
github.com/kinoko-dev/kinoko/internal/run/injection/injector.go:200.16,202.3 1 0
github.com/kinoko-dev/kinoko/internal/run/injection/injector.go:205.2,206.34 2 1
github.com/kinoko-dev/kinoko/internal/run/injection/injector.go:206.34,208.3 1 1
github.com/kinoko-dev/kinoko/internal/run/injection/injector.go:211.2,215.36 3 1
github.com/kinoko-dev/kinoko/internal/run/injection/injector.go:215.36,216.33 1 1
github.com/kinoko-dev/kinoko/internal/run/injection/injector.go:216.33,218.4 1 1
github.com/kinoko-dev/kinoko/internal/run/injection/injector.go:220.2,220.34 1 1
github.com/kinoko-dev/kinoko/internal/run/injection/injector.go:220.34,222.3 1 0
github.com/kinoko-dev/kinoko/internal/run/injection/injector.go:224.2,228.8 1 1
github.com/kinoko-dev/kinoko/internal/run/injection/injector.go:237.58,252.2 2 1
github.com/kinoko-dev/kinoko/internal/run/injection/prompt.go:19.57,20.22 1 1
github.com/kinoko-dev/kinoko/internal/run/injection/prompt.go:20.22,22.3 1 1
github.com/kinoko-dev/kinoko/internal/run/injection/prompt.go:24.2,27.27 3 1
github.com/kinoko-dev/kinoko/internal/run/injection/prompt.go:27.27,30.44 2 1
github.com/kinoko-dev/kinoko/internal/run/injection/prompt.go:30.44,32.21 2 1
github.com/kinoko-dev/kinoko/internal/run/injection/prompt.go:32.21,34.5 1 1
github.com/kinoko-dev/kinoko/internal/run/injection/prompt.go:35.4,35.9 1 1
github.com/kinoko-dev/kinoko/internal/run/injection/prompt.go:37.3,37.25 1 1
github.com/kinoko-dev/kinoko/internal/run/injection/prompt.go:40.2,40.19 1 1
github.com/kinoko-dev/kinoko/internal/run/metrics/collector.go:19.42,21.2 1 1
github.com/kinoko-dev/kinoko/internal/run/metrics/collector.go:24.57,26.2 1 1
github.com/kinoko-dev/kinoko/internal/run/sanitize/scanner.go:44.40,45.26 1 1
github.com/kinoko-dev/kinoko/internal/run/sanitize/scanner.go:45.26,45.42 1 1
github.com/kinoko-dev/kinoko/internal/run/sanitize/scanner.go:49.42,50.26 1 1
github.com/kinoko-dev/kinoko/internal/run/sanitize/scanner.go:50.26,50.49 1 1
github.com/kinoko-dev/kinoko/internal/run/sanitize/scanner.go:54.44,55.26 1 1
github.com/kinoko-dev/kinoko/internal/run/sanitize/scanner.go:55.26,55.51 1 1
github.com/kinoko-dev/kinoko/internal/run/sanitize/scanner.go:59.51,60.26 1 1
github.com/kinoko-dev/kinoko/internal/run/sanitize/scanner.go:60.26,60.74 1 1
github.com/kinoko-dev/kinoko/internal/run/sanitize/scanner.go:64.34,140.2 1 1
github.com/kinoko-dev/kinoko/internal/run/sanitize/scanner.go:143.35,150.25 2 1
github.com/kinoko-dev/kinoko/internal/run/sanitize/scanner.go:150.25,152.3 1 1
github.com/kinoko-dev/kinoko/internal/run/sanitize/scanner.go:153.2,153.10 1 1
github.com/kinoko-dev/kinoko/internal/run/sanitize/scanner.go:157.47,161.33 3 1
github.com/kinoko-dev/kinoko/internal/run/sanitize/scanner.go:161.33,162.30 1 1
github.com/kinoko-dev/kinoko/internal/run/sanitize/scanner.go:162.30,164.32 2 1
github.com/kinoko-dev/kinoko/internal/run/sanitize/scanner.go:164.32,168.37 2 1
github.com/kinoko-dev/kinoko/internal/run/sanitize/scanner.go:168.37,170.21 2 1
github.com/kinoko-dev/kinoko/internal/run/sanitize/scanner.go:170.21,172.7 1 0
github.com/kinoko-dev/kinoko/internal/run/sanitize/scanner.go:174.6,174.85 1 1
github.com/kinoko-dev/kinoko/internal/run/sanitize/scanner.go:174.85,175.15 1 1
github.com/kinoko-dev/kinoko/internal/run/sanitize/scanner.go:179.5,179.41 1 1
github.com/kinoko-dev/kinoko/internal/run/sanitize/scanner.go:179.41,180.14 1 1
github.com/kinoko-dev/kinoko/internal/run/sanitize/scanner.go:183.5,189.7 1 1
github.com/kinoko-dev/kinoko/internal/run/sanitize/scanner.go:193.2,193.17 1 1
github.com/kinoko-dev/kinoko/internal/run/sanitize/scanner.go:197.48,198.33 1 1
github.com/kinoko-dev/kinoko/internal/run/sanitize/scanner.go:198.33,199.40 1 1
github.com/kinoko-dev/kinoko/internal/run/sanitize/scanner.go:199.40,201.4 1 1
github.com/kinoko-dev/kinoko/internal/run/sanitize/scanner.go:203.2,203.14 1 1
github.com/kinoko-dev/kinoko/internal/run/sanitize/scanner.go:207.44,209.2 1 1
github.com/kinoko-dev/kinoko/internal/run/sanitize/scanner.go:216.46,218.24 2 1
github.com/kinoko-dev/kinoko/internal/run/sanitize/scanner.go:218.24,220.3 1 1
github.com/kinoko-dev/kinoko/internal/run/sanitize/scanner.go:222.2,223.33 2 1
github.com/kinoko-dev/kinoko/internal/run/sanitize/scanner.go:223.33,224.41 1 1
github.com/kinoko-dev/kinoko/internal/run/sanitize/scanner.go:224.41,225.12 1 1
github.com/kinoko-dev/kinoko/internal/run/sanitize/scanner.go:229.3,230.30 2 1
github.com/kinoko-dev/kinoko/internal/run/sanitize/scanner.go:230.30,231.63 1 1
github.com/kinoko-dev/kinoko/internal/run/sanitize/scanner.go:231.63,233.5 1 1
github.com/kinoko-dev/kinoko/internal/run/sanitize/scanner.go:235.3,235.29 1 1
github.com/kinoko-dev/kinoko/internal/run/sanitize/scanner.go:235.29,236.12 1 1
github.com/kinoko-dev/kinoko/internal/run/sanitize/scanner.go:239.3,239.30 1 1
github.com/kinoko-dev/kinoko/internal/run/sanitize/scanner.go:239.30,240.26 1 1
github.com/kinoko-dev/kinoko/internal/run/sanitize/scanner.go:240.26,241.13 1 1
github.com/kinoko-dev/kinoko/internal/run/sanitize/scanner.go:244.4,244.11 1 1
github.com/kinoko-dev/kinoko/internal/run/sanitize/scanner.go:245.38,248.76 1 0
github.com/kinoko-dev/kinoko/internal/run/sanitize/scanner.go:248.76,252.21 4 0
github.com/kinoko-dev/kinoko/internal/run/sanitize/scanner.go:252.21,254.7 1 0
github.com/kinoko-dev/kinoko/internal/run/sanitize/scanner.go:255.6,255.63 1 0
github.com/kinoko-dev/kinoko/internal/run/sanitize/scanner.go:255.63,257.7 1 0
github.com/kinoko-dev/kinoko/internal/run/sanitize/scanner.go:258.6,258.14 1 0
github.com/kinoko-dev/kinoko/internal/run/sanitize/scanner.go:260.5,260.24 1 0
github.com/kinoko-dev/kinoko/internal/run/sanitize/scanner.go:261.35,264.75 1 1
github.com/kinoko-dev/kinoko/internal/run/sanitize/scanner.go:264.75,266.38 2 1
github.com/kinoko-dev/kinoko/internal/run/sanitize/scanner.go:266.38,268.7 1 1
github.com/kinoko-dev/kinoko/internal/run/sanitize/scanner.go:269.6,269.51 1 0
github.com/kinoko-dev/kinoko/internal/run/sanitize/scanner.go:271.12,273.61 2 1
github.com/kinoko-dev/kinoko/internal/run/sanitize/scanner.go:277.2,277.34 1 1
github.com/kinoko-dev/kinoko/internal/run/sanitize/scanner.go:281.46,283.27 2 1
github.com/kinoko-dev/kinoko/internal/run/sanitize/scanner.go:283.27,285.3 1 1
github.com/kinoko-dev/kinoko/internal/run/sanitize/scanner.go:286.2,286.15 1 1
github.com/kinoko-dev/kinoko/internal/run/sanitize/scanner.go:290.71,292.15 2 1
github.com/kinoko-dev/kinoko/internal/run/sanitize/scanner.go:292.15,294.3 1 1
github.com/kinoko-dev/kinoko/internal/run/sanitize/scanner.go:295.2,296.21 2 1
github.com/kinoko-dev/kinoko/internal/run/sanitize/scanner.go:296.21,298.3 1 1
github.com/kinoko-dev/kinoko/internal/run/sanitize/scanner.go:299.2,300.29 2 1
github.com/kinoko-dev/kinoko/internal/run/sanitize/scanner.go:300.29,301.51 1 1
github.com/kinoko-dev/kinoko/internal/run/sanitize/scanner.go:301.51,303.4 1 1
github.com/kinoko-dev/kinoko/internal/run/sanitize/scanner.go:305.2,305.14 1 1
github.com/kinoko-dev/kinoko/internal/run/sanitize/scanner.go:309.37,310.18 1 1
github.com/kinoko-dev/kinoko/internal/run/sanitize/scanner.go:310.18,312.3 1 0
github.com/kinoko-dev/kinoko/internal/run/sanitize/scanner.go:313.2,314.44 2 1
github.com/kinoko-dev/kinoko/internal/serve/api/decay_api.go:22.76,25.46 3 1
github.com/kinoko-dev/kinoko/internal/serve/api/decay_api.go:25.46,26.53 1 1
github.com/kinoko-dev/kinoko/internal/serve/api/decay_api.go:26.53,28.4 1 1
github.com/kinoko-dev/kinoko/internal/serve/api/decay_api.go:31.2,32.16 2 1
github.com/kinoko-dev/kinoko/internal/serve/api/decay_api.go:32.16,36.3 3 0
github.com/kinoko-dev/kinoko/internal/serve/api/decay_api.go:37.2,37.19 1 1
github.com/kinoko-dev/kinoko/internal/serve/api/decay_api.go:37.19,39.3 1 1
github.com/kinoko-dev/kinoko/internal/serve/api/decay_api.go:40.2,40.64 1 1
github.com/kinoko-dev/kinoko/internal/serve/api/decay_api.go:43.76,45.14 2 1
github.com/kinoko-dev/kinoko/internal/serve/api/decay_api.go:45.14,48.3 2 0
github.com/kinoko-dev/kinoko/internal/serve/api/decay_api.go:50.2,51.61 2 1
github.com/kinoko-dev/kinoko/internal/serve/api/decay_api.go:51.61,54.3 2 1
github.com/kinoko-dev/kinoko/internal/serve/api/decay_api.go:56.2,56.50 1 1
github.com/kinoko-dev/kinoko/internal/serve/api/decay_api.go:56.50,59.3 2 1
github.com/kinoko-dev/kinoko/internal/serve/api/decay_api.go:61.2,61.77 1 1
github.com/kinoko-dev/kinoko/internal/serve/api/decay_api.go:61.77,62.40 1 1
github.com/kinoko-dev/kinoko/internal/serve/api/decay_api.go:62.40,65.4 2 1
github.com/kinoko-dev/kinoko/internal/serve/api/decay_api.go:66.3,68.9 3 0
github.com/kinoko-dev/kinoko/internal/serve/api/decay_api.go:70.2,70.63 1 1
github.com/kinoko-dev/kinoko/internal/serve/api/embed.go:23.58,26.19 2 0
github.com/kinoko-dev/kinoko/internal/serve/api/embed.go:26.19,28.3 1 0
github.com/kinoko-dev/kinoko/internal/serve/api/embed.go:31.70,32.26 1 1
github.com/kinoko-dev/kinoko/internal/serve/api/embed.go:32.26,35.3 2 1
github.com/kinoko-dev/kinoko/internal/serve/api/embed.go:37.2,40.61 3 1
github.com/kinoko-dev/kinoko/internal/serve/api/embed.go:40.61,43.3 2 1
github.com/kinoko-dev/kinoko/internal/serve/api/embed.go:44.2,44.20 1 1
github.com/kinoko-dev/kinoko/internal/serve/api/embed.go:44.20,47.3 2 1
github.com/kinoko-dev/kinoko/internal/serve/api/embed.go:49.2,50.16 2 1
github.com/kinoko-dev/kinoko/internal/serve/api/embed.go:50.16,54.3 3 0
github.com/kinoko-dev/kinoko/internal/serve/api/embed.go:56.2,60.4 1 1
github.com/kinoko-dev/kinoko/internal/serve/api/server.go:87.30,88.23 1 1
github.com/kinoko-dev/kinoko/internal/serve/api/server.go:88.23,90.3 1 1
github.com/kinoko-dev/kinoko/internal/serve/api/server.go:93.2,118.10 10 1
github.com/kinoko-dev/kinoko/internal/serve/api/server.go:124.32,126.16 2 1
github.com/kinoko-dev/kinoko/internal/serve/api/server.go:126.16,128.3 1 0
github.com/kinoko-dev/kinoko/internal/serve/api/server.go:129.2,130.12 2 1
github.com/kinoko-dev/kinoko/internal/serve/api/server.go:130.12,131.79 1 1
github.com/kinoko-dev/kinoko/internal/serve/api/server.go:131.79,133.4 1 0
github.com/kinoko-dev/kinoko/internal/serve/api/server.go:135.2,135.12 1 1
github.com/kinoko-dev/kinoko/internal/serve/api/server.go:139.50,141.2 1 1
github.com/kinoko-dev/kinoko/internal/serve/api/server.go:144.32,146.2 1 1
github.com/kinoko-dev/kinoko/internal/serve/api/server.go:148.71,151.20 2 1
github.com/kinoko-dev/kinoko/internal/serve/api/server.go:151.20,152.61 1 1
github.com/kinoko-dev/kinoko/internal/serve/api/server.go:152.61,154.4 1 1
github.com/kinoko-dev/kinoko/internal/serve/api/server.go:156.2,156.35 1 1
github.com/kinoko-dev/kinoko/internal/serve/api/server.go:161.73,163.61 2 1
github.com/kinoko-dev/kinoko/internal/serve/api/server.go:163.61,166.3 2 1
github.com/kinoko-dev/kinoko/internal/serve/api/server.go:169.2,169.31 1 1
github.com/kinoko-dev/kinoko/internal/serve/api/server.go:169.31,172.3 2 0
github.com/kinoko-dev/kinoko/internal/serve/api/server.go:173.2,173.28 1 1
github.com/kinoko-dev/kinoko/internal/serve/api/server.go:173.28,176.3 2 0
github.com/kinoko-dev/kinoko/internal/serve/api/server.go:177.2,177.30 1 1
github.com/kinoko-dev/kinoko/internal/serve/api/server.go:177.30,180.3 2 0
github.com/kinoko-dev/kinoko/internal/serve/api/server.go:183.2,183.75 1 1
github.com/kinoko-dev/kinoko/internal/serve/api/server.go:183.75,186.3 2 1
github.com/kinoko-dev/kinoko/internal/serve/api/server.go:189.2,190.16 2 1
github.com/kinoko-dev/kinoko/internal/serve/api/server.go:190.16,192.3 1 1
github.com/kinoko-dev/kinoko/internal/serve/api/server.go:193.2,193.16 1 1
github.com/kinoko-dev/kinoko/internal/serve/api/server.go:193.16,195.3 1 1
github.com/kinoko-dev/kinoko/internal/serve/api/server.go:198.2,199.49 2 1
github.com/kinoko-dev/kinoko/internal/serve/api/server.go:199.49,200.24 1 1
github.com/kinoko-dev/kinoko/internal/serve/api/server.go:200.24,203.4 2 0
github.com/kinoko-dev/kinoko/internal/serve/api/server.go:204.3,205.17 2 1
github.com/kinoko-dev/kinoko/internal/serve/api/server.go:205.17,209.4 3 1
github.com/kinoko-dev/kinoko/internal/serve/api/server.go:210.3,210.18 1 1
github.com/kinoko-dev/kinoko/internal/serve/api/server.go:211.8,211.35 1 0
github.com/kinoko-dev/kinoko/internal/serve/api/server.go:211.35,214.35 2 0
github.com/kinoko-dev/kinoko/internal/serve/api/server.go:214.35,216.4 1 0
github.com/kinoko-dev/kinoko/internal/serve/api/server.go:219.2,219.50 1 1
github.com/kinoko-dev/kinoko/internal/serve/api/server.go:222.129,224.9 1 1
github.com/kinoko-dev/kinoko/internal/serve/api/server.go:225.35,226.16 1 1
github.com/kinoko-dev/kinoko/internal/serve/api/server.go:226.16,226.35 1 1
github.com/kinoko-dev/kinoko/internal/serve/api/server.go:227.10,229.9 2 0
github.com/kinoko-dev/kinoko/internal/serve/api/server.go:233.2,243.16 3 1
github.com/kinoko-dev/kinoko/internal/serve/api/server.go:243.16,247.3 3 0
github.com/kinoko-dev/kinoko/internal/serve/api/server.go:249.2,250.33 2 1
github.com/kinoko-dev/kinoko/internal/serve/api/server.go:250.33,252.21 2 0
github.com/kinoko-dev/kinoko/internal/serve/api/server.go:252.21,254.4 1 0
github.com/kinoko-dev/kinoko/internal/serve/api/server.go:255.3,261.5 1 0
github.com/kinoko-dev/kinoko/internal/serve/api/server.go:264.2,264.63 1 1
github.com/kinoko-dev/kinoko/internal/serve/api/server.go:269.71,273.61 3 1
github.com/kinoko-dev/kinoko/internal/serve/api/server.go:273.61,276.3 2 1
github.com/kinoko-dev/kinoko/internal/serve/api/server.go:279.2,279.40 1 1
github.com/kinoko-dev/kinoko/internal/serve/api/server.go:279.40,282.3 2 1
github.com/kinoko-dev/kinoko/internal/serve/api/server.go:284.2,284.55 1 1
github.com/kinoko-dev/kinoko/internal/serve/api/server.go:284.55,287.3 2 1
github.com/kinoko-dev/kinoko/internal/serve/api/server.go:289.2,289.22 1 1
github.com/kinoko-dev/kinoko/internal/serve/api/server.go:289.22,292.3 2 1
github.com/kinoko-dev/kinoko/internal/serve/api/server.go:295.2,295.12 1 1
github.com/kinoko-dev/kinoko/internal/serve/api/server.go:295.12,298.59 3 1
github.com/kinoko-dev/kinoko/internal/serve/api/server.go:298.59,300.4 1 1
github.com/kinoko-dev/kinoko/internal/serve/api/server.go:303.2,303.94 1 1
github.com/kinoko-dev/kinoko/internal/serve/api/server.go:306.58,309.53 3 1
github.com/kinoko-dev/kinoko/internal/serve/api/server.go:309.53,311.3 1 0
github.com/kinoko-dev/kinoko/internal/run/llm/anthropic.go:27.89,28.19 1 1
github.com/kinoko-dev/kinoko/internal/run/llm/anthropic.go:28.19,30.3 1 1
github.com/kinoko-dev/kinoko/internal/run/llm/anthropic.go:31.2,39.27 2 1
github.com/kinoko-dev/kinoko/internal/run/llm/anthropic.go:39.27,43.28 3 1
github.com/kinoko-dev/kinoko/internal/run/llm/anthropic.go:43.28,45.4 1 1
github.com/kinoko-dev/kinoko/internal/run/llm/anthropic.go:47.2,47.10 1 1
github.com/kinoko-dev/kinoko/internal/run/llm/anthropic.go:79.88,81.16 2 1
github.com/kinoko-dev/kinoko/internal/run/llm/anthropic.go:81.16,83.3 1 1
github.com/kinoko-dev/kinoko/internal/run/llm/anthropic.go:84.2,84.28 1 1
github.com/kinoko-dev/kinoko/internal/run/llm/anthropic.go:88.134,92.2 3 1
github.com/kinoko-dev/kinoko/internal/run/llm/anthropic.go:94.116,104.16 3 1
github.com/kinoko-dev/kinoko/internal/run/llm/anthropic.go:104.16,106.3 1 0
github.com/kinoko-dev/kinoko/internal/run/llm/anthropic.go:108.2,109.16 2 1
github.com/kinoko-dev/kinoko/internal/run/llm/anthropic.go:109.16,111.3 1 0
github.com/kinoko-dev/kinoko/internal/run/llm/anthropic.go:112.2,117.16 5 1
github.com/kinoko-dev/kinoko/internal/run/llm/anthropic.go:117.16,119.3 1 1
github.com/kinoko-dev/kinoko/internal/run/llm/anthropic.go:120.2,122.28 2 1
github.com/kinoko-dev/kinoko/internal/run/llm/anthropic.go:122.28,126.3 3 1
github.com/kinoko-dev/kinoko/internal/run/llm/anthropic.go:128.2,129.67 2 1
github.com/kinoko-dev/kinoko/internal/run/llm/anthropic.go:129.67,131.3 1 1
github.com/kinoko-dev/kinoko/internal/run/llm/anthropic.go:133.2,133.25 1 1
github.com/kinoko-dev/kinoko/internal/run/llm/anthropic.go:133.25,135.3 1 1
github.com/kinoko-dev/kinoko/internal/run/llm/anthropic.go:137.2,137.30 1 1
github.com/kinoko-dev/kinoko/internal/run/llm/anthropic.go:137.30,139.3 1 1
github.com/kinoko-dev/kinoko/internal/run/llm/anthropic.go:142.2,142.39 1 1
github.com/kinoko-dev/kinoko/internal/run/llm/anthropic.go:142.39,143.27 1 1
github.com/kinoko-dev/kinoko/internal/run/llm/anthropic.go:143.27,149.4 1 1
github.com/kinoko-dev/kinoko/internal/run/llm/anthropic.go:152.2,152.55 1 1
github.com/kinoko-dev/kinoko/internal/run/llm/errors.go:16.35,18.2 1 1
github.com/kinoko-dev/kinoko/internal/run/llm/errors.go:21.34,22.16 1 1
github.com/kinoko-dev/kinoko/internal/run/llm/errors.go:22.16,24.3 1 1
github.com/kinoko-dev/kinoko/internal/run/llm/errors.go:25.2,26.29 2 1
github.com/kinoko-dev/kinoko/internal/run/llm/errors.go:26.29,29.3 1 1
github.com/kinoko-dev/kinoko/internal/run/llm/errors.go:30.2,30.20 1 1
github.com/kinoko-dev/kinoko/internal/run/llm/errors.go:30.20,32.3 1 1
github.com/kinoko-dev/kinoko/internal/run/llm/errors.go:33.2,34.45 2 1
github.com/kinoko-dev/kinoko/internal/run/llm/errors.go:38.32,39.16 1 1
github.com/kinoko-dev/kinoko/internal/run/llm/errors.go:39.16,41.3 1 1
github.com/kinoko-dev/kinoko/internal/run/llm/errors.go:42.2,42.46 1 1
github.com/kinoko-dev/kinoko/internal/run/llm/errors.go:42.46,44.3 1 1
github.com/kinoko-dev/kinoko/internal/run/llm/errors.go:45.2,47.35 2 1
github.com/kinoko-dev/kinoko/internal/run/llm/errors.go:51.34,52.16 1 1
github.com/kinoko-dev/kinoko/internal/run/llm/errors.go:52.16,54.3 1 1
github.com/kinoko-dev/kinoko/internal/run/llm/errors.go:55.2,56.29 2 1
github.com/kinoko-dev/kinoko/internal/run/llm/errors.go:56.29,58.3 1 1
github.com/kinoko-dev/kinoko/internal/run/llm/errors.go:59.2,60.44 2 1
github.com/kinoko-dev/kinoko/internal/run/llm/factory.go:7.78,8.18 1 1
github.com/kinoko-dev/kinoko/internal/run/llm/factory.go:9.20,10.54 1 1
github.com/kinoko-dev/kinoko/internal/run/llm/factory.go:11.19,12.57 1 1
github.com/kinoko-dev/kinoko/internal/run/llm/factory.go:13.10,14.67 1 1
github.com/kinoko-dev/kinoko/internal/run/llm/openai.go:16.44,17.31 1 1
github.com/kinoko-dev/kinoko/internal/run/llm/openai.go:17.31,19.3 1 1
github.com/kinoko-dev/kinoko/internal/run/llm/openai.go:32.83,33.19 1 1
github.com/kinoko-dev/kinoko/internal/run/llm/openai.go:33.19,35.3 1 1
github.com/kinoko-dev/kinoko/internal/run/llm/openai.go:36.2,42.27 2 1
github.com/kinoko-dev/kinoko/internal/run/llm/openai.go:42.27,44.3 1 1
github.com/kinoko-dev/kinoko/internal/run/llm/openai.go:45.2,45.10 1 1
github.com/kinoko-dev/kinoko/internal/run/llm/openai.go:49.85,51.2 1 1
github.com/kinoko-dev/kinoko/internal/run/llm/openai.go:53.85,63.16 3 1
github.com/kinoko-dev/kinoko/internal/run/llm/openai.go:63.16,65.3 1 0
github.com/kinoko-dev/kinoko/internal/run/llm/openai.go:67.2,68.16 2 1
github.com/kinoko-dev/kinoko/internal/run/llm/openai.go:68.16,70.3 1 0
github.com/kinoko-dev/kinoko/internal/run/llm/openai.go:71.2,75.16 4 1
github.com/kinoko-dev/kinoko/internal/run/llm/openai.go:75.16,77.3 1 0
github.com/kinoko-dev/kinoko/internal/run/llm/openai.go:78.2,80.28 2 1
github.com/kinoko-dev/kinoko/internal/run/llm/openai.go:80.28,84.3 3 1
github.com/kinoko-dev/kinoko/internal/run/llm/openai.go:86.2,97.67 2 1
github.com/kinoko-dev/kinoko/internal/run/llm/openai.go:97.67,99.3 1 1
github.com/kinoko-dev/kinoko/internal/run/llm/openai.go:100.2,100.30 1 1
github.com/kinoko-dev/kinoko/internal/run/llm/openai.go:100.30,102.3 1 1
github.com/kinoko-dev/kinoko/internal/run/llm/openai.go:103.2,103.47 1 1
github.com/kinoko-dev/kinoko/internal/run/llm/openai.go:107.131,120.16 5 1
github.com/kinoko-dev/kinoko/internal/run/llm/openai.go:120.16,122.3 1 0
github.com/kinoko-dev/kinoko/internal/run/llm/openai.go:124.2,125.16 2 1
github.com/kinoko-dev/kinoko/internal/run/llm/openai.go:125.16,127.3 1 0
github.com/kinoko-dev/kinoko/internal/run/llm/openai.go:128.2,132.16 4 1
github.com/kinoko-dev/kinoko/internal/run/llm/openai.go:132.16,134.3 1 1
github.com/kinoko-dev/kinoko/internal/run/llm/openai.go:135.2,137.28 2 1
github.com/kinoko-dev/kinoko/internal/run/llm/openai.go:137.28,141.3 3 1
github.com/kinoko-dev/kinoko/internal/run/llm/openai.go:143.2,154.67 2 1
github.com/kinoko-dev/kinoko/internal/run/llm/openai.go:154.67,156.3 1 1
github.com/kinoko-dev/kinoko/internal/run/llm/openai.go:157.2,157.30 1 1
github.com/kinoko-dev/kinoko/internal/run/llm/openai.go:157.30,159.3 1 1
github.com/kinoko-dev/kinoko/internal/run/llm/openai.go:160.2,164.8 1 1
github.com/kinoko-dev/kinoko/internal/run/queue/queue.go:29.89,31.2 1 1
github.com/kinoko-dev/kinoko/internal/run/queue/queue.go:33.35,35.2 1 1
github.com/kinoko-dev/kinoko/internal/run/queue/queue.go:39.100,41.48 2 1
github.com/kinoko-dev/kinoko/internal/run/queue/queue.go:41.48,43.3 1 0
github.com/kinoko-dev/kinoko/internal/run/queue/queue.go:44.2,45.65 2 1
github.com/kinoko-dev/kinoko/internal/run/queue/queue.go:45.65,47.3 1 0
github.com/kinoko-dev/kinoko/internal/run/queue/queue.go:49.2,51.16 3 1
github.com/kinoko-dev/kinoko/internal/run/queue/queue.go:51.16,54.3 2 0
github.com/kinoko-dev/kinoko/internal/run/queue/queue.go:55.2,55.15 1 1
github.com/kinoko-dev/kinoko/internal/run/queue/queue.go:55.15,55.36 1 1
github.com/kinoko-dev/kinoko/internal/run/queue/queue.go:58.2,59.123 2 1
github.com/kinoko-dev/kinoko/internal/run/queue/queue.go:59.123,62.3 2 0
github.com/kinoko-dev/kinoko/internal/run/queue/queue.go:63.2,63.39 1 1
github.com/kinoko-dev/kinoko/internal/run/queue/queue.go:63.39,66.3 2 1
github.com/kinoko-dev/kinoko/internal/run/queue/queue.go:67.2,67.38 1 1
github.com/kinoko-dev/kinoko/internal/run/queue/queue.go:67.38,69.3 1 1
github.com/kinoko-dev/kinoko/internal/run/queue/queue.go:72.2,83.16 2 1
github.com/kinoko-dev/kinoko/internal/run/queue/queue.go:83.16,86.3 2 1
github.com/kinoko-dev/kinoko/internal/run/queue/queue.go:89.2,94.16 2 1
github.com/kinoko-dev/kinoko/internal/run/queue/queue.go:94.16,97.3 2 0
github.com/kinoko-dev/kinoko/internal/run/queue/queue.go:99.2,99.36 1 1
github.com/kinoko-dev/kinoko/internal/run/queue/queue.go:99.36,102.3 2 0
github.com/kinoko-dev/kinoko/internal/run/queue/queue.go:103.2,103.12 1 1
github.com/kinoko-dev/kinoko/internal/run/queue/queue.go:107.89,124.111 4 1
github.com/kinoko-dev/kinoko/internal/run/queue/queue.go:124.111,125.36 1 1
github.com/kinoko-dev/kinoko/internal/run/queue/queue.go:125.36,127.4 1 1
github.com/kinoko-dev/kinoko/internal/run/queue/queue.go:128.3,128.43 1 0
github.com/kinoko-dev/kinoko/internal/run/queue/queue.go:130.2,130.20 1 1
github.com/kinoko-dev/kinoko/internal/run/queue/queue.go:134.103,137.44 3 1
github.com/kinoko-dev/kinoko/internal/run/queue/queue.go:137.44,139.3 1 1
github.com/kinoko-dev/kinoko/internal/run/queue/queue.go:140.2,147.16 2 1
github.com/kinoko-dev/kinoko/internal/run/queue/queue.go:147.16,149.3 1 0
github.com/kinoko-dev/kinoko/internal/run/queue/queue.go:150.2,150.12 1 1
github.com/kinoko-dev/kinoko/internal/run/queue/queue.go:154.82,157.20 3 1
github.com/kinoko-dev/kinoko/internal/run/queue/queue.go:157.20,159.3 1 1
github.com/kinoko-dev/kinoko/internal/run/queue/queue.go:160.2,174.16 4 1
github.com/kinoko-dev/kinoko/internal/run/queue/queue.go:174.16,176.3 1 0
github.com/kinoko-dev/kinoko/internal/run/queue/queue.go:177.2,177.12 1 1
github.com/kinoko-dev/kinoko/internal/run/queue/queue.go:181.91,184.20 3 1
github.com/kinoko-dev/kinoko/internal/run/queue/queue.go:184.20,186.3 1 1
github.com/kinoko-dev/kinoko/internal/run/queue/queue.go:187.2,196.16 2 1
github.com/kinoko-dev/kinoko/internal/run/queue/queue.go:196.16,198.3 1 0
github.com/kinoko-dev/kinoko/internal/run/queue/queue.go:199.2,199.12 1 1
github.com/kinoko-dev/kinoko/internal/run/queue/queue.go:203.57,206.123 3 1
github.com/kinoko-dev/kinoko/internal/run/queue/queue.go:206.123,208.3 1 0
github.com/kinoko-dev/kinoko/internal/run/queue/queue.go:209.2,209.19 1 1
github.com/kinoko-dev/kinoko/internal/run/queue/queue.go:213.93,224.16 4 1
github.com/kinoko-dev/kinoko/internal/run/queue/queue.go:224.16,226.3 1 0
github.com/kinoko-dev/kinoko/internal/run/queue/queue.go:227.2,228.16 2 1
github.com/kinoko-dev/kinoko/internal/run/queue/queue.go:228.16,230.3 1 0
github.com/kinoko-dev/kinoko/internal/run/queue/queue.go:231.2,231.20 1 1
github.com/kinoko-dev/kinoko/internal/run/queue/session.go:29.97,40.16 3 1
github.com/kinoko-dev/kinoko/internal/run/queue/session.go:40.16,41.36 1 1
github.com/kinoko-dev/kinoko/internal/run/queue/session.go:41.36,43.4 1 1
github.com/kinoko-dev/kinoko/internal/run/queue/session.go:44.3,44.65 1 0
github.com/kinoko-dev/kinoko/internal/run/queue/session.go:46.2,46.16 1 1
github.com/kinoko-dev/kinoko/internal/run/queue/session.go:50.86,61.16 2 1
github.com/kinoko-dev/kinoko/internal/run/queue/session.go:61.16,63.3 1 0
github.com/kinoko-dev/kinoko/internal/run/queue/session.go:64.2,64.12 1 1
github.com/kinoko-dev/kinoko/internal/run/queue/store.go:24.38,26.16 2 1
github.com/kinoko-dev/kinoko/internal/run/queue/store.go:26.16,28.3 1 0
github.com/kinoko-dev/kinoko/internal/run/queue/store.go:31.2,38.28 3 1
github.com/kinoko-dev/kinoko/internal/run/queue/store.go:38.28,39.39 1 1
github.com/kinoko-dev/kinoko/internal/run/queue/store.go:39.39,42.4 2 0
github.com/kinoko-dev/kinoko/internal/run/queue/store.go:45.2,45.40 1 1
github.com/kinoko-dev/kinoko/internal/run/queue/store.go:45.40,48.3 2 0
github.com/kinoko-dev/kinoko/internal/run/queue/store.go:50.2,50.28 1 1
github.com/kinoko-dev/kinoko/internal/run/queue/store.go:54.30,54.45 1 1
github.com/kinoko-dev/kinoko/internal/run/queue/store.go:57.31,57.54 1 1
github.com/kinoko-dev/kinoko/internal/serve/gitserver/binary.go:10.40,12.16 2 0
github.com/kinoko-dev/kinoko/internal/serve/gitserver/binary.go:12.16,14.3 1 0
github.com/kinoko-dev/kinoko/internal/serve/gitserver/binary.go:15.2,15.18 1 0
github.com/kinoko-dev/kinoko/internal/serve/gitserver/committer.go:37.60,38.23 1 1
github.com/kinoko-dev/kinoko/internal/serve/gitserver/committer.go:38.23,40.3 1 1
github.com/kinoko-dev/kinoko/internal/serve/gitserver/committer.go:41.2,45.3 1 1
github.com/kinoko-dev/kinoko/internal/serve/gitserver/committer.go:51.59,54.2 2 1
github.com/kinoko-dev/kinoko/internal/serve/gitserver/committer.go:56.130,65.66 6 0
github.com/kinoko-dev/kinoko/internal/serve/gitserver/committer.go:65.66,66.28 1 0
github.com/kinoko-dev/kinoko/internal/serve/gitserver/committer.go:66.28,68.4 1 0
github.com/kinoko-dev/kinoko/internal/serve/gitserver/committer.go:72.2,72.64 1 0
github.com/kinoko-dev/kinoko/internal/serve/gitserver/committer.go:72.64,74.3 1 0
github.com/kinoko-dev/kinoko/internal/serve/gitserver/committer.go:77.2,78.55 2 0
github.com/kinoko-dev/kinoko/internal/serve/gitserver/committer.go:78.55,80.3 1 0
github.com/kinoko-dev/kinoko/internal/serve/gitserver/committer.go:81.2,81.89 1 0
github.com/kinoko-dev/kinoko/internal/serve/gitserver/committer.go:81.89,83.3 1 0
github.com/kinoko-dev/kinoko/internal/serve/gitserver/committer.go:86.2,87.16 2 0
github.com/kinoko-dev/kinoko/internal/serve/gitserver/committer.go:87.16,89.3 1 0
github.com/kinoko-dev/kinoko/internal/serve/gitserver/committer.go:91.2,92.18 2 0
github.com/kinoko-dev/kinoko/internal/serve/gitserver/committer.go:96.91,101.67 4 1
github.com/kinoko-dev/kinoko/internal/serve/gitserver/committer.go:101.67,107.17 5 1
github.com/kinoko-dev/kinoko/internal/serve/gitserver/committer.go:107.17,109.4 1 1
github.com/kinoko-dev/kinoko/internal/serve/gitserver/committer.go:110.3,110.13 1 0
github.com/kinoko-dev/kinoko/internal/serve/gitserver/committer.go:114.2,114.66 1 0
github.com/kinoko-dev/kinoko/internal/serve/gitserver/committer.go:114.66,116.3 1 0
github.com/kinoko-dev/kinoko/internal/serve/gitserver/committer.go:117.2,119.48 3 0
github.com/kinoko-dev/kinoko/internal/serve/gitserver/committer.go:119.48,123.76 1 0
github.com/kinoko-dev/kinoko/internal/serve/gitserver/committer.go:123.76,126.4 1 0
github.com/kinoko-dev/kinoko/internal/serve/gitserver/committer.go:128.3,128.60 1 0
github.com/kinoko-dev/kinoko/internal/serve/gitserver/committer.go:130.2,130.12 1 0
github.com/kinoko-dev/kinoko/internal/serve/gitserver/committer.go:134.102,135.52 1 1
github.com/kinoko-dev/kinoko/internal/serve/gitserver/committer.go:135.52,137.3 1 0
github.com/kinoko-dev/kinoko/internal/serve/gitserver/committer.go:138.2,142.4 2 1
github.com/kinoko-dev/kinoko/internal/serve/gitserver/committer.go:142.4,146.51 4 1
github.com/kinoko-dev/kinoko/internal/serve/gitserver/committer.go:146.51,148.4 1 0
github.com/kinoko-dev/kinoko/internal/serve/gitserver/committer.go:150.2,150.12 1 1
github.com/kinoko-dev/kinoko/internal/serve/gitserver/committer.go:154.100,169.53 7 1
github.com/kinoko-dev/kinoko/internal/serve/gitserver/committer.go:169.53,171.3 1 0
github.com/kinoko-dev/kinoko/internal/serve/gitserver/committer.go:174.2,177.38 4 1
github.com/kinoko-dev/kinoko/internal/serve/gitserver/committer.go:177.38,183.47 5 1
github.com/kinoko-dev/kinoko/internal/serve/gitserver/committer.go:183.47,185.4 1 0
github.com/kinoko-dev/kinoko/internal/serve/gitserver/committer.go:186.3,186.46 1 1
github.com/kinoko-dev/kinoko/internal/serve/gitserver/committer.go:190.2,193.4 1 0
github.com/kinoko-dev/kinoko/internal/serve/gitserver/committer.go:193.4,198.17 5 0
github.com/kinoko-dev/kinoko/internal/serve/gitserver/committer.go:198.17,200.4 1 0
github.com/kinoko-dev/kinoko/internal/serve/gitserver/committer.go:204.2,208.34 5 0
github.com/kinoko-dev/kinoko/internal/serve/gitserver/committer.go:208.34,210.3 1 0
github.com/kinoko-dev/kinoko/internal/serve/gitserver/committer.go:211.2,211.45 1 0
github.com/kinoko-dev/kinoko/internal/serve/gitserver/committer.go:215.38,218.2 1 1
github.com/kinoko-dev/kinoko/internal/serve/gitserver/hooks.go:15.49,16.41 1 1
github.com/kinoko-dev/kinoko/internal/serve/gitserver/hooks.go:16.41,18.3 1 1
github.com/kinoko-dev/kinoko/internal/serve/gitserver/hooks.go:19.2,19.12 1 1
github.com/kinoko-dev/kinoko/internal/serve/gitserver/hooks.go:24.68,26.61 1 1
github.com/kinoko-dev/kinoko/internal/serve/gitserver/hooks.go:26.61,28.3 1 1
github.com/kinoko-dev/kinoko/internal/serve/gitserver/hooks.go:29.2,29.71 1 1
github.com/kinoko-dev/kinoko/internal/serve/gitserver/hooks.go:29.71,31.3 1 1
github.com/kinoko-dev/kinoko/internal/serve/gitserver/hooks.go:33.2,34.53 2 1
github.com/kinoko-dev/kinoko/internal/serve/gitserver/hooks.go:34.53,36.3 1 0
github.com/kinoko-dev/kinoko/internal/serve/gitserver/hooks.go:38.2,77.4 3 1
github.com/kinoko-dev/kinoko/internal/serve/gitserver/hooks.go:77.4,80.68 2 1
github.com/kinoko-dev/kinoko/internal/serve/gitserver/hooks.go:80.68,82.4 1 0
github.com/kinoko-dev/kinoko/internal/serve/gitserver/hooks.go:85.2,85.12 1 1
github.com/kinoko-dev/kinoko/internal/serve/gitserver/hooks.go:95.56,96.18 1 1
github.com/kinoko-dev/kinoko/internal/serve/gitserver/hooks.go:96.18,98.3 1 1
github.com/kinoko-dev/kinoko/internal/serve/gitserver/hooks.go:99.2,104.66 4 1
github.com/kinoko-dev/kinoko/internal/serve/gitserver/hooks.go:104.66,106.3 1 1
github.com/kinoko-dev/kinoko/internal/serve/gitserver/hooks.go:107.2,107.13 1 1
github.com/kinoko-dev/kinoko/internal/serve/gitserver/keys.go:19.52,24.51 3 1
github.com/kinoko-dev/kinoko/internal/serve/gitserver/keys.go:24.51,25.51 1 1
github.com/kinoko-dev/kinoko/internal/serve/gitserver/keys.go:25.51,28.4 2 1
github.com/kinoko-dev/kinoko/internal/serve/gitserver/keys.go:31.2,41.34 3 1
github.com/kinoko-dev/kinoko/internal/serve/gitserver/keys.go:41.34,43.3 1 0
github.com/kinoko-dev/kinoko/internal/serve/gitserver/keys.go:46.2,46.64 1 1
github.com/kinoko-dev/kinoko/internal/serve/gitserver/keys.go:46.64,48.3 1 0
github.com/kinoko-dev/kinoko/internal/serve/gitserver/keys.go:50.2,50.66 1 1
github.com/kinoko-dev/kinoko/internal/serve/gitserver/keys.go:50.66,52.3 1 0
github.com/kinoko-dev/kinoko/internal/serve/gitserver/keys.go:54.2,55.28 2 1
github.com/kinoko-dev/kinoko/internal/serve/gitserver/keys.go:59.54,63.16 3 1
github.com/kinoko-dev/kinoko/internal/serve/gitserver/keys.go:63.16,65.3 1 1
github.com/kinoko-dev/kinoko/internal/serve/gitserver/keys.go:68.2,69.57 2 1
github.com/kinoko-dev/kinoko/internal/serve/gitserver/keys.go:69.57,71.3 1 1
github.com/kinoko-dev/kinoko/internal/serve/gitserver/keys.go:73.2,73.21 1 1
github.com/kinoko-dev/kinoko/internal/serve/gitserver/server.go:43.82,47.2 3 1
github.com/kinoko-dev/kinoko/internal/serve/gitserver/server.go:50.53,51.16 1 1
github.com/kinoko-dev/kinoko/internal/serve/gitserver/server.go:51.16,53.3 1 1
github.com/kinoko-dev/kinoko/internal/serve/gitserver/server.go:56.2,57.16 2 0
github.com/kinoko-dev/kinoko/internal/serve/gitserver/server.go:57.16,59.3 1 0
github.com/kinoko-dev/kinoko/internal/serve/gitserver/server.go:62.2,63.51 2 0
github.com/kinoko-dev/kinoko/internal/serve/gitserver/server.go:63.51,65.3 1 0
github.com/kinoko-dev/kinoko/internal/serve/gitserver/server.go:67.2,72.8 1 0
github.com/kinoko-dev/kinoko/internal/serve/gitserver/server.go:76.32,84.16 3 0
github.com/kinoko-dev/kinoko/internal/serve/gitserver/server.go:84.16,86.3 1 0
github.com/kinoko-dev/kinoko/internal/serve/gitserver/server.go:87.2,91.16 3 0
github.com/kinoko-dev/kinoko/internal/serve/gitserver/server.go:91.16,93.3 1 0
github.com/kinoko-dev/kinoko/internal/serve/gitserver/server.go:96.2,111.38 7 0
github.com/kinoko-dev/kinoko/internal/serve/gitserver/server.go:111.38,113.3 1 0
github.com/kinoko-dev/kinoko/internal/serve/gitserver/server.go:115.2,119.12 3 0
github.com/kinoko-dev/kinoko/internal/serve/gitserver/server.go:119.12,121.3 1 0
github.com/kinoko-dev/kinoko/internal/serve/gitserver/server.go:124.2,124.41 1 0
github.com/kinoko-dev/kinoko/internal/serve/gitserver/server.go:124.41,126.27 1 0
github.com/kinoko-dev/kinoko/internal/serve/gitserver/server.go:126.27,128.4 1 0
github.com/kinoko-dev/kinoko/internal/serve/gitserver/server.go:129.3,129.68 1 0
github.com/kinoko-dev/kinoko/internal/serve/gitserver/server.go:132.2,136.12 2 0
github.com/kinoko-dev/kinoko/internal/serve/gitserver/server.go:141.39,145.34 3 0
github.com/kinoko-dev/kinoko/internal/serve/gitserver/server.go:145.34,147.10 1 0
github.com/kinoko-dev/kinoko/internal/serve/gitserver/server.go:148.27,149.18 1 0
github.com/kinoko-dev/kinoko/internal/serve/gitserver/server.go:149.18,151.5 1 0
github.com/kinoko-dev/kinoko/internal/serve/gitserver/server.go:152.4,152.62 1 0
github.com/kinoko-dev/kinoko/internal/serve/gitserver/server.go:153.11,153.11 0 0
github.com/kinoko-dev/kinoko/internal/serve/gitserver/server.go:157.3,165.39 2 0
github.com/kinoko-dev/kinoko/internal/serve/gitserver/server.go:165.39,167.4 1 0
github.com/kinoko-dev/kinoko/internal/serve/gitserver/server.go:169.3,169.37 1 0
github.com/kinoko-dev/kinoko/internal/serve/gitserver/server.go:173.2,173.26 1 0
github.com/kinoko-dev/kinoko/internal/serve/gitserver/server.go:173.26,175.3 1 0
github.com/kinoko-dev/kinoko/internal/serve/gitserver/server.go:176.2,176.83 1 0
github.com/kinoko-dev/kinoko/internal/serve/gitserver/server.go:180.31,183.42 2 1
github.com/kinoko-dev/kinoko/internal/serve/gitserver/server.go:183.42,186.3 2 1
github.com/kinoko-dev/kinoko/internal/serve/gitserver/server.go:189.2,189.74 1 0
github.com/kinoko-dev/kinoko/internal/serve/gitserver/server.go:189.74,191.3 1 0
github.com/kinoko-dev/kinoko/internal/serve/gitserver/server.go:194.2,194.9 1 0
github.com/kinoko-dev/kinoko/internal/serve/gitserver/server.go:195.19,196.49 1 0
github.com/kinoko-dev/kinoko/internal/serve/gitserver/server.go:197.38,199.75 2 0
github.com/kinoko-dev/kinoko/internal/serve/gitserver/server.go:199.75,202.4 2 0
github.com/kinoko-dev/kinoko/internal/serve/gitserver/server.go:203.3,204.49 2 0
github.com/kinoko-dev/kinoko/internal/serve/gitserver/server.go:207.2,207.12 1 0
github.com/kinoko-dev/kinoko/internal/serve/gitserver/server.go:211.64,212.26 1 1
github.com/kinoko-dev/kinoko/internal/serve/gitserver/server.go:212.26,214.3 1 1
github.com/kinoko-dev/kinoko/internal/serve/gitserver/server.go:216.2,229.28 5 0
github.com/kinoko-dev/kinoko/internal/serve/gitserver/server.go:233.61,234.16 1 1
github.com/kinoko-dev/kinoko/internal/serve/gitserver/server.go:234.16,236.3 1 1
github.com/kinoko-dev/kinoko/internal/serve/gitserver/server.go:238.2,242.16 3 0
github.com/kinoko-dev/kinoko/internal/serve/gitserver/server.go:242.16,244.3 1 0
github.com/kinoko-dev/kinoko/internal/serve/gitserver/server.go:247.2,247.23 1 0
github.com/kinoko-dev/kinoko/internal/serve/gitserver/server.go:247.23,249.21 2 0
github.com/kinoko-dev/kinoko/internal/serve/gitserver/server.go:249.21,252.4 1 0
github.com/kinoko-dev/kinoko/internal/serve/gitserver/server.go:255.2,256.12 2 0
github.com/kinoko-dev/kinoko/internal/serve/gitserver/server.go:260.48,264.16 3 0
github.com/kinoko-dev/kinoko/internal/serve/gitserver/server.go:264.16,266.3 1 0
github.com/kinoko-dev/kinoko/internal/serve/gitserver/server.go:269.2,272.29 3 0
github.com/kinoko-dev/kinoko/internal/serve/gitserver/server.go:272.29,274.17 2 0
github.com/kinoko-dev/kinoko/internal/serve/gitserver/server.go:274.17,275.12 1 0
github.com/kinoko-dev/kinoko/internal/serve/gitserver/server.go:280.3,281.21 2 0
github.com/kinoko-dev/kinoko/internal/serve/gitserver/server.go:281.21,283.4 1 0
github.com/kinoko-dev/kinoko/internal/serve/gitserver/server.go:286.2,287.19 2 0
github.com/kinoko-dev/kinoko/internal/serve/gitserver/server.go:291.48,292.16 1 1
github.com/kinoko-dev/kinoko/internal/serve/gitserver/server.go:292.16,294.3 1 1
github.com/kinoko-dev/kinoko/internal/serve/gitserver/server.go:296.2,299.16 3 0
github.com/kinoko-dev/kinoko/internal/serve/gitserver/server.go:299.16,301.3 1 0
github.com/kinoko-dev/kinoko/internal/serve/gitserver/server.go:303.2,304.12 2 0
github.com/kinoko-dev/kinoko/internal/serve/gitserver/server.go:308.50,310.2 1 1
github.com/kinoko-dev/kinoko/internal/serve/gitserver/server.go:313.53,319.38 1 1
github.com/kinoko-dev/kinoko/internal/serve/gitserver/server.go:319.38,319.68 1 1
github.com/kinoko-dev/kinoko/internal/serve/gitserver/server.go:320.39,322.4 1 1
github.com/kinoko-dev/kinoko/internal/shared/circuitbreaker/breaker.go:23.34,23.55 1 0
github.com/kinoko-dev/kinoko/internal/shared/circuitbreaker/breaker.go:57.53,58.24 1 1
github.com/kinoko-dev/kinoko/internal/shared/circuitbreaker/breaker.go:58.24,60.3 1 1
github.com/kinoko-dev/kinoko/internal/shared/circuitbreaker/breaker.go:61.2,61.27 1 1
github.com/kinoko-dev/kinoko/internal/shared/circuitbreaker/breaker.go:61.27,63.3 1 1
github.com/kinoko-dev/kinoko/internal/shared/circuitbreaker/breaker.go:64.2,64.40 1 1
github.com/kinoko-dev/kinoko/internal/shared/circuitbreaker/breaker.go:64.40,66.3 1 1
github.com/kinoko-dev/kinoko/internal/shared/circuitbreaker/breaker.go:67.2,67.18 1 1
github.com/kinoko-dev/kinoko/internal/shared/circuitbreaker/breaker.go:67.18,69.3 1 1
github.com/kinoko-dev/kinoko/internal/shared/circuitbreaker/breaker.go:70.2,74.8 1 1
github.com/kinoko-dev/kinoko/internal/shared/circuitbreaker/breaker.go:78.33,82.17 3 1
github.com/kinoko-dev/kinoko/internal/shared/circuitbreaker/breaker.go:83.19,84.13 1 1
github.com/kinoko-dev/kinoko/internal/shared/circuitbreaker/breaker.go:85.17,86.54 1 1
github.com/kinoko-dev/kinoko/internal/shared/circuitbreaker/breaker.go:86.54,89.4 2 1
github.com/kinoko-dev/kinoko/internal/shared/circuitbreaker/breaker.go:90.3,90.17 1 1
github.com/kinoko-dev/kinoko/internal/shared/circuitbreaker/breaker.go:91.21,93.17 1 1
github.com/kinoko-dev/kinoko/internal/shared/circuitbreaker/breaker.go:95.2,95.12 1 0
github.com/kinoko-dev/kinoko/internal/shared/circuitbreaker/breaker.go:99.35,106.2 5 1
github.com/kinoko-dev/kinoko/internal/shared/circuitbreaker/breaker.go:109.35,115.17 4 1
github.com/kinoko-dev/kinoko/internal/shared/circuitbreaker/breaker.go:116.19,117.43 1 1
github.com/kinoko-dev/kinoko/internal/shared/circuitbreaker/breaker.go:117.43,121.4 3 1
github.com/kinoko-dev/kinoko/internal/shared/circuitbreaker/breaker.go:122.21,125.31 2 1
github.com/kinoko-dev/kinoko/internal/shared/circuitbreaker/breaker.go:125.31,127.4 1 1
github.com/kinoko-dev/kinoko/internal/shared/circuitbreaker/breaker.go:128.3,130.29 3 1
github.com/kinoko-dev/kinoko/internal/shared/circuitbreaker/breaker.go:135.34,138.17 3 1
github.com/kinoko-dev/kinoko/internal/shared/circuitbreaker/breaker.go:139.17,140.54 1 1
github.com/kinoko-dev/kinoko/internal/shared/circuitbreaker/breaker.go:140.54,142.4 1 1
github.com/kinoko-dev/kinoko/internal/shared/circuitbreaker/breaker.go:143.3,143.16 1 1
github.com/kinoko-dev/kinoko/internal/shared/circuitbreaker/breaker.go:144.21,145.21 1 0
github.com/kinoko-dev/kinoko/internal/shared/circuitbreaker/breaker.go:146.10,147.18 1 1
github.com/kinoko-dev/kinoko/internal/shared/config/config.go:36.45,37.22 1 0
github.com/kinoko-dev/kinoko/internal/shared/config/config.go:37.22,39.3 1 0
github.com/kinoko-dev/kinoko/internal/shared/config/config.go:40.2,41.16 2 0
github.com/kinoko-dev/kinoko/internal/shared/config/config.go:41.16,43.3 1 0
github.com/kinoko-dev/kinoko/internal/shared/config/config.go:44.2,44.51 1 0
github.com/kinoko-dev/kinoko/internal/shared/config/config.go:48.37,50.2 1 0
github.com/kinoko-dev/kinoko/internal/shared/config/config.go:69.40,70.17 1 0
github.com/kinoko-dev/kinoko/internal/shared/config/config.go:70.17,72.3 1 0
github.com/kinoko-dev/kinoko/internal/shared/config/config.go:73.2,73.15 1 0
github.com/kinoko-dev/kinoko/internal/shared/config/config.go:77.56,78.55 1 0
github.com/kinoko-dev/kinoko/internal/shared/config/config.go:78.55,80.3 1 0
github.com/kinoko-dev/kinoko/internal/shared/config/config.go:81.2,81.27 1 0
github.com/kinoko-dev/kinoko/internal/shared/config/config.go:113.40,114.19 1 1
github.com/kinoko-dev/kinoko/internal/shared/config/config.go:114.19,116.3 1 1
github.com/kinoko-dev/kinoko/internal/shared/config/config.go:117.2,117.19 1 1
github.com/kinoko-dev/kinoko/internal/shared/config/config.go:182.30,184.16 2 1
github.com/kinoko-dev/kinoko/internal/shared/config/config.go:184.16,186.3 1 0
github.com/kinoko-dev/kinoko/internal/shared/config/config.go:188.2,233.3 4 1
github.com/kinoko-dev/kinoko/internal/shared/config/config.go:238.37,239.35 1 1
github.com/kinoko-dev/kinoko/internal/shared/config/config.go:239.35,241.3 1 1
github.com/kinoko-dev/kinoko/internal/shared/config/config.go:244.2,244.17 1 1
github.com/kinoko-dev/kinoko/internal/shared/config/config.go:244.17,245.51 1 1
github.com/kinoko-dev/kinoko/internal/shared/config/config.go:245.51,247.4 1 1
github.com/kinoko-dev/kinoko/internal/shared/config/config.go:248.3,248.14 1 0
github.com/kinoko-dev/kinoko/internal/shared/config/config.go:252.2,253.62 2 1
github.com/kinoko-dev/kinoko/internal/shared/config/config.go:253.62,256.3 2 1
github.com/kinoko-dev/kinoko/internal/shared/config/config.go:256.8,259.3 2 0
github.com/kinoko-dev/kinoko/internal/shared/config/config.go:261.2,263.20 2 1
github.com/kinoko-dev/kinoko/internal/shared/config/config.go:263.20,265.47 1 1
github.com/kinoko-dev/kinoko/internal/shared/config/config.go:265.47,267.4 1 1
github.com/kinoko-dev/kinoko/internal/shared/config/config.go:267.9,269.54 1 0
github.com/kinoko-dev/kinoko/internal/shared/config/config.go:269.54,271.5 1 0
github.com/kinoko-dev/kinoko/internal/shared/config/config.go:271.10,274.5 1 0
github.com/kinoko-dev/kinoko/internal/shared/config/config.go:276.8,278.50 1 1
github.com/kinoko-dev/kinoko/internal/shared/config/config.go:278.50,280.4 1 1
github.com/kinoko-dev/kinoko/internal/shared/config/config.go:280.9,283.4 1 1
github.com/kinoko-dev/kinoko/internal/shared/config/config.go:286.2,286.32 1 1
github.com/kinoko-dev/kinoko/internal/shared/config/config.go:290.32,295.45 2 1
github.com/kinoko-dev/kinoko/internal/shared/config/config.go:295.45,297.3 1 1
github.com/kinoko-dev/kinoko/internal/shared/config/config.go:300.2,300.76 1 1
github.com/kinoko-dev/kinoko/internal/shared/config/config.go:300.76,302.3 1 0
github.com/kinoko-dev/kinoko/internal/shared/config/config.go:305.2,305.29 1 1
github.com/kinoko-dev/kinoko/internal/shared/config/config.go:305.29,306.32 1 1
github.com/kinoko-dev/kinoko/internal/shared/config/config.go:306.32,308.4 1 1
github.com/kinoko-dev/kinoko/internal/shared/config/config.go:314.47,316.22 1 1
github.com/kinoko-dev/kinoko/internal/shared/config/config.go:316.22,318.17 2 1
github.com/kinoko-dev/kinoko/internal/shared/config/config.go:318.17,320.4 1 0
github.com/kinoko-dev/kinoko/internal/shared/config/config.go:321.3,321.61 1 1
github.com/kinoko-dev/kinoko/internal/shared/config/config.go:325.2,325.55 1 1
github.com/kinoko-dev/kinoko/internal/shared/config/config.go:325.55,327.3 1 1
github.com/kinoko-dev/kinoko/internal/shared/config/config.go:330.2,331.16 2 1
github.com/kinoko-dev/kinoko/internal/shared/config/config.go:331.16,333.3 1 1
github.com/kinoko-dev/kinoko/internal/shared/config/config.go:336.2,337.53 2 1
github.com/kinoko-dev/kinoko/internal/shared/config/config.go:337.53,339.3 1 1
github.com/kinoko-dev/kinoko/internal/shared/config/config.go:342.2,345.42 2 1
github.com/kinoko-dev/kinoko/internal/shared/config/config.go:345.42,347.3 1 0
github.com/kinoko-dev/kinoko/internal/shared/config/config.go:349.2,349.20 1 1
github.com/kinoko-dev/kinoko/internal/shared/config/config.go:353.48,355.22 1 1
github.com/kinoko-dev/kinoko/internal/shared/config/config.go:355.22,357.17 2 1
github.com/kinoko-dev/kinoko/internal/shared/config/config.go:357.17,359.4 1 0
github.com/kinoko-dev/kinoko/internal/shared/config/config.go:360.3,360.61 1 1
github.com/kinoko-dev/kinoko/internal/shared/config/config.go:364.2,365.47 2 1
github.com/kinoko-dev/kinoko/internal/shared/config/config.go:365.47,367.3 1 0
github.com/kinoko-dev/kinoko/internal/shared/config/config.go:370.2,371.16 2 1
github.com/kinoko-dev/kinoko/internal/shared/config/config.go:371.16,373.3 1 0
github.com/kinoko-dev/kinoko/internal/shared/config/config.go:376.2,376.61 1 1
github.com/kinoko-dev/kinoko/internal/shared/config/config.go:376.61,378.3 1 0
github.com/kinoko-dev/kinoko/internal/shared/config/config.go:380.2,380.12 1 1
github.com/kinoko-dev/kinoko/internal/shared/config/config.go:384.35,386.25 1 1
github.com/kinoko-dev/kinoko/internal/shared/config/config.go:386.25,388.3 1 1
github.com/kinoko-dev/kinoko/internal/shared/config/config.go:390.2,390.49 1 1
github.com/kinoko-dev/kinoko/internal/shared/config/config.go:390.49,392.3 1 1
github.com/kinoko-dev/kinoko/internal/shared/config/config.go:394.2,394.28 1 1
github.com/kinoko-dev/kinoko/internal/shared/config/config.go:394.28,396.3 1 1
github.com/kinoko-dev/kinoko/internal/shared/config/config.go:399.2,399.68 1 1
github.com/kinoko-dev/kinoko/internal/shared/config/config.go:399.68,401.3 1 1
github.com/kinoko-dev/kinoko/internal/shared/config/config.go:403.2,403.25 1 1
github.com/kinoko-dev/kinoko/internal/shared/config/config.go:403.25,405.3 1 1
github.com/kinoko-dev/kinoko/internal/shared/config/config.go:408.2,408.34 1 1
github.com/kinoko-dev/kinoko/internal/shared/config/config.go:408.34,409.21 1 1
github.com/kinoko-dev/kinoko/internal/shared/config/config.go:409.21,411.4 1 1
github.com/kinoko-dev/kinoko/internal/shared/config/config.go:413.3,413.38 1 1
github.com/kinoko-dev/kinoko/internal/shared/config/config.go:413.38,415.4 1 1
github.com/kinoko-dev/kinoko/internal/shared/config/config.go:417.3,417.38 1 1
github.com/kinoko-dev/kinoko/internal/shared/config/config.go:417.38,419.4 1 1
github.com/kinoko-dev/kinoko/internal/shared/config/config.go:421.3,421.23 1 1
github.com/kinoko-dev/kinoko/internal/shared/config/config.go:421.23,423.4 1 1
github.com/kinoko-dev/kinoko/internal/shared/config/config.go:427.2,427.74 1 1
github.com/kinoko-dev/kinoko/internal/shared/config/config.go:427.74,429.3 1 1
github.com/kinoko-dev/kinoko/internal/shared/config/config.go:431.2,431.41 1 1
github.com/kinoko-dev/kinoko/internal/shared/config/config.go:431.41,433.3 1 1
github.com/kinoko-dev/kinoko/internal/shared/config/config.go:435.2,435.41 1 1
github.com/kinoko-dev/kinoko/internal/shared/config/config.go:435.41,437.3 1 1
github.com/kinoko-dev/kinoko/internal/shared/config/config.go:439.2,439.71 1 1
github.com/kinoko-dev/kinoko/internal/shared/config/config.go:439.71,441.3 1 1
github.com/kinoko-dev/kinoko/internal/shared/config/config.go:443.2,443.35 1 1
github.com/kinoko-dev/kinoko/internal/shared/config/config.go:443.35,445.3 1 1
github.com/kinoko-dev/kinoko/internal/shared/config/config.go:447.2,447.68 1 1
github.com/kinoko-dev/kinoko/internal/shared/config/config.go:447.68,449.3 1 1
github.com/kinoko-dev/kinoko/internal/shared/config/config.go:451.2,451.80 1 1
github.com/kinoko-dev/kinoko/internal/shared/config/config.go:451.80,453.3 1 1
github.com/kinoko-dev/kinoko/internal/shared/config/config.go:455.2,455.80 1 1
github.com/kinoko-dev/kinoko/internal/shared/config/config.go:455.80,457.3 1 1
github.com/kinoko-dev/kinoko/internal/shared/config/config.go:459.2,459.96 1 1
github.com/kinoko-dev/kinoko/internal/shared/config/config.go:459.96,461.3 1 1
github.com/kinoko-dev/kinoko/internal/shared/config/config.go:463.2,463.71 1 1
github.com/kinoko-dev/kinoko/internal/shared/config/config.go:463.71,465.3 1 1
github.com/kinoko-dev/kinoko/internal/shared/config/config.go:468.2,468.64 1 1
github.com/kinoko-dev/kinoko/internal/shared/config/config.go:468.64,470.3 1 1
github.com/kinoko-dev/kinoko/internal/shared/config/config.go:472.2,472.12 1 1
github.com/kinoko-dev/kinoko/internal/shared/decay/runner.go:28.29,37.2 1 1
github.com/kinoko-dev/kinoko/internal/shared/decay/runner.go:40.39,41.39 1 1
github.com/kinoko-dev/kinoko/internal/shared/decay/runner.go:41.39,43.3 1 1
github.com/kinoko-dev/kinoko/internal/shared/decay/runner.go:44.2,44.35 1 1
github.com/kinoko-dev/kinoko/internal/shared/decay/runner.go:44.35,46.3 1 1
github.com/kinoko-dev/kinoko/internal/shared/decay/runner.go:47.2,47.37 1 1
github.com/kinoko-dev/kinoko/internal/shared/decay/runner.go:47.37,49.3 1 1
github.com/kinoko-dev/kinoko/internal/shared/decay/runner.go:50.2,50.48 1 1
github.com/kinoko-dev/kinoko/internal/shared/decay/runner.go:50.48,52.3 1 1
github.com/kinoko-dev/kinoko/internal/shared/decay/runner.go:53.2,53.12 1 1
github.com/kinoko-dev/kinoko/internal/shared/decay/runner.go:92.103,93.44 1 1
github.com/kinoko-dev/kinoko/internal/shared/decay/runner.go:93.44,95.3 1 1
github.com/kinoko-dev/kinoko/internal/shared/decay/runner.go:96.2,102.8 1 1
github.com/kinoko-dev/kinoko/internal/shared/decay/runner.go:106.93,109.16 2 1
github.com/kinoko-dev/kinoko/internal/shared/decay/runner.go:109.16,111.3 1 1
github.com/kinoko-dev/kinoko/internal/shared/decay/runner.go:113.2,116.24 3 1
github.com/kinoko-dev/kinoko/internal/shared/decay/runner.go:116.24,126.32 5 1
github.com/kinoko-dev/kinoko/internal/shared/decay/runner.go:126.32,129.4 1 0
github.com/kinoko-dev/kinoko/internal/shared/decay/runner.go:131.3,133.20 2 1
github.com/kinoko-dev/kinoko/internal/shared/decay/runner.go:133.20,135.4 1 0
github.com/kinoko-dev/kinoko/internal/shared/decay/runner.go:135.9,137.4 1 1
github.com/kinoko-dev/kinoko/internal/shared/decay/runner.go:141.3,141.29 1 1
github.com/kinoko-dev/kinoko/internal/shared/decay/runner.go:141.29,144.4 2 1
github.com/kinoko-dev/kinoko/internal/shared/decay/runner.go:147.3,150.44 2 1
github.com/kinoko-dev/kinoko/internal/shared/decay/runner.go:150.44,153.4 2 1
github.com/kinoko-dev/kinoko/internal/shared/decay/runner.go:153.9,153.33 1 1
github.com/kinoko-dev/kinoko/internal/shared/decay/runner.go:153.33,155.4 1 1
github.com/kinoko-dev/kinoko/internal/shared/decay/runner.go:157.3,157.27 1 1
github.com/kinoko-dev/kinoko/internal/shared/decay/runner.go:157.27,158.68 1 1
github.com/kinoko-dev/kinoko/internal/shared/decay/runner.go:158.68,160.5 1 1
github.com/kinoko-dev/kinoko/internal/shared/decay/runner.go:164.2,172.20 2 1
github.com/kinoko-dev/kinoko/internal/shared/decay/runner.go:176.46,178.2 1 1
github.com/kinoko-dev/kinoko/internal/shared/decay/runner.go:180.60,181.13 1 1
github.com/kinoko-dev/kinoko/internal/shared/decay/runner.go:182.34,183.40 1 1
github.com/kinoko-dev/kinoko/internal/shared/decay/runner.go:184.30,185.36 1 1
github.com/kinoko-dev/kinoko/internal/shared/decay/runner.go:186.32,187.38 1 1
github.com/kinoko-dev/kinoko/internal/shared/decay/runner.go:188.10,189.38 1 0
github.com/kinoko-dev/kinoko/internal/shared/decay/runner.go:193.73,194.31 1 1
github.com/kinoko-dev/kinoko/internal/shared/decay/runner.go:194.31,196.3 1 0
github.com/kinoko-dev/kinoko/internal/shared/decay/runner.go:197.2,198.90 2 1
github.com/kinoko-dev/kinoko/pkg/model/domain.go:14.38,15.21 1 1
github.com/kinoko-dev/kinoko/pkg/model/domain.go:15.21,17.3 1 1
github.com/kinoko-dev/kinoko/pkg/model/domain.go:18.2,18.18 1 1
github.com/kinoko-dev/kinoko/pkg/model/skill.go:56.45,60.2 1 1
github.com/kinoko-dev/kinoko/pkg/model/skill.go:63.41,68.2 2 1
github.com/kinoko-dev/kinoko/pkg/model/skill.go:71.52,73.2 1 1
github.com/kinoko-dev/kinoko/pkg/skill/skill.go:78.41,80.16 2 1
github.com/kinoko-dev/kinoko/pkg/skill/skill.go:80.16,82.3 1 0
github.com/kinoko-dev/kinoko/pkg/skill/skill.go:84.2,84.30 1 1
github.com/kinoko-dev/kinoko/pkg/skill/skill.go:88.45,90.16 2 0
github.com/kinoko-dev/kinoko/pkg/skill/skill.go:90.16,92.3 1 0
github.com/kinoko-dev/kinoko/pkg/skill/skill.go:93.2,95.20 2 0
github.com/kinoko-dev/kinoko/pkg/skill/skill.go:99.51,108.63 4 1
github.com/kinoko-dev/kinoko/pkg/skill/skill.go:108.63,110.3 1 0
github.com/kinoko-dev/kinoko/pkg/skill/skill.go:113.2,114.21 2 1
github.com/kinoko-dev/kinoko/pkg/skill/skill.go:114.21,116.35 2 1
github.com/kinoko-dev/kinoko/pkg/skill/skill.go:116.35,117.9 1 1
github.com/kinoko-dev/kinoko/pkg/skill/skill.go:119.3,119.42 1 1
github.com/kinoko-dev/kinoko/pkg/skill/skill.go:122.2,122.27 1 1
github.com/kinoko-dev/kinoko/pkg/skill/skill.go:122.27,124.3 1 0
github.com/kinoko-dev/kinoko/pkg/skill/skill.go:127.2,129.76 3 1
github.com/kinoko-dev/kinoko/pkg/skill/skill.go:129.76,131.3 1 1
github.com/kinoko-dev/kinoko/pkg/skill/skill.go:134.2,147.33 2 1
github.com/kinoko-dev/kinoko/pkg/skill/skill.go:147.33,149.17 2 1
github.com/kinoko-dev/kinoko/pkg/skill/skill.go:149.17,151.4 1 1
github.com/kinoko-dev/kinoko/pkg/skill/skill.go:152.3,152.26 1 1
github.com/kinoko-dev/kinoko/pkg/skill/skill.go:156.2,156.33 1 1
github.com/kinoko-dev/kinoko/pkg/skill/skill.go:156.33,158.17 2 1
github.com/kinoko-dev/kinoko/pkg/skill/skill.go:158.17,160.4 1 0
github.com/kinoko-dev/kinoko/pkg/skill/skill.go:161.3,161.26 1 1
github.com/kinoko-dev/kinoko/pkg/skill/skill.go:165.2,166.21 2 1
github.com/kinoko-dev/kinoko/pkg/skill/skill.go:166.21,168.3 1 1
github.com/kinoko-dev/kinoko/pkg/skill/skill.go:170.2,173.41 2 1
github.com/kinoko-dev/kinoko/pkg/skill/skill.go:173.41,175.3 1 1
github.com/kinoko-dev/kinoko/pkg/skill/skill.go:177.2,177.20 1 1
github.com/kinoko-dev/kinoko/pkg/skill/skill.go:181.34,183.18 1 1
github.com/kinoko-dev/kinoko/pkg/skill/skill.go:183.18,185.3 1 1
github.com/kinoko-dev/kinoko/pkg/skill/skill.go:186.2,186.25 1 1
github.com/kinoko-dev/kinoko/pkg/skill/skill.go:186.25,188.3 1 1
github.com/kinoko-dev/kinoko/pkg/skill/skill.go:189.2,189.30 1 1
github.com/kinoko-dev/kinoko/pkg/skill/skill.go:189.30,191.3 1 0
github.com/kinoko-dev/kinoko/pkg/skill/skill.go:192.2,192.20 1 1
github.com/kinoko-dev/kinoko/pkg/skill/skill.go:192.20,194.3 1 1
github.com/kinoko-dev/kinoko/pkg/skill/skill.go:195.2,195.24 1 1
github.com/kinoko-dev/kinoko/pkg/skill/skill.go:195.24,197.3 1 1
github.com/kinoko-dev/kinoko/pkg/skill/skill.go:200.2,200.38 1 1
github.com/kinoko-dev/kinoko/pkg/skill/skill.go:200.38,202.3 1 1
github.com/kinoko-dev/kinoko/pkg/skill/skill.go:205.2,205.20 1 1
github.com/kinoko-dev/kinoko/pkg/skill/skill.go:205.20,207.3 1 1
github.com/kinoko-dev/kinoko/pkg/skill/skill.go:210.2,210.46 1 1
github.com/kinoko-dev/kinoko/pkg/skill/skill.go:210.46,212.3 1 1
github.com/kinoko-dev/kinoko/pkg/skill/skill.go:215.2,215.56 1 1
github.com/kinoko-dev/kinoko/pkg/skill/skill.go:215.56,217.3 1 1
github.com/kinoko-dev/kinoko/pkg/skill/skill.go:220.2,220.37 1 1
github.com/kinoko-dev/kinoko/pkg/skill/skill.go:220.37,221.36 1 1
github.com/kinoko-dev/kinoko/pkg/skill/skill.go:221.36,223.4 1 0
github.com/kinoko-dev/kinoko/pkg/skill/skill.go:227.2,227.41 1 1
github.com/kinoko-dev/kinoko/pkg/skill/skill.go:227.41,229.3 1 1
github.com/kinoko-dev/kinoko/pkg/skill/skill.go:231.2,231.12 1 1
github.com/kinoko-dev/kinoko/pkg/skill/skill.go:235.38,237.16 2 1
github.com/kinoko-dev/kinoko/pkg/skill/skill.go:237.16,239.3 1 1
github.com/kinoko-dev/kinoko/pkg/skill/skill.go:242.2,244.29 3 1
github.com/kinoko-dev/kinoko/pkg/skill/skill.go:244.29,246.43 2 1
github.com/kinoko-dev/kinoko/pkg/skill/skill.go:246.43,248.9 2 1
github.com/kinoko-dev/kinoko/pkg/skill/skill.go:251.2,251.15 1 1
github.com/kinoko-dev/kinoko/pkg/skill/skill.go:251.15,253.3 1 1
github.com/kinoko-dev/kinoko/pkg/skill/skill.go:256.2,260.19 4 1
github.com/kinoko-dev/kinoko/pkg/skill/skill.go:260.19,262.3 1 1
github.com/kinoko-dev/kinoko/pkg/skill/skill.go:264.2,264.18 1 1
github.com/kinoko-dev/kinoko/pkg/skill/skill.go:264.18,266.3 1 1
github.com/kinoko-dev/kinoko/pkg/skill/skill.go:268.2,268.12 1 1
github.com/kinoko-dev/kinoko/pkg/skill/skill.go:272.43,273.41 1 1
github.com/kinoko-dev/kinoko/pkg/skill/skill.go:273.41,275.3 1 1
github.com/kinoko-dev/kinoko/pkg/skill/skill.go:277.2,295.29 4 1
github.com/kinoko-dev/kinoko/pkg/skill/skill.go:295.29,297.3 1 1
github.com/kinoko-dev/kinoko/pkg/skill/skill.go:300.2,301.16 2 1
github.com/kinoko-dev/kinoko/pkg/skill/skill.go:301.16,303.3 1 0
github.com/kinoko-dev/kinoko/pkg/skill/skill.go:306.2,313.16 4 1
github.com/kinoko-dev/kinoko/pkg/skill/skill.go:313.16,317.3 3 1
github.com/kinoko-dev/kinoko/pkg/skill/skill.go:319.2,319.25 1 1
github.com/kinoko-dev/kinoko/internal/run/worker/config.go:19.29,31.2 1 1
github.com/kinoko-dev/kinoko/internal/run/worker/config.go:43.47,51.2 1 1
github.com/kinoko-dev/kinoko/internal/run/worker/pool.go:58.122,66.2 1 1
github.com/kinoko-dev/kinoko/internal/run/worker/pool.go:68.55,72.41 3 1
github.com/kinoko-dev/kinoko/internal/run/worker/pool.go:72.41,76.3 3 1
github.com/kinoko-dev/kinoko/internal/run/worker/pool.go:78.2,79.12 2 1
github.com/kinoko-dev/kinoko/internal/run/worker/pool.go:82.54,87.12 4 1
github.com/kinoko-dev/kinoko/internal/run/worker/pool.go:87.12,90.3 2 1
github.com/kinoko-dev/kinoko/internal/run/worker/pool.go:92.2,92.9 1 1
github.com/kinoko-dev/kinoko/internal/run/worker/pool.go:93.14,95.13 2 1
github.com/kinoko-dev/kinoko/internal/run/worker/pool.go:96.20,97.65 1 0
github.com/kinoko-dev/kinoko/internal/run/worker/pool.go:101.40,112.2 2 1
github.com/kinoko-dev/kinoko/internal/run/worker/pool.go:114.64,119.6 4 1
github.com/kinoko-dev/kinoko/internal/run/worker/pool.go:119.6,120.10 1 1
github.com/kinoko-dev/kinoko/internal/run/worker/pool.go:121.21,122.10 1 1
github.com/kinoko-dev/kinoko/internal/run/worker/pool.go:123.11,123.11 0 1
github.com/kinoko-dev/kinoko/internal/run/worker/pool.go:126.3,127.17 2 1
github.com/kinoko-dev/kinoko/internal/run/worker/pool.go:127.17,128.24 1 0
github.com/kinoko-dev/kinoko/internal/run/worker/pool.go:128.24,130.5 1 0
github.com/kinoko-dev/kinoko/internal/run/worker/pool.go:131.4,133.12 3 0
github.com/kinoko-dev/kinoko/internal/run/worker/pool.go:136.3,136.19 1 1
github.com/kinoko-dev/kinoko/internal/run/worker/pool.go:136.19,138.12 2 1
github.com/kinoko-dev/kinoko/internal/run/worker/pool.go:141.3,145.21 5 1
github.com/kinoko-dev/kinoko/internal/run/worker/pool.go:149.85,154.25 2 1
github.com/kinoko-dev/kinoko/internal/run/worker/pool.go:154.25,156.3 1 1
github.com/kinoko-dev/kinoko/internal/run/worker/pool.go:157.2,162.16 4 1
github.com/kinoko-dev/kinoko/internal/run/worker/pool.go:162.16,164.117 2 1
github.com/kinoko-dev/kinoko/internal/run/worker/pool.go:164.117,166.4 1 0
github.com/kinoko-dev/kinoko/internal/run/worker/pool.go:167.3,168.9 2 1
github.com/kinoko-dev/kinoko/internal/run/worker/pool.go:172.2,173.16 2 1
github.com/kinoko-dev/kinoko/internal/run/worker/pool.go:173.16,175.106 2 1
github.com/kinoko-dev/kinoko/internal/run/worker/pool.go:175.106,177.4 1 0
github.com/kinoko-dev/kinoko/internal/run/worker/pool.go:178.3,179.9 2 1
github.com/kinoko-dev/kinoko/internal/run/worker/pool.go:184.2,185.16 2 1
github.com/kinoko-dev/kinoko/internal/run/worker/pool.go:185.16,190.45 4 1
github.com/kinoko-dev/kinoko/internal/run/worker/pool.go:190.45,191.87 1 1
github.com/kinoko-dev/kinoko/internal/run/worker/pool.go:191.87,193.5 1 0
github.com/kinoko-dev/kinoko/internal/run/worker/pool.go:194.4,194.19 1 1
github.com/kinoko-dev/kinoko/internal/run/worker/pool.go:195.9,196.78 1 1
github.com/kinoko-dev/kinoko/internal/run/worker/pool.go:196.78,198.5 1 0
github.com/kinoko-dev/kinoko/internal/run/worker/pool.go:199.4,199.19 1 1
github.com/kinoko-dev/kinoko/internal/run/worker/pool.go:201.3,201.9 1 1
github.com/kinoko-dev/kinoko/internal/run/worker/pool.go:205.2,205.89 1 1
github.com/kinoko-dev/kinoko/internal/run/worker/pool.go:205.89,209.3 3 0
github.com/kinoko-dev/kinoko/internal/run/worker/pool.go:211.2,211.44 1 1
github.com/kinoko-dev/kinoko/internal/run/worker/pool.go:211.44,214.3 2 1
github.com/kinoko-dev/kinoko/internal/run/worker/pool.go:214.8,217.3 2 1
github.com/kinoko-dev/kinoko/internal/run/worker/pool.go:220.49,223.9 3 1
github.com/kinoko-dev/kinoko/internal/run/worker/pool.go:224.20,224.20 0 1
github.com/kinoko-dev/kinoko/internal/run/worker/pool.go:225.13,225.13 0 1
github.com/kinoko-dev/kinoko/internal/run/worker/scheduler.go:46.13,57.2 1 1
github.com/kinoko-dev/kinoko/internal/run/worker/scheduler.go:59.54,73.2 7 1
github.com/kinoko-dev/kinoko/internal/run/worker/scheduler.go:75.53,80.12 4 1
github.com/kinoko-dev/kinoko/internal/run/worker/scheduler.go:80.12,83.3 2 1
github.com/kinoko-dev/kinoko/internal/run/worker/scheduler.go:85.2,85.9 1 1
github.com/kinoko-dev/kinoko/internal/run/worker/scheduler.go:86.14,88.13 2 1
github.com/kinoko-dev/kinoko/internal/run/worker/scheduler.go:89.20,90.63 1 0
github.com/kinoko-dev/kinoko/internal/run/worker/scheduler.go:95.51,99.9 3 1
github.com/kinoko-dev/kinoko/internal/run/worker/scheduler.go:99.9,101.3 1 1
github.com/kinoko-dev/kinoko/internal/run/worker/scheduler.go:103.2,103.6 1 1
github.com/kinoko-dev/kinoko/internal/run/worker/scheduler.go:103.6,105.9 2 1
github.com/kinoko-dev/kinoko/internal/run/worker/scheduler.go:105.9,107.4 1 1
github.com/kinoko-dev/kinoko/internal/run/worker/scheduler.go:107.9,109.4 1 1
github.com/kinoko-dev/kinoko/internal/run/worker/scheduler.go:111.3,112.10 2 1
github.com/kinoko-dev/kinoko/internal/run/worker/scheduler.go:113.21,115.10 2 1
github.com/kinoko-dev/kinoko/internal/run/worker/scheduler.go:116.14,116.14 0 1
github.com/kinoko-dev/kinoko/internal/run/worker/scheduler.go:119.3,119.22 1 1
[...]
github.com/kinoko-dev/kinoko/internal/run/extraction/skillmd.go:115.50,117.3 1 1
github.com/kinoko-dev/kinoko/internal/run/extraction/skillmd.go:119.2,119.13 1 1
github.com/kinoko-dev/kinoko/internal/run/extraction/skillmd.go:127.48,129.36 2 1
github.com/kinoko-dev/kinoko/internal/run/extraction/skillmd.go:129.36,131.3 1 1
github.com/kinoko-dev/kinoko/internal/run/extraction/skillmd.go:134.2,136.38 3 1
github.com/kinoko-dev/kinoko/internal/run/extraction/skillmd.go:136.38,138.3 1 1
github.com/kinoko-dev/kinoko/internal/run/extraction/skillmd.go:138.8,138.64 1 0
github.com/kinoko-dev/kinoko/internal/run/extraction/skillmd.go:138.64,140.3 1 0
github.com/kinoko-dev/kinoko/internal/run/extraction/skillmd.go:142.2,143.16 2 1
github.com/kinoko-dev/kinoko/internal/run/extraction/skillmd.go:143.16,145.3 1 0
github.com/kinoko-dev/kinoko/internal/run/extraction/skillmd.go:146.2,150.50 3 1
github.com/kinoko-dev/kinoko/internal/run/extraction/skillmd.go:150.50,152.3 1 1
github.com/kinoko-dev/kinoko/internal/run/extraction/skillmd.go:152.8,152.82 1 0
github.com/kinoko-dev/kinoko/internal/run/extraction/skillmd.go:152.82,154.3 1 0
github.com/kinoko-dev/kinoko/internal/run/extraction/skillmd.go:157.2,166.56 6 1
github.com/kinoko-dev/kinoko/internal/run/extraction/skillmd.go:166.56,168.20 2 1
github.com/kinoko-dev/kinoko/internal/run/extraction/skillmd.go:168.20,169.12 1 0
github.com/kinoko-dev/kinoko/internal/run/extraction/skillmd.go:171.3,171.13 1 1
github.com/kinoko-dev/kinoko/internal/run/extraction/skillmd.go:171.13,172.40 1 1
github.com/kinoko-dev/kinoko/internal/run/extraction/skillmd.go:172.40,173.33 1 1
github.com/kinoko-dev/kinoko/internal/run/extraction/skillmd.go:173.33,175.6 1 1
github.com/kinoko-dev/kinoko/internal/run/extraction/skillmd.go:176.5,176.13 1 1
github.com/kinoko-dev/kinoko/internal/run/extraction/skillmd.go:178.4,178.18 1 1
github.com/kinoko-dev/kinoko/internal/run/extraction/skillmd.go:180.3,181.22 2 1
github.com/kinoko-dev/kinoko/internal/run/extraction/skillmd.go:181.22,182.12 1 0
github.com/kinoko-dev/kinoko/internal/run/extraction/skillmd.go:184.3,187.41 3 1
github.com/kinoko-dev/kinoko/internal/run/extraction/skillmd.go:187.41,190.49 1 1
github.com/kinoko-dev/kinoko/internal/run/extraction/skillmd.go:190.49,192.5 1 1
github.com/kinoko-dev/kinoko/internal/run/extraction/skillmd.go:192.10,195.5 2 1
github.com/kinoko-dev/kinoko/internal/run/extraction/skillmd.go:196.4,196.12 1 1
github.com/kinoko-dev/kinoko/internal/run/extraction/skillmd.go:198.3,198.25 1 1
github.com/kinoko-dev/kinoko/internal/run/extraction/skillmd.go:198.25,199.15 1 1
github.com/kinoko-dev/kinoko/internal/run/extraction/skillmd.go:200.16,201.15 1 1
github.com/kinoko-dev/kinoko/internal/run/extraction/skillmd.go:202.23,203.22 1 1
github.com/kinoko-dev/kinoko/internal/run/extraction/skillmd.go:204.19,205.18 1 1
github.com/kinoko-dev/kinoko/internal/run/extraction/skillmd.go:206.20,207.19 1 1
github.com/kinoko-dev/kinoko/internal/run/extraction/skillmd.go:213.2,215.16 3 1
github.com/kinoko-dev/kinoko/internal/run/extraction/skillmd.go:215.16,217.3 1 1
github.com/kinoko-dev/kinoko/internal/run/extraction/skillmd.go:218.2,218.23 1 1
github.com/kinoko-dev/kinoko/internal/run/extraction/skillmd.go:218.23,220.3 1 1
github.com/kinoko-dev/kinoko/internal/run/extraction/skillmd.go:221.2,221.19 1 1
github.com/kinoko-dev/kinoko/internal/run/extraction/skillmd.go:221.19,223.3 1 1
github.com/kinoko-dev/kinoko/internal/run/extraction/skillmd.go:224.2,224.20 1 1
github.com/kinoko-dev/kinoko/internal/run/extraction/skillmd.go:224.20,226.3 1 1
github.com/kinoko-dev/kinoko/internal/run/extraction/skillmd.go:227.2,228.19 2 1
github.com/kinoko-dev/kinoko/internal/run/extraction/skillmd.go:228.19,230.28 2 1
github.com/kinoko-dev/kinoko/internal/run/extraction/skillmd.go:230.28,232.4 1 1
github.com/kinoko-dev/kinoko/internal/run/extraction/skillmd.go:234.2,235.25 2 1
github.com/kinoko-dev/kinoko/internal/run/extraction/skillmd.go:235.25,237.3 1 1
github.com/kinoko-dev/kinoko/internal/run/extraction/skillmd.go:239.2,239.24 1 1
github.com/kinoko-dev/kinoko/internal/run/extraction/skillmd.go:244.41,246.15 2 1
github.com/kinoko-dev/kinoko/internal/run/extraction/skillmd.go:246.15,248.3 1 1
github.com/kinoko-dev/kinoko/internal/run/extraction/skillmd.go:250.2,250.64 1 1
github.com/kinoko-dev/kinoko/internal/run/extraction/skillmd.go:250.64,252.3 1 1
github.com/kinoko-dev/kinoko/internal/run/extraction/skillmd.go:253.2,254.47 2 1
github.com/kinoko-dev/kinoko/internal/run/extraction/skillmd.go:254.47,256.17 2 1
github.com/kinoko-dev/kinoko/internal/run/extraction/skillmd.go:256.17,258.4 1 1
github.com/kinoko-dev/kinoko/internal/run/extraction/skillmd.go:260.2,260.13 1 1
github.com/kinoko-dev/kinoko/internal/run/extraction/skillmd.go:264.41,267.23 3 1
github.com/kinoko-dev/kinoko/internal/run/extraction/skillmd.go:267.23,268.15 1 1
github.com/kinoko-dev/kinoko/internal/run/extraction/skillmd.go:268.15,271.4 2 1
github.com/kinoko-dev/kinoko/internal/run/extraction/skillmd.go:273.2,273.12 1 1
github.com/kinoko-dev/kinoko/internal/run/extraction/skillmd.go:278.90,279.23 1 1
github.com/kinoko-dev/kinoko/internal/run/extraction/skillmd.go:279.23,283.27 3 1
github.com/kinoko-dev/kinoko/internal/run/extraction/skillmd.go:283.27,285.17 2 1
github.com/kinoko-dev/kinoko/internal/run/extraction/skillmd.go:285.17,287.5 1 1
github.com/kinoko-dev/kinoko/internal/run/extraction/skillmd.go:289.3,289.54 1 1
github.com/kinoko-dev/kinoko/internal/run/extraction/skillmd.go:289.54,290.22 1 1
github.com/kinoko-dev/kinoko/internal/run/extraction/skillmd.go:290.22,293.5 2 1
github.com/kinoko-dev/kinoko/internal/run/extraction/skillmd.go:294.4,294.15 1 1
github.com/kinoko-dev/kinoko/internal/run/extraction/skillmd.go:299.2,299.20 1 1
github.com/kinoko-dev/kinoko/internal/run/extraction/skillmd.go:299.20,301.3 1 1
github.com/kinoko-dev/kinoko/internal/run/extraction/skillmd.go:302.2,302.24 1 1
github.com/kinoko-dev/kinoko/internal/run/extraction/skillmd.go:307.29,310.26 3 1
github.com/kinoko-dev/kinoko/internal/run/extraction/skillmd.go:310.26,311.10 1 1
github.com/kinoko-dev/kinoko/internal/run/extraction/skillmd.go:312.29,315.13 1 1
github.com/kinoko-dev/kinoko/internal/run/extraction/skillmd.go:315.13,320.82 5 1
github.com/kinoko-dev/kinoko/internal/run/extraction/skillmd.go:320.82,322.6 1 1
github.com/kinoko-dev/kinoko/internal/run/extraction/skillmd.go:324.4,324.34 1 1
github.com/kinoko-dev/kinoko/internal/run/extraction/skillmd.go:325.57,326.20 1 1
github.com/kinoko-dev/kinoko/internal/run/extraction/skillmd.go:327.41,328.21 1 1
github.com/kinoko-dev/kinoko/internal/run/extraction/skillmd.go:328.21,330.5 1 1
github.com/kinoko-dev/kinoko/internal/run/extraction/skillmd.go:333.2,333.40 1 1
github.com/kinoko-dev/kinoko/internal/run/extraction/skillmd.go:337.33,339.26 2 1
github.com/kinoko-dev/kinoko/internal/run/extraction/skillmd.go:339.26,340.17 1 1
github.com/kinoko-dev/kinoko/internal/run/extraction/skillmd.go:340.17,342.4 1 1
github.com/kinoko-dev/kinoko/internal/run/extraction/skillmd.go:344.2,344.33 1 1
github.com/kinoko-dev/kinoko/internal/run/extraction/skillmd.go:349.96,359.29 8 1
github.com/kinoko-dev/kinoko/internal/run/extraction/skillmd.go:359.29,361.36 2 1
github.com/kinoko-dev/kinoko/internal/run/extraction/skillmd.go:361.36,363.4 1 1
github.com/kinoko-dev/kinoko/internal/run/extraction/skillmd.go:365.2,379.19 11 1
github.com/kinoko-dev/kinoko/internal/run/extraction/skillmd.go:379.19,381.3 1 1
github.com/kinoko-dev/kinoko/internal/run/extraction/skillmd.go:384.2,385.29 2 1
github.com/kinoko-dev/kinoko/internal/run/extraction/skillmd.go:385.29,387.3 1 1
github.com/kinoko-dev/kinoko/internal/run/extraction/skillmd.go:388.2,392.22 3 1
github.com/kinoko-dev/kinoko/internal/run/extraction/skillmd.go:392.22,394.26 2 1
github.com/kinoko-dev/kinoko/internal/run/extraction/skillmd.go:394.26,396.4 1 0
github.com/kinoko-dev/kinoko/internal/run/extraction/skillmd.go:397.3,397.55 1 1
github.com/kinoko-dev/kinoko/internal/run/extraction/skillmd.go:401.2,402.21 2 1
github.com/kinoko-dev/kinoko/internal/run/extraction/skillmd.go:402.21,404.3 1 1
github.com/kinoko-dev/kinoko/internal/run/extraction/skillmd.go:407.2,408.54 2 1
github.com/kinoko-dev/kinoko/internal/run/extraction/skillmd.go:408.54,410.3 1 1
github.com/kinoko-dev/kinoko/internal/run/extraction/skillmd.go:412.2,412.27 1 1
github.com/kinoko-dev/kinoko/internal/run/extraction/stage1.go:22.82,30.2 1 1
github.com/kinoko-dev/kinoko/internal/run/extraction/stage1.go:32.80,34.31 1 1
github.com/kinoko-dev/kinoko/internal/run/extraction/stage1.go:34.31,36.51 2 1
github.com/kinoko-dev/kinoko/internal/run/extraction/stage1.go:36.51,44.4 1 1
github.com/kinoko-dev/kinoko/internal/run/extraction/stage1.go:47.2,56.20 3 1
github.com/kinoko-dev/kinoko/internal/run/extraction/stage1.go:56.20,58.25 2 1
github.com/kinoko-dev/kinoko/internal/run/extraction/stage1.go:58.25,60.4 1 1
github.com/kinoko-dev/kinoko/internal/run/extraction/stage1.go:61.3,61.30 1 1
github.com/kinoko-dev/kinoko/internal/run/extraction/stage1.go:61.30,63.4 1 1
github.com/kinoko-dev/kinoko/internal/run/extraction/stage1.go:64.3,64.26 1 1
github.com/kinoko-dev/kinoko/internal/run/extraction/stage1.go:64.26,66.4 1 1
github.com/kinoko-dev/kinoko/internal/run/extraction/stage1.go:67.3,67.29 1 1
github.com/kinoko-dev/kinoko/internal/run/extraction/stage1.go:67.29,69.4 1 1
github.com/kinoko-dev/kinoko/internal/run/extraction/stage1.go:70.3,71.81 2 1
github.com/kinoko-dev/kinoko/internal/run/extraction/stage1.go:72.8,74.3 1 1
github.com/kinoko-dev/kinoko/internal/run/extraction/stage1.go:76.2,76.15 1 1
github.com/kinoko-dev/kinoko/internal/run/extraction/stage2.go:43.13,45.29 2 1
github.com/kinoko-dev/kinoko/internal/run/extraction/stage2.go:45.29,47.3 1 1
github.com/kinoko-dev/kinoko/internal/run/extraction/stage2.go:71.16,80.2 1 1
github.com/kinoko-dev/kinoko/internal/run/extraction/stage2.go:82.125,87.16 3 1
github.com/kinoko-dev/kinoko/internal/run/extraction/stage2.go:87.16,89.3 1 1
github.com/kinoko-dev/kinoko/internal/run/extraction/stage2.go:91.2,92.16 2 1
github.com/kinoko-dev/kinoko/internal/run/extraction/stage2.go:92.16,94.3 1 1
github.com/kinoko-dev/kinoko/internal/run/extraction/stage2.go:96.2,97.20 2 1
github.com/kinoko-dev/kinoko/internal/run/extraction/stage2.go:97.20,100.3 1 1
github.com/kinoko-dev/kinoko/internal/run/extraction/stage2.go:100.8,103.3 1 1
github.com/kinoko-dev/kinoko/internal/run/extraction/stage2.go:105.2,106.20 2 1
github.com/kinoko-dev/kinoko/internal/run/extraction/stage2.go:106.20,108.3 1 1
github.com/kinoko-dev/kinoko/internal/run/extraction/stage2.go:110.2,110.26 1 1
github.com/kinoko-dev/kinoko/internal/run/extraction/stage2.go:110.26,115.3 4 1
github.com/kinoko-dev/kinoko/internal/run/extraction/stage2.go:116.2,116.26 1 1
github.com/kinoko-dev/kinoko/internal/run/extraction/stage2.go:116.26,121.3 4 1
github.com/kinoko-dev/kinoko/internal/run/extraction/stage2.go:126.2,128.19 3 1
github.com/kinoko-dev/kinoko/internal/run/extraction/stage2.go:128.19,131.17 2 1
github.com/kinoko-dev/kinoko/internal/run/extraction/stage2.go:131.17,133.4 1 1
github.com/kinoko-dev/kinoko/internal/run/extraction/stage2.go:134.3,134.28 1 1
github.com/kinoko-dev/kinoko/internal/run/extraction/stage2.go:135.8,137.3 1 0
github.com/kinoko-dev/kinoko/internal/run/extraction/stage2.go:139.2,144.16 4 1
github.com/kinoko-dev/kinoko/internal/run/extraction/stage2.go:144.16,146.3 1 1
github.com/kinoko-dev/kinoko/internal/run/extraction/stage2.go:148.2,149.16 2 1
github.com/kinoko-dev/kinoko/internal/run/extraction/stage2.go:149.16,151.3 1 1
github.com/kinoko-dev/kinoko/internal/run/extraction/stage2.go:154.2,154.49 1 1
github.com/kinoko-dev/kinoko/internal/run/extraction/stage2.go:154.49,156.3 1 1
github.com/kinoko-dev/kinoko/internal/run/extraction/stage2.go:159.2,169.42 7 1
github.com/kinoko-dev/kinoko/internal/run/extraction/stage2.go:169.42,173.3 3 1
github.com/kinoko-dev/kinoko/internal/run/extraction/stage2.go:175.2,177.20 3 1
github.com/kinoko-dev/kinoko/internal/run/extraction/stage2.go:191.65,201.2 1 1
github.com/kinoko-dev/kinoko/internal/run/extraction/stage2.go:213.52,221.2 1 1
github.com/kinoko-dev/kinoko/internal/run/extraction/stage2.go:224.44,234.30 2 1
github.com/kinoko-dev/kinoko/internal/run/extraction/stage2.go:234.30,235.21 1 1
github.com/kinoko-dev/kinoko/internal/run/extraction/stage2.go:235.21,237.4 1 1
github.com/kinoko-dev/kinoko/internal/run/extraction/stage2.go:239.2,239.12 1 1
github.com/kinoko-dev/kinoko/internal/run/extraction/stage2.go:243.66,244.11 1 1
github.com/kinoko-dev/kinoko/internal/run/extraction/stage2.go:245.84,246.11 1 1
github.com/kinoko-dev/kinoko/internal/run/extraction/stage2.go:247.10,248.32 1 1
github.com/kinoko-dev/kinoko/internal/run/extraction/stage2.go:253.34,255.2 1 1
github.com/kinoko-dev/kinoko/internal/run/extraction/stage2.go:258.51,260.29 2 1
github.com/kinoko-dev/kinoko/internal/run/extraction/stage2.go:260.29,261.23 1 1
github.com/kinoko-dev/kinoko/internal/run/extraction/stage2.go:261.23,263.4 1 1
github.com/kinoko-dev/kinoko/internal/run/extraction/stage2.go:265.2,265.14 1 1
github.com/kinoko-dev/kinoko/internal/run/extraction/stage2.go:268.47,302.2 1 1
github.com/kinoko-dev/kinoko/internal/run/extraction/stage3.go:49.16,62.47 2 1
github.com/kinoko-dev/kinoko/internal/run/extraction/stage3.go:62.47,64.3 1 1
github.com/kinoko-dev/kinoko/internal/run/extraction/stage3.go:65.2,65.10 1 1
github.com/kinoko-dev/kinoko/internal/run/extraction/stage3.go:68.72,70.16 2 1
github.com/kinoko-dev/kinoko/internal/run/extraction/stage3.go:70.16,71.76 1 0
github.com/kinoko-dev/kinoko/internal/run/extraction/stage3.go:73.2,73.10 1 1
github.com/kinoko-dev/kinoko/internal/run/extraction/stage3.go:76.156,80.19 2 1
github.com/kinoko-dev/kinoko/internal/run/extraction/stage3.go:80.19,82.3 1 1
github.com/kinoko-dev/kinoko/internal/run/extraction/stage3.go:83.2,83.23 1 1
github.com/kinoko-dev/kinoko/internal/run/extraction/stage3.go:83.23,85.3 1 1
github.com/kinoko-dev/kinoko/internal/run/extraction/stage3.go:86.2,86.20 1 1
github.com/kinoko-dev/kinoko/internal/run/extraction/stage3.go:86.20,88.3 1 1
github.com/kinoko-dev/kinoko/internal/run/extraction/stage3.go:91.2,91.34 1 1
github.com/kinoko-dev/kinoko/internal/run/extraction/stage3.go:91.34,93.3 1 1
github.com/kinoko-dev/kinoko/internal/run/extraction/stage3.go:95.2,98.37 2 1
github.com/kinoko-dev/kinoko/internal/run/extraction/stage3.go:98.37,100.3 1 1
github.com/kinoko-dev/kinoko/internal/run/extraction/stage3.go:103.2,104.35 2 1
github.com/kinoko-dev/kinoko/internal/run/extraction/stage3.go:104.35,107.3 1 1
github.com/kinoko-dev/kinoko/internal/run/extraction/stage3.go:110.2,114.16 3 1
github.com/kinoko-dev/kinoko/internal/run/extraction/stage3.go:114.16,119.3 4 1
github.com/kinoko-dev/kinoko/internal/run/extraction/stage3.go:121.2,125.16 3 1
github.com/kinoko-dev/kinoko/internal/run/extraction/stage3.go:125.16,135.3 3 1
github.com/kinoko-dev/kinoko/internal/run/extraction/stage3.go:137.2,149.20 6 1
github.com/kinoko-dev/kinoko/internal/run/extraction/stage3.go:164.83,166.16 2 1
github.com/kinoko-dev/kinoko/internal/run/extraction/stage3.go:166.16,168.3 1 1
github.com/kinoko-dev/kinoko/internal/run/extraction/stage3.go:171.2,172.49 2 1
github.com/kinoko-dev/kinoko/internal/run/extraction/stage3.go:172.49,174.3 1 1
github.com/kinoko-dev/kinoko/internal/run/extraction/stage3.go:177.2,177.45 1 1
github.com/kinoko-dev/kinoko/internal/run/extraction/stage3.go:177.45,179.3 1 1
github.com/kinoko-dev/kinoko/internal/run/extraction/stage3.go:182.2,183.14 2 1
github.com/kinoko-dev/kinoko/internal/run/extraction/stage3.go:183.14,185.3 1 1
github.com/kinoko-dev/kinoko/internal/run/extraction/stage3.go:186.2,186.16 1 1
github.com/kinoko-dev/kinoko/internal/run/extraction/stage3.go:186.16,188.3 1 1
github.com/kinoko-dev/kinoko/internal/run/extraction/stage3.go:190.2,196.56 4 1
github.com/kinoko-dev/kinoko/internal/run/extraction/stage3.go:196.56,199.3 2 1
github.com/kinoko-dev/kinoko/internal/run/extraction/stage3.go:201.2,201.54 1 1
github.com/kinoko-dev/kinoko/internal/run/extraction/stage3.go:201.54,204.3 2 1
github.com/kinoko-dev/kinoko/internal/run/extraction/stage3.go:206.2,217.32 3 1
github.com/kinoko-dev/kinoko/internal/run/extraction/stage3.go:217.32,219.3 1 1
github.com/kinoko-dev/kinoko/internal/run/extraction/stage3.go:220.2,220.20 1 1
github.com/kinoko-dev/kinoko/internal/run/extraction/stage3.go:224.50,228.2 2 1
github.com/kinoko-dev/kinoko/internal/run/extraction/stage3.go:231.64,239.2 1 1
github.com/kinoko-dev/kinoko/internal/run/extraction/stage3.go:248.118,253.53 4 1
github.com/kinoko-dev/kinoko/internal/run/extraction/stage3.go:253.53,254.18 1 1
github.com/kinoko-dev/kinoko/internal/run/extraction/stage3.go:254.18,255.36 1 1
github.com/kinoko-dev/kinoko/internal/run/extraction/stage3.go:255.36,257.5 1 0
github.com/kinoko-dev/kinoko/internal/run/extraction/stage3.go:258.4,259.32 2 1
github.com/kinoko-dev/kinoko/internal/run/extraction/stage3.go:259.32,261.5 1 0
github.com/kinoko-dev/kinoko/internal/run/extraction/stage3.go:262.4,263.20 2 1
github.com/kinoko-dev/kinoko/internal/run/extraction/stage3.go:267.3,268.62 2 1
github.com/kinoko-dev/kinoko/internal/run/extraction/stage3.go:268.62,270.4 1 1
github.com/kinoko-dev/kinoko/internal/run/extraction/stage3.go:272.3,274.17 3 1
github.com/kinoko-dev/kinoko/internal/run/extraction/stage3.go:274.17,276.4 1 1
github.com/kinoko-dev/kinoko/internal/run/extraction/stage3.go:278.3,281.45 2 1
github.com/kinoko-dev/kinoko/internal/run/extraction/stage3.go:281.45,283.4 1 1
github.com/kinoko-dev/kinoko/internal/run/extraction/stage3.go:285.3,285.28 1 1
github.com/kinoko-dev/kinoko/internal/run/extraction/stage3.go:285.28,287.4 1 1
github.com/kinoko-dev/kinoko/internal/run/extraction/stage3.go:290.2,290.21 1 1
github.com/kinoko-dev/kinoko/internal/run/extraction/stage3.go:294.27,296.2 1 1
github.com/kinoko-dev/kinoko/internal/run/extraction/stage3.go:299.112,300.20 1 1
github.com/kinoko-dev/kinoko/internal/run/extraction/stage3.go:300.20,302.17 2 1
github.com/kinoko-dev/kinoko/internal/run/extraction/stage3.go:302.17,304.4 1 1
github.com/kinoko-dev/kinoko/internal/run/extraction/stage3.go:305.3,305.65 1 1
github.com/kinoko-dev/kinoko/internal/run/extraction/stage3.go:308.2,311.16 4 1
github.com/kinoko-dev/kinoko/internal/run/extraction/stage3.go:311.16,313.3 1 1
github.com/kinoko-dev/kinoko/internal/run/extraction/stage3.go:315.2,316.26 2 1
github.com/kinoko-dev/kinoko/internal/run/extraction/stage3.go:320.50,322.2 1 1
github.com/kinoko-dev/kinoko/internal/run/extraction/stage3_prompt.go:16.77,22.16 5 1
github.com/kinoko-dev/kinoko/internal/run/extraction/stage3_prompt.go:22.16,24.3 1 0
github.com/kinoko-dev/kinoko/internal/run/extraction/stage3_prompt.go:26.2,110.66 2 1
github.com/kinoko-dev/kinoko/internal/run/extraction/stage3_prompt.go:113.59,114.30 1 1
github.com/kinoko-dev/kinoko/internal/run/extraction/stage3_prompt.go:114.30,116.3 1 1
github.com/kinoko-dev/kinoko/internal/run/extraction/stage3_prompt.go:118.2,119.47 2 1
github.com/kinoko-dev/kinoko/internal/run/extraction/stage3_prompt.go:119.47,121.26 2 1
github.com/kinoko-dev/kinoko/internal/run/extraction/stage3_prompt.go:121.26,122.9 1 1
github.com/kinoko-dev/kinoko/internal/run/extraction/stage3_prompt.go:124.3,124.43 1 1
github.com/kinoko-dev/kinoko/internal/run/extraction/stage3_prompt.go:126.2,126.18 1 1
github.com/kinoko-dev/kinoko/internal/run/extraction/stage3_prompt.go:130.29,134.2 3 1
github.com/kinoko-dev/kinoko/internal/run/extraction/stage3_prompt.go:137.77,142.2 4 1
github.com/kinoko-dev/kinoko/internal/run/extraction/stage3_prompt.go:145.81,147.2 1 1
github.com/kinoko-dev/kinoko/internal/run/extraction/stage3_prompt.go:149.79,155.16 5 1
github.com/kinoko-dev/kinoko/internal/run/extraction/stage3_prompt.go:155.16,157.3 1 0
github.com/kinoko-dev/kinoko/internal/run/extraction/stage3_prompt.go:159.2,189.66 2 1
