mode: set
github.com/kinoko-dev/kinoko/internal/decay/runner.go:28.29,37.2 1 1
github.com/kinoko-dev/kinoko/internal/decay/runner.go:40.39,41.39 1 1
github.com/kinoko-dev/kinoko/internal/decay/runner.go:41.39,43.3 1 1
github.com/kinoko-dev/kinoko/internal/decay/runner.go:44.2,44.35 1 1
github.com/kinoko-dev/kinoko/internal/decay/runner.go:44.35,46.3 1 1
github.com/kinoko-dev/kinoko/internal/decay/runner.go:47.2,47.37 1 1
github.com/kinoko-dev/kinoko/internal/decay/runner.go:47.37,49.3 1 1
github.com/kinoko-dev/kinoko/internal/decay/runner.go:50.2,50.48 1 1
github.com/kinoko-dev/kinoko/internal/decay/runner.go:50.48,52.3 1 1
github.com/kinoko-dev/kinoko/internal/decay/runner.go:53.2,53.12 1 1
github.com/kinoko-dev/kinoko/internal/decay/runner.go:92.103,93.44 1 1
github.com/kinoko-dev/kinoko/internal/decay/runner.go:93.44,95.3 1 1
github.com/kinoko-dev/kinoko/internal/decay/runner.go:96.2,102.8 1 1
github.com/kinoko-dev/kinoko/internal/decay/runner.go:106.93,109.16 2 1
github.com/kinoko-dev/kinoko/internal/decay/runner.go:109.16,111.3 1 1
github.com/kinoko-dev/kinoko/internal/decay/runner.go:113.2,116.24 3 1
github.com/kinoko-dev/kinoko/internal/decay/runner.go:116.24,126.32 5 1
github.com/kinoko-dev/kinoko/internal/decay/runner.go:126.32,129.4 1 0
github.com/kinoko-dev/kinoko/internal/decay/runner.go:131.3,133.20 2 1
github.com/kinoko-dev/kinoko/internal/decay/runner.go:133.20,135.4 1 0
github.com/kinoko-dev/kinoko/internal/decay/runner.go:135.9,137.4 1 1
github.com/kinoko-dev/kinoko/internal/decay/runner.go:141.3,141.29 1 1
github.com/kinoko-dev/kinoko/internal/decay/runner.go:141.29,144.4 2 1
github.com/kinoko-dev/kinoko/internal/decay/runner.go:147.3,150.44 2 1
github.com/kinoko-dev/kinoko/internal/decay/runner.go:150.44,153.4 2 1
github.com/kinoko-dev/kinoko/internal/decay/runner.go:153.9,153.33 1 1
github.com/kinoko-dev/kinoko/internal/decay/runner.go:153.33,155.4 1 1
github.com/kinoko-dev/kinoko/internal/decay/runner.go:157.3,157.27 1 1
github.com/kinoko-dev/kinoko/internal/decay/runner.go:157.27,158.68 1 1
github.com/kinoko-dev/kinoko/internal/decay/runner.go:158.68,160.5 1 1
github.com/kinoko-dev/kinoko/internal/decay/runner.go:164.2,172.20 2 1
github.com/kinoko-dev/kinoko/internal/decay/runner.go:176.46,178.2 1 0
github.com/kinoko-dev/kinoko/internal/decay/runner.go:180.60,181.13 1 1
github.com/kinoko-dev/kinoko/internal/decay/runner.go:182.34,183.40 1 1
github.com/kinoko-dev/kinoko/internal/decay/runner.go:184.30,185.36 1 1
github.com/kinoko-dev/kinoko/internal/decay/runner.go:186.32,187.38 1 1
github.com/kinoko-dev/kinoko/internal/decay/runner.go:188.10,189.38 1 0
github.com/kinoko-dev/kinoko/internal/decay/runner.go:193.73,194.31 1 1
github.com/kinoko-dev/kinoko/internal/decay/runner.go:194.31,196.3 1 0
github.com/kinoko-dev/kinoko/internal/decay/runner.go:197.2,198.90 2 1
github.com/kinoko-dev/kinoko/internal/circuitbreaker/breaker.go:23.34,23.55 1 0
github.com/kinoko-dev/kinoko/internal/circuitbreaker/breaker.go:57.53,58.24 1 1
github.com/kinoko-dev/kinoko/internal/circuitbreaker/breaker.go:58.24,60.3 1 1
github.com/kinoko-dev/kinoko/internal/circuitbreaker/breaker.go:61.2,61.27 1 1
github.com/kinoko-dev/kinoko/internal/circuitbreaker/breaker.go:61.27,63.3 1 1
github.com/kinoko-dev/kinoko/internal/circuitbreaker/breaker.go:64.2,64.40 1 1
github.com/kinoko-dev/kinoko/internal/circuitbreaker/breaker.go:64.40,66.3 1 1
github.com/kinoko-dev/kinoko/internal/circuitbreaker/breaker.go:67.2,67.18 1 1
github.com/kinoko-dev/kinoko/internal/circuitbreaker/breaker.go:67.18,69.3 1 1
github.com/kinoko-dev/kinoko/internal/circuitbreaker/breaker.go:70.2,74.8 1 1
github.com/kinoko-dev/kinoko/internal/circuitbreaker/breaker.go:78.33,82.17 3 1
github.com/kinoko-dev/kinoko/internal/circuitbreaker/breaker.go:83.19,84.13 1 1
github.com/kinoko-dev/kinoko/internal/circuitbreaker/breaker.go:85.17,86.54 1 1
github.com/kinoko-dev/kinoko/internal/circuitbreaker/breaker.go:86.54,89.4 2 1
github.com/kinoko-dev/kinoko/internal/circuitbreaker/breaker.go:90.3,90.17 1 1
github.com/kinoko-dev/kinoko/internal/circuitbreaker/breaker.go:91.21,93.17 1 1
github.com/kinoko-dev/kinoko/internal/circuitbreaker/breaker.go:95.2,95.12 1 0
github.com/kinoko-dev/kinoko/internal/circuitbreaker/breaker.go:99.35,106.2 5 1
github.com/kinoko-dev/kinoko/internal/circuitbreaker/breaker.go:109.35,115.17 4 1
github.com/kinoko-dev/kinoko/internal/circuitbreaker/breaker.go:116.19,117.43 1 1
github.com/kinoko-dev/kinoko/internal/circuitbreaker/breaker.go:117.43,121.4 3 1
github.com/kinoko-dev/kinoko/internal/circuitbreaker/breaker.go:122.21,125.31 2 1
github.com/kinoko-dev/kinoko/internal/circuitbreaker/breaker.go:125.31,127.4 1 1
github.com/kinoko-dev/kinoko/internal/circuitbreaker/breaker.go:128.3,130.29 3 1
github.com/kinoko-dev/kinoko/internal/api/server.go:74.30,75.23 1 1
github.com/kinoko-dev/kinoko/internal/api/server.go:75.23,77.3 1 1
github.com/kinoko-dev/kinoko/internal/api/server.go:78.2,78.19 1 1
github.com/kinoko-dev/kinoko/internal/api/server.go:78.19,80.3 1 1
github.com/kinoko-dev/kinoko/internal/api/server.go:81.2,102.10 8 1
github.com/kinoko-dev/kinoko/internal/api/server.go:106.32,108.16 2 0
github.com/kinoko-dev/kinoko/internal/api/server.go:108.16,110.3 1 0
github.com/kinoko-dev/kinoko/internal/api/server.go:111.2,112.12 2 0
github.com/kinoko-dev/kinoko/internal/api/server.go:112.12,113.79 1 0
github.com/kinoko-dev/kinoko/internal/api/server.go:113.79,115.4 1 0
github.com/kinoko-dev/kinoko/internal/api/server.go:117.2,117.12 1 0
github.com/kinoko-dev/kinoko/internal/api/server.go:121.50,123.2 1 0
github.com/kinoko-dev/kinoko/internal/api/server.go:126.32,128.2 1 0
github.com/kinoko-dev/kinoko/internal/api/server.go:130.71,133.20 2 1
github.com/kinoko-dev/kinoko/internal/api/server.go:133.20,134.61 1 0
github.com/kinoko-dev/kinoko/internal/api/server.go:134.61,136.4 1 0
github.com/kinoko-dev/kinoko/internal/api/server.go:138.2,138.35 1 1
github.com/kinoko-dev/kinoko/internal/api/server.go:141.76,143.18 2 1
github.com/kinoko-dev/kinoko/internal/api/server.go:143.18,145.3 1 1
github.com/kinoko-dev/kinoko/internal/api/server.go:146.2,146.18 1 1
github.com/kinoko-dev/kinoko/internal/api/server.go:146.18,149.3 2 1
github.com/kinoko-dev/kinoko/internal/api/server.go:150.2,152.46 2 1
github.com/kinoko-dev/kinoko/internal/api/server.go:152.46,153.53 1 1
github.com/kinoko-dev/kinoko/internal/api/server.go:153.53,155.4 1 1
github.com/kinoko-dev/kinoko/internal/api/server.go:157.2,157.33 1 1
github.com/kinoko-dev/kinoko/internal/api/server.go:160.73,162.61 2 1
github.com/kinoko-dev/kinoko/internal/api/server.go:162.61,165.3 2 0
github.com/kinoko-dev/kinoko/internal/api/server.go:166.2,166.22 1 1
github.com/kinoko-dev/kinoko/internal/api/server.go:166.22,169.3 2 1
github.com/kinoko-dev/kinoko/internal/api/server.go:170.2,171.16 2 0
github.com/kinoko-dev/kinoko/internal/api/server.go:171.16,173.3 1 0
github.com/kinoko-dev/kinoko/internal/api/server.go:174.2,174.37 1 0
github.com/kinoko-dev/kinoko/internal/api/server.go:177.93,179.9 1 1
github.com/kinoko-dev/kinoko/internal/api/server.go:180.35,181.16 1 1
github.com/kinoko-dev/kinoko/internal/api/server.go:181.16,181.35 1 1
github.com/kinoko-dev/kinoko/internal/api/server.go:182.10,184.9 2 0
github.com/kinoko-dev/kinoko/internal/api/server.go:186.2,190.16 3 1
github.com/kinoko-dev/kinoko/internal/api/server.go:190.16,194.3 3 0
github.com/kinoko-dev/kinoko/internal/api/server.go:197.2,201.16 2 1
github.com/kinoko-dev/kinoko/internal/api/server.go:201.16,205.3 3 0
github.com/kinoko-dev/kinoko/internal/api/server.go:207.2,208.28 2 1
github.com/kinoko-dev/kinoko/internal/api/server.go:208.28,210.21 2 0
github.com/kinoko-dev/kinoko/internal/api/server.go:210.21,212.4 1 0
github.com/kinoko-dev/kinoko/internal/api/server.go:213.3,219.5 1 0
github.com/kinoko-dev/kinoko/internal/api/server.go:222.2,222.63 1 1
github.com/kinoko-dev/kinoko/internal/api/server.go:225.71,229.61 3 1
github.com/kinoko-dev/kinoko/internal/api/server.go:229.61,232.3 2 0
github.com/kinoko-dev/kinoko/internal/api/server.go:233.2,233.42 1 1
github.com/kinoko-dev/kinoko/internal/api/server.go:233.42,236.3 2 1
github.com/kinoko-dev/kinoko/internal/api/server.go:238.2,238.22 1 1
github.com/kinoko-dev/kinoko/internal/api/server.go:238.22,240.74 2 0
github.com/kinoko-dev/kinoko/internal/api/server.go:240.74,244.4 3 0
github.com/kinoko-dev/kinoko/internal/api/server.go:247.2,247.62 1 1
github.com/kinoko-dev/kinoko/internal/api/server.go:250.58,254.2 3 1
github.com/kinoko-dev/kinoko/internal/config/config.go:59.40,60.19 1 0
github.com/kinoko-dev/kinoko/internal/config/config.go:60.19,62.3 1 0
github.com/kinoko-dev/kinoko/internal/config/config.go:63.2,63.19 1 0
github.com/kinoko-dev/kinoko/internal/config/config.go:128.30,130.16 2 1
github.com/kinoko-dev/kinoko/internal/config/config.go:130.16,132.3 1 0
github.com/kinoko-dev/kinoko/internal/config/config.go:134.2,179.3 4 1
github.com/kinoko-dev/kinoko/internal/config/config.go:184.37,185.35 1 1
github.com/kinoko-dev/kinoko/internal/config/config.go:185.35,187.3 1 1
github.com/kinoko-dev/kinoko/internal/config/config.go:190.2,190.17 1 1
github.com/kinoko-dev/kinoko/internal/config/config.go:190.17,191.51 1 1
github.com/kinoko-dev/kinoko/internal/config/config.go:191.51,193.4 1 1
github.com/kinoko-dev/kinoko/internal/config/config.go:194.3,194.14 1 0
github.com/kinoko-dev/kinoko/internal/config/config.go:198.2,199.62 2 1
github.com/kinoko-dev/kinoko/internal/config/config.go:199.62,202.3 2 1
github.com/kinoko-dev/kinoko/internal/config/config.go:202.8,205.3 2 0
github.com/kinoko-dev/kinoko/internal/config/config.go:207.2,209.20 2 1
github.com/kinoko-dev/kinoko/internal/config/config.go:209.20,211.47 1 1
github.com/kinoko-dev/kinoko/internal/config/config.go:211.47,213.4 1 1
github.com/kinoko-dev/kinoko/internal/config/config.go:213.9,215.54 1 0
github.com/kinoko-dev/kinoko/internal/config/config.go:215.54,217.5 1 0
github.com/kinoko-dev/kinoko/internal/config/config.go:217.10,220.5 1 0
github.com/kinoko-dev/kinoko/internal/config/config.go:222.8,224.50 1 1
github.com/kinoko-dev/kinoko/internal/config/config.go:224.50,226.4 1 1
github.com/kinoko-dev/kinoko/internal/config/config.go:226.9,229.4 1 1
github.com/kinoko-dev/kinoko/internal/config/config.go:232.2,232.32 1 1
github.com/kinoko-dev/kinoko/internal/config/config.go:236.32,241.45 2 1
github.com/kinoko-dev/kinoko/internal/config/config.go:241.45,243.3 1 1
github.com/kinoko-dev/kinoko/internal/config/config.go:246.2,246.29 1 1
github.com/kinoko-dev/kinoko/internal/config/config.go:246.29,247.32 1 1
github.com/kinoko-dev/kinoko/internal/config/config.go:247.32,249.4 1 1
github.com/kinoko-dev/kinoko/internal/config/config.go:255.47,257.22 1 1
github.com/kinoko-dev/kinoko/internal/config/config.go:257.22,259.17 2 0
github.com/kinoko-dev/kinoko/internal/config/config.go:259.17,261.4 1 0
github.com/kinoko-dev/kinoko/internal/config/config.go:262.3,262.61 1 0
github.com/kinoko-dev/kinoko/internal/config/config.go:266.2,266.55 1 1
github.com/kinoko-dev/kinoko/internal/config/config.go:266.55,268.3 1 1
github.com/kinoko-dev/kinoko/internal/config/config.go:271.2,272.16 2 1
github.com/kinoko-dev/kinoko/internal/config/config.go:272.16,274.3 1 0
github.com/kinoko-dev/kinoko/internal/config/config.go:277.2,278.53 2 1
github.com/kinoko-dev/kinoko/internal/config/config.go:278.53,280.3 1 1
github.com/kinoko-dev/kinoko/internal/config/config.go:283.2,286.42 2 1
github.com/kinoko-dev/kinoko/internal/config/config.go:286.42,288.3 1 0
github.com/kinoko-dev/kinoko/internal/config/config.go:290.2,290.20 1 1
github.com/kinoko-dev/kinoko/internal/config/config.go:294.48,296.22 1 1
github.com/kinoko-dev/kinoko/internal/config/config.go:296.22,298.17 2 0
github.com/kinoko-dev/kinoko/internal/config/config.go:298.17,300.4 1 0
github.com/kinoko-dev/kinoko/internal/config/config.go:301.3,301.61 1 0
github.com/kinoko-dev/kinoko/internal/config/config.go:305.2,306.47 2 1
github.com/kinoko-dev/kinoko/internal/config/config.go:306.47,308.3 1 0
github.com/kinoko-dev/kinoko/internal/config/config.go:311.2,312.16 2 1
github.com/kinoko-dev/kinoko/internal/config/config.go:312.16,314.3 1 0
github.com/kinoko-dev/kinoko/internal/config/config.go:317.2,317.61 1 1
github.com/kinoko-dev/kinoko/internal/config/config.go:317.61,319.3 1 0
github.com/kinoko-dev/kinoko/internal/config/config.go:321.2,321.12 1 1
github.com/kinoko-dev/kinoko/internal/config/config.go:325.35,327.25 1 1
github.com/kinoko-dev/kinoko/internal/config/config.go:327.25,329.3 1 1
github.com/kinoko-dev/kinoko/internal/config/config.go:331.2,331.49 1 1
github.com/kinoko-dev/kinoko/internal/config/config.go:331.49,333.3 1 1
github.com/kinoko-dev/kinoko/internal/config/config.go:335.2,335.28 1 1
github.com/kinoko-dev/kinoko/internal/config/config.go:335.28,337.3 1 1
github.com/kinoko-dev/kinoko/internal/config/config.go:340.2,340.68 1 1
github.com/kinoko-dev/kinoko/internal/config/config.go:340.68,342.3 1 1
github.com/kinoko-dev/kinoko/internal/config/config.go:344.2,344.25 1 1
github.com/kinoko-dev/kinoko/internal/config/config.go:344.25,346.3 1 0
github.com/kinoko-dev/kinoko/internal/config/config.go:349.2,349.34 1 1
github.com/kinoko-dev/kinoko/internal/config/config.go:349.34,350.21 1 1
github.com/kinoko-dev/kinoko/internal/config/config.go:350.21,352.4 1 1
github.com/kinoko-dev/kinoko/internal/config/config.go:354.3,354.38 1 1
github.com/kinoko-dev/kinoko/internal/config/config.go:354.38,356.4 1 1
github.com/kinoko-dev/kinoko/internal/config/config.go:358.3,358.38 1 1
github.com/kinoko-dev/kinoko/internal/config/config.go:358.38,360.4 1 1
github.com/kinoko-dev/kinoko/internal/config/config.go:362.3,362.23 1 1
github.com/kinoko-dev/kinoko/internal/config/config.go:362.23,364.4 1 0
github.com/kinoko-dev/kinoko/internal/config/config.go:368.2,368.74 1 1
github.com/kinoko-dev/kinoko/internal/config/config.go:368.74,370.3 1 0
github.com/kinoko-dev/kinoko/internal/config/config.go:372.2,372.41 1 1
github.com/kinoko-dev/kinoko/internal/config/config.go:372.41,374.3 1 0
github.com/kinoko-dev/kinoko/internal/config/config.go:376.2,376.41 1 1
github.com/kinoko-dev/kinoko/internal/config/config.go:376.41,378.3 1 0
github.com/kinoko-dev/kinoko/internal/config/config.go:380.2,380.71 1 1
github.com/kinoko-dev/kinoko/internal/config/config.go:380.71,382.3 1 0
github.com/kinoko-dev/kinoko/internal/config/config.go:384.2,384.35 1 1
github.com/kinoko-dev/kinoko/internal/config/config.go:384.35,386.3 1 0
github.com/kinoko-dev/kinoko/internal/config/config.go:388.2,388.68 1 1
github.com/kinoko-dev/kinoko/internal/config/config.go:388.68,390.3 1 0
github.com/kinoko-dev/kinoko/internal/config/config.go:392.2,392.80 1 1
github.com/kinoko-dev/kinoko/internal/config/config.go:392.80,394.3 1 0
github.com/kinoko-dev/kinoko/internal/config/config.go:396.2,396.80 1 1
github.com/kinoko-dev/kinoko/internal/config/config.go:396.80,398.3 1 0
github.com/kinoko-dev/kinoko/internal/config/config.go:400.2,400.96 1 1
github.com/kinoko-dev/kinoko/internal/config/config.go:400.96,402.3 1 0
github.com/kinoko-dev/kinoko/internal/config/config.go:404.2,404.71 1 1
github.com/kinoko-dev/kinoko/internal/config/config.go:404.71,406.3 1 0
github.com/kinoko-dev/kinoko/internal/config/config.go:409.2,409.64 1 1
github.com/kinoko-dev/kinoko/internal/config/config.go:409.64,411.3 1 0
github.com/kinoko-dev/kinoko/internal/config/config.go:413.2,413.12 1 1
github.com/kinoko-dev/kinoko/internal/client/client.go:54.36,55.24 1 1
github.com/kinoko-dev/kinoko/internal/client/client.go:55.24,58.3 2 1
github.com/kinoko-dev/kinoko/internal/client/client.go:59.2,64.3 1 1
github.com/kinoko-dev/kinoko/internal/client/client.go:68.52,70.16 2 1
github.com/kinoko-dev/kinoko/internal/client/client.go:70.16,72.3 1 0
github.com/kinoko-dev/kinoko/internal/client/client.go:73.2,74.16 2 1
github.com/kinoko-dev/kinoko/internal/client/client.go:74.16,76.3 1 1
github.com/kinoko-dev/kinoko/internal/client/client.go:77.2,78.38 2 1
github.com/kinoko-dev/kinoko/internal/client/client.go:78.38,80.3 1 0
github.com/kinoko-dev/kinoko/internal/client/client.go:81.2,81.12 1 1
github.com/kinoko-dev/kinoko/internal/client/client.go:85.85,88.16 3 1
github.com/kinoko-dev/kinoko/internal/client/client.go:88.16,90.3 1 0
github.com/kinoko-dev/kinoko/internal/client/client.go:91.2,94.16 3 1
github.com/kinoko-dev/kinoko/internal/client/client.go:94.16,96.3 1 0
github.com/kinoko-dev/kinoko/internal/client/client.go:97.2,99.38 2 1
github.com/kinoko-dev/kinoko/internal/client/client.go:99.38,102.3 2 0
github.com/kinoko-dev/kinoko/internal/client/client.go:104.2,107.67 2 1
github.com/kinoko-dev/kinoko/internal/client/client.go:107.67,109.3 1 0
github.com/kinoko-dev/kinoko/internal/client/client.go:110.2,110.27 1 1
github.com/kinoko-dev/kinoko/internal/client/client.go:114.42,115.66 1 1
github.com/kinoko-dev/kinoko/internal/client/client.go:115.66,117.3 1 1
github.com/kinoko-dev/kinoko/internal/client/client.go:118.2,118.12 1 0
github.com/kinoko-dev/kinoko/internal/client/client.go:123.65,125.47 1 1
github.com/kinoko-dev/kinoko/internal/client/client.go:125.47,127.3 1 1
github.com/kinoko-dev/kinoko/internal/client/client.go:129.2,132.64 4 0
github.com/kinoko-dev/kinoko/internal/client/client.go:132.64,135.3 1 0
github.com/kinoko-dev/kinoko/internal/client/client.go:137.2,137.62 1 0
github.com/kinoko-dev/kinoko/internal/client/client.go:137.62,139.3 1 0
github.com/kinoko-dev/kinoko/internal/client/client.go:141.2,142.36 2 0
github.com/kinoko-dev/kinoko/internal/client/client.go:142.36,144.3 1 0
github.com/kinoko-dev/kinoko/internal/client/client.go:145.2,145.18 1 0
github.com/kinoko-dev/kinoko/internal/client/client.go:145.18,147.3 1 0
github.com/kinoko-dev/kinoko/internal/client/client.go:149.2,152.34 4 0
github.com/kinoko-dev/kinoko/internal/client/client.go:152.34,154.3 1 0
github.com/kinoko-dev/kinoko/internal/client/client.go:155.2,155.12 1 0
github.com/kinoko-dev/kinoko/internal/client/client.go:159.37,164.16 4 1
github.com/kinoko-dev/kinoko/internal/client/client.go:164.16,165.25 1 1
github.com/kinoko-dev/kinoko/internal/client/client.go:165.25,167.4 1 1
github.com/kinoko-dev/kinoko/internal/client/client.go:168.3,168.13 1 0
github.com/kinoko-dev/kinoko/internal/client/client.go:171.2,172.30 2 1
github.com/kinoko-dev/kinoko/internal/client/client.go:172.30,173.19 1 0
github.com/kinoko-dev/kinoko/internal/client/client.go:173.19,174.12 1 0
github.com/kinoko-dev/kinoko/internal/client/client.go:176.3,178.17 3 0
github.com/kinoko-dev/kinoko/internal/client/client.go:178.17,179.12 1 0
github.com/kinoko-dev/kinoko/internal/client/client.go:181.3,181.32 1 0
github.com/kinoko-dev/kinoko/internal/client/client.go:181.32,182.22 1 0
github.com/kinoko-dev/kinoko/internal/client/client.go:182.22,183.13 1 0
github.com/kinoko-dev/kinoko/internal/client/client.go:185.4,186.70 2 0
github.com/kinoko-dev/kinoko/internal/client/client.go:186.70,187.13 1 0
github.com/kinoko-dev/kinoko/internal/client/client.go:189.4,189.47 1 0
github.com/kinoko-dev/kinoko/internal/client/client.go:189.47,191.5 1 0
github.com/kinoko-dev/kinoko/internal/client/client.go:194.2,194.19 1 1
github.com/kinoko-dev/kinoko/internal/client/client.go:194.19,196.3 1 0
github.com/kinoko-dev/kinoko/internal/client/client.go:197.2,197.12 1 1
github.com/kinoko-dev/kinoko/internal/client/client.go:201.59,210.34 3 1
github.com/kinoko-dev/kinoko/internal/client/client.go:210.34,212.17 2 1
github.com/kinoko-dev/kinoko/internal/client/client.go:212.17,218.4 1 1
github.com/kinoko-dev/kinoko/internal/client/client.go:220.2,220.58 1 1
github.com/kinoko-dev/kinoko/internal/client/client.go:224.36,226.2 1 0
github.com/kinoko-dev/kinoko/internal/client/client.go:229.37,231.2 1 0
github.com/kinoko-dev/kinoko/internal/client/client.go:233.45,238.2 4 0
github.com/kinoko-dev/kinoko/internal/client/client.go:242.49,243.35 1 1
github.com/kinoko-dev/kinoko/internal/client/client.go:243.35,245.3 1 1
github.com/kinoko-dev/kinoko/internal/client/client.go:246.2,247.16 2 1
github.com/kinoko-dev/kinoko/internal/client/client.go:247.16,249.3 1 0
github.com/kinoko-dev/kinoko/internal/client/client.go:251.2,251.20 1 1
github.com/kinoko-dev/kinoko/internal/client/client.go:251.20,253.3 1 1
github.com/kinoko-dev/kinoko/internal/client/client.go:254.2,256.24 3 1
github.com/kinoko-dev/kinoko/internal/client/config.go:25.33,28.2 2 0
github.com/kinoko-dev/kinoko/internal/client/config.go:31.57,33.16 2 0
github.com/kinoko-dev/kinoko/internal/client/config.go:33.16,35.3 1 0
github.com/kinoko-dev/kinoko/internal/client/config.go:36.2,37.51 2 0
github.com/kinoko-dev/kinoko/internal/client/config.go:37.51,39.3 1 0
github.com/kinoko-dev/kinoko/internal/client/config.go:40.2,40.18 1 0
github.com/kinoko-dev/kinoko/internal/client/config.go:45.64,47.47 2 0
github.com/kinoko-dev/kinoko/internal/client/config.go:47.47,49.3 1 0
github.com/kinoko-dev/kinoko/internal/client/config.go:52.2,53.48 2 0
github.com/kinoko-dev/kinoko/internal/client/config.go:53.48,55.3 1 0
github.com/kinoko-dev/kinoko/internal/client/config.go:56.2,56.16 1 0
github.com/kinoko-dev/kinoko/internal/client/config.go:56.16,58.3 1 0
github.com/kinoko-dev/kinoko/internal/client/config.go:61.2,69.16 3 0
github.com/kinoko-dev/kinoko/internal/client/config.go:69.16,71.3 1 0
github.com/kinoko-dev/kinoko/internal/client/config.go:72.2,72.39 1 0
github.com/kinoko-dev/kinoko/internal/gitserver/binary.go:10.40,12.16 2 1
github.com/kinoko-dev/kinoko/internal/gitserver/binary.go:12.16,14.3 1 1
github.com/kinoko-dev/kinoko/internal/gitserver/binary.go:15.2,15.18 1 0
github.com/kinoko-dev/kinoko/internal/gitserver/committer.go:37.60,38.23 1 0
github.com/kinoko-dev/kinoko/internal/gitserver/committer.go:38.23,40.3 1 0
github.com/kinoko-dev/kinoko/internal/gitserver/committer.go:41.2,45.3 1 0
github.com/kinoko-dev/kinoko/internal/gitserver/committer.go:51.59,54.2 2 0
github.com/kinoko-dev/kinoko/internal/gitserver/committer.go:56.130,65.66 6 0
github.com/kinoko-dev/kinoko/internal/gitserver/committer.go:65.66,66.28 1 0
github.com/kinoko-dev/kinoko/internal/gitserver/committer.go:66.28,68.4 1 0
github.com/kinoko-dev/kinoko/internal/gitserver/committer.go:72.2,72.64 1 0
github.com/kinoko-dev/kinoko/internal/gitserver/committer.go:72.64,74.3 1 0
github.com/kinoko-dev/kinoko/internal/gitserver/committer.go:77.2,78.55 2 0
github.com/kinoko-dev/kinoko/internal/gitserver/committer.go:78.55,80.3 1 0
github.com/kinoko-dev/kinoko/internal/gitserver/committer.go:81.2,81.89 1 0
github.com/kinoko-dev/kinoko/internal/gitserver/committer.go:81.89,83.3 1 0
github.com/kinoko-dev/kinoko/internal/gitserver/committer.go:86.2,87.16 2 0
github.com/kinoko-dev/kinoko/internal/gitserver/committer.go:87.16,89.3 1 0
github.com/kinoko-dev/kinoko/internal/gitserver/committer.go:91.2,92.18 2 0
github.com/kinoko-dev/kinoko/internal/gitserver/committer.go:96.91,101.67 4 0
github.com/kinoko-dev/kinoko/internal/gitserver/committer.go:101.67,107.17 5 0
github.com/kinoko-dev/kinoko/internal/gitserver/committer.go:107.17,109.4 1 0
github.com/kinoko-dev/kinoko/internal/gitserver/committer.go:110.3,110.13 1 0
github.com/kinoko-dev/kinoko/internal/gitserver/committer.go:114.2,114.66 1 0
github.com/kinoko-dev/kinoko/internal/gitserver/committer.go:114.66,116.3 1 0
github.com/kinoko-dev/kinoko/internal/gitserver/committer.go:117.2,119.48 3 0
github.com/kinoko-dev/kinoko/internal/gitserver/committer.go:119.48,123.76 1 0
github.com/kinoko-dev/kinoko/internal/gitserver/committer.go:123.76,126.4 1 0
github.com/kinoko-dev/kinoko/internal/gitserver/committer.go:128.3,128.60 1 0
github.com/kinoko-dev/kinoko/internal/gitserver/committer.go:130.2,130.12 1 0
github.com/kinoko-dev/kinoko/internal/gitserver/committer.go:134.102,135.52 1 0
github.com/kinoko-dev/kinoko/internal/gitserver/committer.go:135.52,137.3 1 0
github.com/kinoko-dev/kinoko/internal/gitserver/committer.go:138.2,142.4 2 0
github.com/kinoko-dev/kinoko/internal/gitserver/committer.go:142.4,146.51 4 0
github.com/kinoko-dev/kinoko/internal/gitserver/committer.go:146.51,148.4 1 0
github.com/kinoko-dev/kinoko/internal/gitserver/committer.go:150.2,150.12 1 0
github.com/kinoko-dev/kinoko/internal/gitserver/committer.go:154.100,169.53 7 0
github.com/kinoko-dev/kinoko/internal/gitserver/committer.go:169.53,171.3 1 0
github.com/kinoko-dev/kinoko/internal/gitserver/committer.go:174.2,177.38 4 0
github.com/kinoko-dev/kinoko/internal/gitserver/committer.go:177.38,183.47 5 0
github.com/kinoko-dev/kinoko/internal/gitserver/committer.go:183.47,185.4 1 0
github.com/kinoko-dev/kinoko/internal/gitserver/committer.go:186.3,186.46 1 0
github.com/kinoko-dev/kinoko/internal/gitserver/committer.go:190.2,193.4 1 0
github.com/kinoko-dev/kinoko/internal/gitserver/committer.go:193.4,198.17 5 0
github.com/kinoko-dev/kinoko/internal/gitserver/committer.go:198.17,200.4 1 0
github.com/kinoko-dev/kinoko/internal/gitserver/committer.go:204.2,208.34 5 0
github.com/kinoko-dev/kinoko/internal/gitserver/committer.go:208.34,210.3 1 0
github.com/kinoko-dev/kinoko/internal/gitserver/committer.go:211.2,211.45 1 0
github.com/kinoko-dev/kinoko/internal/gitserver/committer.go:215.38,218.2 1 0
github.com/kinoko-dev/kinoko/internal/gitserver/hooks.go:15.49,16.41 1 1
github.com/kinoko-dev/kinoko/internal/gitserver/hooks.go:16.41,18.3 1 1
github.com/kinoko-dev/kinoko/internal/gitserver/hooks.go:19.2,19.12 1 1
github.com/kinoko-dev/kinoko/internal/gitserver/hooks.go:24.55,26.61 1 1
github.com/kinoko-dev/kinoko/internal/gitserver/hooks.go:26.61,28.3 1 1
github.com/kinoko-dev/kinoko/internal/gitserver/hooks.go:29.2,29.71 1 1
github.com/kinoko-dev/kinoko/internal/gitserver/hooks.go:29.71,31.3 1 1
github.com/kinoko-dev/kinoko/internal/gitserver/hooks.go:33.2,34.53 2 1
github.com/kinoko-dev/kinoko/internal/gitserver/hooks.go:34.53,36.3 1 0
github.com/kinoko-dev/kinoko/internal/gitserver/hooks.go:38.2,77.4 3 1
github.com/kinoko-dev/kinoko/internal/gitserver/hooks.go:77.4,80.68 2 1
github.com/kinoko-dev/kinoko/internal/gitserver/hooks.go:80.68,82.4 1 0
github.com/kinoko-dev/kinoko/internal/gitserver/hooks.go:85.2,85.12 1 1
github.com/kinoko-dev/kinoko/internal/gitserver/hooks.go:95.56,96.18 1 1
github.com/kinoko-dev/kinoko/internal/gitserver/hooks.go:96.18,98.3 1 1
github.com/kinoko-dev/kinoko/internal/gitserver/hooks.go:99.2,104.66 4 1
github.com/kinoko-dev/kinoko/internal/gitserver/hooks.go:104.66,106.3 1 1
github.com/kinoko-dev/kinoko/internal/gitserver/hooks.go:107.2,107.13 1 1
github.com/kinoko-dev/kinoko/internal/gitserver/keys.go:19.52,24.51 3 0
github.com/kinoko-dev/kinoko/internal/gitserver/keys.go:24.51,25.51 1 0
github.com/kinoko-dev/kinoko/internal/gitserver/keys.go:25.51,28.4 2 0
github.com/kinoko-dev/kinoko/internal/gitserver/keys.go:31.2,41.34 3 0
github.com/kinoko-dev/kinoko/internal/gitserver/keys.go:41.34,43.3 1 0
github.com/kinoko-dev/kinoko/internal/gitserver/keys.go:46.2,46.64 1 0
github.com/kinoko-dev/kinoko/internal/gitserver/keys.go:46.64,48.3 1 0
github.com/kinoko-dev/kinoko/internal/gitserver/keys.go:50.2,50.66 1 0
github.com/kinoko-dev/kinoko/internal/gitserver/keys.go:50.66,52.3 1 0
github.com/kinoko-dev/kinoko/internal/gitserver/keys.go:54.2,55.28 2 0
github.com/kinoko-dev/kinoko/internal/gitserver/keys.go:59.54,63.16 3 0
github.com/kinoko-dev/kinoko/internal/gitserver/keys.go:63.16,65.3 1 0
github.com/kinoko-dev/kinoko/internal/gitserver/keys.go:68.2,69.57 2 0
github.com/kinoko-dev/kinoko/internal/gitserver/keys.go:69.57,71.3 1 0
github.com/kinoko-dev/kinoko/internal/gitserver/keys.go:73.2,73.21 1 0
github.com/kinoko-dev/kinoko/internal/gitserver/server.go:42.82,46.2 3 0
github.com/kinoko-dev/kinoko/internal/gitserver/server.go:49.53,50.16 1 1
github.com/kinoko-dev/kinoko/internal/gitserver/server.go:50.16,52.3 1 1
github.com/kinoko-dev/kinoko/internal/gitserver/server.go:55.2,56.16 2 0
github.com/kinoko-dev/kinoko/internal/gitserver/server.go:56.16,58.3 1 0
github.com/kinoko-dev/kinoko/internal/gitserver/server.go:61.2,62.51 2 0
github.com/kinoko-dev/kinoko/internal/gitserver/server.go:62.51,64.3 1 0
github.com/kinoko-dev/kinoko/internal/gitserver/server.go:66.2,71.8 1 0
github.com/kinoko-dev/kinoko/internal/gitserver/server.go:75.32,83.16 3 0
github.com/kinoko-dev/kinoko/internal/gitserver/server.go:83.16,85.3 1 0
github.com/kinoko-dev/kinoko/internal/gitserver/server.go:86.2,90.16 3 0
github.com/kinoko-dev/kinoko/internal/gitserver/server.go:90.16,92.3 1 0
github.com/kinoko-dev/kinoko/internal/gitserver/server.go:95.2,109.38 6 0
github.com/kinoko-dev/kinoko/internal/gitserver/server.go:109.38,111.3 1 0
github.com/kinoko-dev/kinoko/internal/gitserver/server.go:113.2,116.41 2 0
github.com/kinoko-dev/kinoko/internal/gitserver/server.go:116.41,118.27 1 0
github.com/kinoko-dev/kinoko/internal/gitserver/server.go:118.27,120.4 1 0
github.com/kinoko-dev/kinoko/internal/gitserver/server.go:121.3,121.68 1 0
github.com/kinoko-dev/kinoko/internal/gitserver/server.go:124.2,128.12 2 0
github.com/kinoko-dev/kinoko/internal/gitserver/server.go:132.39,136.34 3 0
github.com/kinoko-dev/kinoko/internal/gitserver/server.go:136.34,146.39 2 0
github.com/kinoko-dev/kinoko/internal/gitserver/server.go:146.39,148.4 1 0
github.com/kinoko-dev/kinoko/internal/gitserver/server.go:151.3,151.63 1 0
github.com/kinoko-dev/kinoko/internal/gitserver/server.go:151.63,153.4 1 0
github.com/kinoko-dev/kinoko/internal/gitserver/server.go:155.3,155.30 1 0
github.com/kinoko-dev/kinoko/internal/gitserver/server.go:158.2,158.61 1 0
github.com/kinoko-dev/kinoko/internal/gitserver/server.go:162.31,165.42 2 0
github.com/kinoko-dev/kinoko/internal/gitserver/server.go:165.42,168.3 2 0
github.com/kinoko-dev/kinoko/internal/gitserver/server.go:171.2,171.62 1 0
github.com/kinoko-dev/kinoko/internal/gitserver/server.go:171.62,173.3 1 0
github.com/kinoko-dev/kinoko/internal/gitserver/server.go:176.2,177.12 2 0
github.com/kinoko-dev/kinoko/internal/gitserver/server.go:177.12,179.3 1 0
github.com/kinoko-dev/kinoko/internal/gitserver/server.go:181.2,181.9 1 0
github.com/kinoko-dev/kinoko/internal/gitserver/server.go:182.14,183.49 1 0
github.com/kinoko-dev/kinoko/internal/gitserver/server.go:184.38,186.46 2 0
github.com/kinoko-dev/kinoko/internal/gitserver/server.go:186.46,189.4 2 0
github.com/kinoko-dev/kinoko/internal/gitserver/server.go:190.3,191.49 2 0
github.com/kinoko-dev/kinoko/internal/gitserver/server.go:194.2,194.12 1 0
github.com/kinoko-dev/kinoko/internal/gitserver/server.go:198.64,199.26 1 0
github.com/kinoko-dev/kinoko/internal/gitserver/server.go:199.26,201.3 1 0
github.com/kinoko-dev/kinoko/internal/gitserver/server.go:203.2,216.28 5 0
github.com/kinoko-dev/kinoko/internal/gitserver/server.go:220.61,221.16 1 0
github.com/kinoko-dev/kinoko/internal/gitserver/server.go:221.16,223.3 1 0
github.com/kinoko-dev/kinoko/internal/gitserver/server.go:225.2,229.16 3 0
github.com/kinoko-dev/kinoko/internal/gitserver/server.go:229.16,231.3 1 0
github.com/kinoko-dev/kinoko/internal/gitserver/server.go:234.2,234.23 1 0
github.com/kinoko-dev/kinoko/internal/gitserver/server.go:234.23,236.21 2 0
github.com/kinoko-dev/kinoko/internal/gitserver/server.go:236.21,239.4 1 0
github.com/kinoko-dev/kinoko/internal/gitserver/server.go:242.2,243.12 2 0
github.com/kinoko-dev/kinoko/internal/gitserver/server.go:247.48,251.16 3 0
github.com/kinoko-dev/kinoko/internal/gitserver/server.go:251.16,253.3 1 0
github.com/kinoko-dev/kinoko/internal/gitserver/server.go:256.2,259.29 3 0
github.com/kinoko-dev/kinoko/internal/gitserver/server.go:259.29,261.17 2 0
github.com/kinoko-dev/kinoko/internal/gitserver/server.go:261.17,262.12 1 0
github.com/kinoko-dev/kinoko/internal/gitserver/server.go:267.3,268.21 2 0
github.com/kinoko-dev/kinoko/internal/gitserver/server.go:268.21,270.4 1 0
github.com/kinoko-dev/kinoko/internal/gitserver/server.go:273.2,274.19 2 0
github.com/kinoko-dev/kinoko/internal/gitserver/server.go:278.48,279.16 1 0
github.com/kinoko-dev/kinoko/internal/gitserver/server.go:279.16,281.3 1 0
github.com/kinoko-dev/kinoko/internal/gitserver/server.go:283.2,286.16 3 0
github.com/kinoko-dev/kinoko/internal/gitserver/server.go:286.16,288.3 1 0
github.com/kinoko-dev/kinoko/internal/gitserver/server.go:290.2,291.12 2 0
github.com/kinoko-dev/kinoko/internal/gitserver/server.go:295.50,297.2 1 0
github.com/kinoko-dev/kinoko/internal/gitserver/server.go:300.53,306.38 1 0
github.com/kinoko-dev/kinoko/internal/gitserver/server.go:306.38,306.68 1 0
github.com/kinoko-dev/kinoko/internal/gitserver/server.go:307.39,309.4 1 0
github.com/kinoko-dev/kinoko/internal/extraction/logparser.go:26.80,44.21 11 0
github.com/kinoko-dev/kinoko/internal/extraction/logparser.go:44.21,47.34 2 0
github.com/kinoko-dev/kinoko/internal/extraction/logparser.go:47.34,48.42 1 0
github.com/kinoko-dev/kinoko/internal/extraction/logparser.go:48.42,52.7 1 0
github.com/kinoko-dev/kinoko/internal/extraction/logparser.go:52.7,53.53 1 0
github.com/kinoko-dev/kinoko/internal/extraction/logparser.go:53.53,55.12 2 0
github.com/kinoko-dev/kinoko/internal/extraction/logparser.go:61.3,61.36 1 0
github.com/kinoko-dev/kinoko/internal/extraction/logparser.go:61.36,63.4 1 0
github.com/kinoko-dev/kinoko/internal/extraction/logparser.go:64.3,64.37 1 0
github.com/kinoko-dev/kinoko/internal/extraction/logparser.go:64.37,66.4 1 0
github.com/kinoko-dev/kinoko/internal/extraction/logparser.go:67.3,67.36 1 0
github.com/kinoko-dev/kinoko/internal/extraction/logparser.go:67.36,69.4 1 0
github.com/kinoko-dev/kinoko/internal/extraction/logparser.go:70.3,70.89 1 0
github.com/kinoko-dev/kinoko/internal/extraction/logparser.go:70.89,72.4 1 0
github.com/kinoko-dev/kinoko/internal/extraction/logparser.go:75.2,76.26 2 0
github.com/kinoko-dev/kinoko/internal/extraction/logparser.go:76.26,79.3 2 0
github.com/kinoko-dev/kinoko/internal/extraction/logparser.go:79.8,82.3 2 0
github.com/kinoko-dev/kinoko/internal/extraction/logparser.go:84.2,85.33 2 0
github.com/kinoko-dev/kinoko/internal/extraction/logparser.go:85.33,87.3 1 0
github.com/kinoko-dev/kinoko/internal/extraction/logparser.go:89.2,94.31 5 0
github.com/kinoko-dev/kinoko/internal/extraction/logparser.go:94.31,96.3 1 0
github.com/kinoko-dev/kinoko/internal/extraction/logparser.go:98.2,100.16 2 0
github.com/kinoko-dev/kinoko/internal/extraction/logparser.go:104.41,106.2 1 0
github.com/kinoko-dev/kinoko/internal/extraction/pipeline.go:80.57,81.23 1 1
github.com/kinoko-dev/kinoko/internal/extraction/pipeline.go:81.23,83.3 1 0
github.com/kinoko-dev/kinoko/internal/extraction/pipeline.go:84.2,84.23 1 1
github.com/kinoko-dev/kinoko/internal/extraction/pipeline.go:84.23,86.3 1 0
github.com/kinoko-dev/kinoko/internal/extraction/pipeline.go:87.2,87.23 1 1
github.com/kinoko-dev/kinoko/internal/extraction/pipeline.go:87.23,89.3 1 1
github.com/kinoko-dev/kinoko/internal/extraction/pipeline.go:90.2,90.20 1 1
github.com/kinoko-dev/kinoko/internal/extraction/pipeline.go:90.20,92.3 1 0
github.com/kinoko-dev/kinoko/internal/extraction/pipeline.go:93.2,94.14 2 1
github.com/kinoko-dev/kinoko/internal/extraction/pipeline.go:94.14,96.3 1 1
github.com/kinoko-dev/kinoko/internal/extraction/pipeline.go:97.2,98.15 2 1
github.com/kinoko-dev/kinoko/internal/extraction/pipeline.go:98.15,100.3 1 1
github.com/kinoko-dev/kinoko/internal/extraction/pipeline.go:102.2,102.26 1 1
github.com/kinoko-dev/kinoko/internal/extraction/pipeline.go:102.26,104.3 1 1
github.com/kinoko-dev/kinoko/internal/extraction/pipeline.go:106.2,120.8 1 1
github.com/kinoko-dev/kinoko/internal/extraction/pipeline.go:124.57,126.2 1 0
github.com/kinoko-dev/kinoko/internal/extraction/pipeline.go:129.127,139.23 4 1
github.com/kinoko-dev/kinoko/internal/extraction/pipeline.go:139.23,141.65 2 0
github.com/kinoko-dev/kinoko/internal/extraction/pipeline.go:141.65,144.4 1 0
github.com/kinoko-dev/kinoko/internal/extraction/pipeline.go:148.2,154.16 6 1
github.com/kinoko-dev/kinoko/internal/extraction/pipeline.go:154.16,167.3 6 1
github.com/kinoko-dev/kinoko/internal/extraction/pipeline.go:168.2,175.16 6 1
github.com/kinoko-dev/kinoko/internal/extraction/pipeline.go:175.16,189.3 7 1
github.com/kinoko-dev/kinoko/internal/extraction/pipeline.go:190.2,192.16 2 1
github.com/kinoko-dev/kinoko/internal/extraction/pipeline.go:192.16,205.3 6 1
github.com/kinoko-dev/kinoko/internal/extraction/pipeline.go:206.2,213.16 6 1
github.com/kinoko-dev/kinoko/internal/extraction/pipeline.go:213.16,227.3 7 1
github.com/kinoko-dev/kinoko/internal/extraction/pipeline.go:228.2,230.16 2 1
github.com/kinoko-dev/kinoko/internal/extraction/pipeline.go:230.16,243.3 6 1
github.com/kinoko-dev/kinoko/internal/extraction/pipeline.go:244.2,268.23 6 1
github.com/kinoko-dev/kinoko/internal/extraction/pipeline.go:268.23,270.20 2 0
github.com/kinoko-dev/kinoko/internal/extraction/pipeline.go:270.20,272.4 1 0
github.com/kinoko-dev/kinoko/internal/extraction/pipeline.go:272.9,274.4 1 0
github.com/kinoko-dev/kinoko/internal/extraction/pipeline.go:277.2,280.60 2 1
github.com/kinoko-dev/kinoko/internal/extraction/pipeline.go:280.60,286.3 2 0
github.com/kinoko-dev/kinoko/internal/extraction/pipeline.go:289.2,289.24 1 1
github.com/kinoko-dev/kinoko/internal/extraction/pipeline.go:289.24,293.23 4 1
github.com/kinoko-dev/kinoko/internal/extraction/pipeline.go:293.23,307.4 7 1
github.com/kinoko-dev/kinoko/internal/extraction/pipeline.go:308.3,309.129 2 1
github.com/kinoko-dev/kinoko/internal/extraction/pipeline.go:312.2,324.23 5 1
github.com/kinoko-dev/kinoko/internal/extraction/pipeline.go:324.23,327.71 3 0
github.com/kinoko-dev/kinoko/internal/extraction/pipeline.go:327.71,329.4 1 0
github.com/kinoko-dev/kinoko/internal/extraction/pipeline.go:332.2,333.20 2 1
github.com/kinoko-dev/kinoko/internal/extraction/pipeline.go:337.123,338.23 1 1
github.com/kinoko-dev/kinoko/internal/extraction/pipeline.go:338.23,340.3 1 1
github.com/kinoko-dev/kinoko/internal/extraction/pipeline.go:341.2,342.43 2 0
github.com/kinoko-dev/kinoko/internal/extraction/pipeline.go:342.43,343.52 1 0
github.com/kinoko-dev/kinoko/internal/extraction/pipeline.go:343.52,346.4 2 0
github.com/kinoko-dev/kinoko/internal/extraction/pipeline.go:346.9,346.59 1 0
github.com/kinoko-dev/kinoko/internal/extraction/pipeline.go:346.59,349.4 2 0
github.com/kinoko-dev/kinoko/internal/extraction/pipeline.go:349.9,349.59 1 0
github.com/kinoko-dev/kinoko/internal/extraction/pipeline.go:349.59,352.4 2 0
github.com/kinoko-dev/kinoko/internal/extraction/pipeline.go:354.2,354.40 1 0
github.com/kinoko-dev/kinoko/internal/extraction/pipeline.go:354.40,356.3 1 0
github.com/kinoko-dev/kinoko/internal/extraction/pipeline.go:357.2,357.69 1 0
github.com/kinoko-dev/kinoko/internal/extraction/pipeline.go:357.69,359.3 1 0
github.com/kinoko-dev/kinoko/internal/extraction/sampling.go:16.32,18.16 2 1
github.com/kinoko-dev/kinoko/internal/extraction/sampling.go:18.16,20.52 1 0
github.com/kinoko-dev/kinoko/internal/extraction/sampling.go:22.2,22.23 1 1
github.com/kinoko-dev/kinoko/internal/extraction/sampling.go:28.103,29.44 1 1
github.com/kinoko-dev/kinoko/internal/extraction/sampling.go:29.44,31.3 1 1
github.com/kinoko-dev/kinoko/internal/extraction/sampling.go:33.2,35.17 3 1
github.com/kinoko-dev/kinoko/internal/extraction/sampling.go:35.17,37.3 1 1
github.com/kinoko-dev/kinoko/internal/extraction/sampling.go:40.2,45.17 5 1
github.com/kinoko-dev/kinoko/internal/extraction/sampling.go:45.17,48.3 2 1
github.com/kinoko-dev/kinoko/internal/extraction/sampling.go:48.8,51.3 2 1
github.com/kinoko-dev/kinoko/internal/extraction/sampling.go:53.2,53.21 1 1
github.com/kinoko-dev/kinoko/internal/extraction/sampling.go:53.21,55.3 1 1
github.com/kinoko-dev/kinoko/internal/extraction/sampling.go:57.2,57.23 1 1
github.com/kinoko-dev/kinoko/internal/extraction/sampling.go:57.23,60.21 2 1
github.com/kinoko-dev/kinoko/internal/extraction/sampling.go:60.21,62.4 1 0
github.com/kinoko-dev/kinoko/internal/extraction/sampling.go:63.3,64.24 2 1
github.com/kinoko-dev/kinoko/internal/extraction/sampling.go:64.24,66.4 1 1
github.com/kinoko-dev/kinoko/internal/extraction/sampling.go:69.2,70.16 2 1
github.com/kinoko-dev/kinoko/internal/extraction/sampling.go:70.16,73.3 2 0
github.com/kinoko-dev/kinoko/internal/extraction/sampling.go:75.2,75.76 1 1
github.com/kinoko-dev/kinoko/internal/extraction/sampling.go:75.76,78.3 2 0
github.com/kinoko-dev/kinoko/internal/extraction/sampling.go:80.2,80.17 1 1
github.com/kinoko-dev/kinoko/internal/extraction/sampling.go:80.17,82.3 1 1
github.com/kinoko-dev/kinoko/internal/extraction/sampling.go:82.8,84.3 1 1
github.com/kinoko-dev/kinoko/internal/extraction/sampling.go:86.2,87.96 1 1
github.com/kinoko-dev/kinoko/internal/extraction/skillmd.go:13.90,14.23 1 1
github.com/kinoko-dev/kinoko/internal/extraction/skillmd.go:14.23,18.27 3 1
github.com/kinoko-dev/kinoko/internal/extraction/skillmd.go:18.27,20.17 2 1
github.com/kinoko-dev/kinoko/internal/extraction/skillmd.go:20.17,22.5 1 1
github.com/kinoko-dev/kinoko/internal/extraction/skillmd.go:24.3,24.54 1 1
github.com/kinoko-dev/kinoko/internal/extraction/skillmd.go:24.54,25.22 1 1
github.com/kinoko-dev/kinoko/internal/extraction/skillmd.go:25.22,28.5 2 1
github.com/kinoko-dev/kinoko/internal/extraction/skillmd.go:29.4,29.15 1 1
github.com/kinoko-dev/kinoko/internal/extraction/skillmd.go:34.2,34.20 1 1
github.com/kinoko-dev/kinoko/internal/extraction/skillmd.go:34.20,36.3 1 1
github.com/kinoko-dev/kinoko/internal/extraction/skillmd.go:37.2,37.24 1 1
github.com/kinoko-dev/kinoko/internal/extraction/skillmd.go:42.29,45.26 3 1
github.com/kinoko-dev/kinoko/internal/extraction/skillmd.go:45.26,46.27 1 1
github.com/kinoko-dev/kinoko/internal/extraction/skillmd.go:46.27,49.13 1 1
github.com/kinoko-dev/kinoko/internal/extraction/skillmd.go:49.13,54.82 5 1
github.com/kinoko-dev/kinoko/internal/extraction/skillmd.go:54.82,56.6 1 1
github.com/kinoko-dev/kinoko/internal/extraction/skillmd.go:58.4,58.34 1 1
github.com/kinoko-dev/kinoko/internal/extraction/skillmd.go:59.9,59.62 1 1
github.com/kinoko-dev/kinoko/internal/extraction/skillmd.go:59.62,61.4 1 1
github.com/kinoko-dev/kinoko/internal/extraction/skillmd.go:61.9,61.46 1 1
github.com/kinoko-dev/kinoko/internal/extraction/skillmd.go:61.46,62.21 1 1
github.com/kinoko-dev/kinoko/internal/extraction/skillmd.go:62.21,64.5 1 1
github.com/kinoko-dev/kinoko/internal/extraction/skillmd.go:67.2,67.40 1 1
github.com/kinoko-dev/kinoko/internal/extraction/skillmd.go:71.33,73.26 2 1
github.com/kinoko-dev/kinoko/internal/extraction/skillmd.go:73.26,74.17 1 1
github.com/kinoko-dev/kinoko/internal/extraction/skillmd.go:74.17,76.4 1 1
github.com/kinoko-dev/kinoko/internal/extraction/skillmd.go:78.2,78.33 1 1
github.com/kinoko-dev/kinoko/internal/extraction/skillmd.go:83.96,92.29 7 1
github.com/kinoko-dev/kinoko/internal/extraction/skillmd.go:92.29,94.36 2 1
github.com/kinoko-dev/kinoko/internal/extraction/skillmd.go:94.36,96.4 1 1
github.com/kinoko-dev/kinoko/internal/extraction/skillmd.go:98.2,112.19 11 1
github.com/kinoko-dev/kinoko/internal/extraction/skillmd.go:112.19,114.3 1 1
github.com/kinoko-dev/kinoko/internal/extraction/skillmd.go:117.2,118.29 2 1
github.com/kinoko-dev/kinoko/internal/extraction/skillmd.go:118.29,120.3 1 1
github.com/kinoko-dev/kinoko/internal/extraction/skillmd.go:121.2,125.22 3 1
github.com/kinoko-dev/kinoko/internal/extraction/skillmd.go:125.22,127.26 2 1
github.com/kinoko-dev/kinoko/internal/extraction/skillmd.go:127.26,129.4 1 0
github.com/kinoko-dev/kinoko/internal/extraction/skillmd.go:130.3,130.55 1 1
github.com/kinoko-dev/kinoko/internal/extraction/skillmd.go:134.2,135.21 2 1
github.com/kinoko-dev/kinoko/internal/extraction/skillmd.go:135.21,137.3 1 1
github.com/kinoko-dev/kinoko/internal/extraction/skillmd.go:140.2,141.54 2 1
github.com/kinoko-dev/kinoko/internal/extraction/skillmd.go:141.54,143.3 1 1
github.com/kinoko-dev/kinoko/internal/extraction/skillmd.go:145.2,145.27 1 1
github.com/kinoko-dev/kinoko/internal/extraction/stage1.go:22.82,30.2 1 1
github.com/kinoko-dev/kinoko/internal/extraction/stage1.go:32.80,34.31 1 1
github.com/kinoko-dev/kinoko/internal/extraction/stage1.go:34.31,36.51 2 1
github.com/kinoko-dev/kinoko/internal/extraction/stage1.go:36.51,44.4 1 1
github.com/kinoko-dev/kinoko/internal/extraction/stage1.go:47.2,56.20 3 1
github.com/kinoko-dev/kinoko/internal/extraction/stage1.go:56.20,58.25 2 1
github.com/kinoko-dev/kinoko/internal/extraction/stage1.go:58.25,60.4 1 1
github.com/kinoko-dev/kinoko/internal/extraction/stage1.go:61.3,61.30 1 1
github.com/kinoko-dev/kinoko/internal/extraction/stage1.go:61.30,63.4 1 1
github.com/kinoko-dev/kinoko/internal/extraction/stage1.go:64.3,64.26 1 1
github.com/kinoko-dev/kinoko/internal/extraction/stage1.go:64.26,66.4 1 1
github.com/kinoko-dev/kinoko/internal/extraction/stage1.go:67.3,67.29 1 1
github.com/kinoko-dev/kinoko/internal/extraction/stage1.go:67.29,69.4 1 1
github.com/kinoko-dev/kinoko/internal/extraction/stage1.go:70.3,71.81 2 1
github.com/kinoko-dev/kinoko/internal/extraction/stage1.go:72.8,74.3 1 1
github.com/kinoko-dev/kinoko/internal/extraction/stage1.go:76.2,76.15 1 1
github.com/kinoko-dev/kinoko/internal/extraction/stage2.go:44.13,46.29 2 1
github.com/kinoko-dev/kinoko/internal/extraction/stage2.go:46.29,48.3 1 1
github.com/kinoko-dev/kinoko/internal/extraction/stage2.go:82.16,91.2 1 1
github.com/kinoko-dev/kinoko/internal/extraction/stage2.go:93.125,98.16 3 1
github.com/kinoko-dev/kinoko/internal/extraction/stage2.go:98.16,100.3 1 1
github.com/kinoko-dev/kinoko/internal/extraction/stage2.go:102.2,103.16 2 1
github.com/kinoko-dev/kinoko/internal/extraction/stage2.go:103.16,105.3 1 1
github.com/kinoko-dev/kinoko/internal/extraction/stage2.go:107.2,108.20 2 1
github.com/kinoko-dev/kinoko/internal/extraction/stage2.go:108.20,111.3 1 1
github.com/kinoko-dev/kinoko/internal/extraction/stage2.go:111.8,114.3 1 1
github.com/kinoko-dev/kinoko/internal/extraction/stage2.go:116.2,118.26 2 1
github.com/kinoko-dev/kinoko/internal/extraction/stage2.go:118.26,123.3 4 1
github.com/kinoko-dev/kinoko/internal/extraction/stage2.go:124.2,124.26 1 1
github.com/kinoko-dev/kinoko/internal/extraction/stage2.go:124.26,129.3 4 1
github.com/kinoko-dev/kinoko/internal/extraction/stage2.go:134.2,136.19 3 1
github.com/kinoko-dev/kinoko/internal/extraction/stage2.go:136.19,139.17 2 1
github.com/kinoko-dev/kinoko/internal/extraction/stage2.go:139.17,141.4 1 1
github.com/kinoko-dev/kinoko/internal/extraction/stage2.go:142.3,142.28 1 1
github.com/kinoko-dev/kinoko/internal/extraction/stage2.go:143.8,145.3 1 0
github.com/kinoko-dev/kinoko/internal/extraction/stage2.go:147.2,152.16 4 1
github.com/kinoko-dev/kinoko/internal/extraction/stage2.go:152.16,154.3 1 1
github.com/kinoko-dev/kinoko/internal/extraction/stage2.go:156.2,157.16 2 1
github.com/kinoko-dev/kinoko/internal/extraction/stage2.go:157.16,159.3 1 1
github.com/kinoko-dev/kinoko/internal/extraction/stage2.go:162.2,162.49 1 1
github.com/kinoko-dev/kinoko/internal/extraction/stage2.go:162.49,164.3 1 1
github.com/kinoko-dev/kinoko/internal/extraction/stage2.go:167.2,177.42 7 1
github.com/kinoko-dev/kinoko/internal/extraction/stage2.go:177.42,181.3 3 1
github.com/kinoko-dev/kinoko/internal/extraction/stage2.go:183.2,185.20 3 1
github.com/kinoko-dev/kinoko/internal/extraction/stage2.go:199.65,209.2 1 1
github.com/kinoko-dev/kinoko/internal/extraction/stage2.go:221.52,229.2 1 1
github.com/kinoko-dev/kinoko/internal/extraction/stage2.go:232.44,242.30 2 1
github.com/kinoko-dev/kinoko/internal/extraction/stage2.go:242.30,243.21 1 1
github.com/kinoko-dev/kinoko/internal/extraction/stage2.go:243.21,245.4 1 1
github.com/kinoko-dev/kinoko/internal/extraction/stage2.go:247.2,247.12 1 1
github.com/kinoko-dev/kinoko/internal/extraction/stage2.go:251.66,252.11 1 1
github.com/kinoko-dev/kinoko/internal/extraction/stage2.go:253.84,254.11 1 1
github.com/kinoko-dev/kinoko/internal/extraction/stage2.go:255.10,256.32 1 1
github.com/kinoko-dev/kinoko/internal/extraction/stage2.go:261.34,263.2 1 1
github.com/kinoko-dev/kinoko/internal/extraction/stage2.go:266.51,268.29 2 1
github.com/kinoko-dev/kinoko/internal/extraction/stage2.go:268.29,269.23 1 1
github.com/kinoko-dev/kinoko/internal/extraction/stage2.go:269.23,271.4 1 1
github.com/kinoko-dev/kinoko/internal/extraction/stage2.go:273.2,273.14 1 1
github.com/kinoko-dev/kinoko/internal/extraction/stage2.go:276.47,310.2 1 1
github.com/kinoko-dev/kinoko/internal/extraction/stage3.go:49.16,62.47 2 1
github.com/kinoko-dev/kinoko/internal/extraction/stage3.go:62.47,64.3 1 1
github.com/kinoko-dev/kinoko/internal/extraction/stage3.go:65.2,65.10 1 1
github.com/kinoko-dev/kinoko/internal/extraction/stage3.go:68.72,70.16 2 1
github.com/kinoko-dev/kinoko/internal/extraction/stage3.go:70.16,71.76 1 0
github.com/kinoko-dev/kinoko/internal/extraction/stage3.go:73.2,73.10 1 1
github.com/kinoko-dev/kinoko/internal/extraction/stage3.go:76.156,80.19 2 1
github.com/kinoko-dev/kinoko/internal/extraction/stage3.go:80.19,82.3 1 1
github.com/kinoko-dev/kinoko/internal/extraction/stage3.go:83.2,83.23 1 1
github.com/kinoko-dev/kinoko/internal/extraction/stage3.go:83.23,85.3 1 1
github.com/kinoko-dev/kinoko/internal/extraction/stage3.go:86.2,86.20 1 1
github.com/kinoko-dev/kinoko/internal/extraction/stage3.go:86.20,88.3 1 1
github.com/kinoko-dev/kinoko/internal/extraction/stage3.go:91.2,91.34 1 1
github.com/kinoko-dev/kinoko/internal/extraction/stage3.go:91.34,93.3 1 1
github.com/kinoko-dev/kinoko/internal/extraction/stage3.go:95.2,98.37 2 1
github.com/kinoko-dev/kinoko/internal/extraction/stage3.go:98.37,100.3 1 1
github.com/kinoko-dev/kinoko/internal/extraction/stage3.go:103.2,104.35 2 1
github.com/kinoko-dev/kinoko/internal/extraction/stage3.go:104.35,107.3 1 1
github.com/kinoko-dev/kinoko/internal/extraction/stage3.go:110.2,114.16 3 1
github.com/kinoko-dev/kinoko/internal/extraction/stage3.go:114.16,119.3 4 1
github.com/kinoko-dev/kinoko/internal/extraction/stage3.go:121.2,125.16 3 1
github.com/kinoko-dev/kinoko/internal/extraction/stage3.go:125.16,135.3 3 1
github.com/kinoko-dev/kinoko/internal/extraction/stage3.go:137.2,147.20 4 1
github.com/kinoko-dev/kinoko/internal/extraction/stage3.go:161.83,163.16 2 1
github.com/kinoko-dev/kinoko/internal/extraction/stage3.go:163.16,165.3 1 1
github.com/kinoko-dev/kinoko/internal/extraction/stage3.go:168.2,169.49 2 1
github.com/kinoko-dev/kinoko/internal/extraction/stage3.go:169.49,171.3 1 1
github.com/kinoko-dev/kinoko/internal/extraction/stage3.go:174.2,174.45 1 1
github.com/kinoko-dev/kinoko/internal/extraction/stage3.go:174.45,176.3 1 1
github.com/kinoko-dev/kinoko/internal/extraction/stage3.go:179.2,180.14 2 1
github.com/kinoko-dev/kinoko/internal/extraction/stage3.go:180.14,182.3 1 1
github.com/kinoko-dev/kinoko/internal/extraction/stage3.go:183.2,183.16 1 1
github.com/kinoko-dev/kinoko/internal/extraction/stage3.go:183.16,185.3 1 1
github.com/kinoko-dev/kinoko/internal/extraction/stage3.go:187.2,193.56 4 1
github.com/kinoko-dev/kinoko/internal/extraction/stage3.go:193.56,196.3 2 1
github.com/kinoko-dev/kinoko/internal/extraction/stage3.go:198.2,198.54 1 1
github.com/kinoko-dev/kinoko/internal/extraction/stage3.go:198.54,201.3 2 1
github.com/kinoko-dev/kinoko/internal/extraction/stage3.go:203.2,213.8 2 1
github.com/kinoko-dev/kinoko/internal/extraction/stage3.go:217.50,221.2 2 1
github.com/kinoko-dev/kinoko/internal/extraction/stage3.go:224.64,232.2 1 1
github.com/kinoko-dev/kinoko/internal/extraction/stage3.go:240.118,245.53 4 1
github.com/kinoko-dev/kinoko/internal/extraction/stage3.go:245.53,246.18 1 1
github.com/kinoko-dev/kinoko/internal/extraction/stage3.go:246.18,247.36 1 1
github.com/kinoko-dev/kinoko/internal/extraction/stage3.go:247.36,249.5 1 0
github.com/kinoko-dev/kinoko/internal/extraction/stage3.go:250.4,251.32 2 1
github.com/kinoko-dev/kinoko/internal/extraction/stage3.go:251.32,253.5 1 0
github.com/kinoko-dev/kinoko/internal/extraction/stage3.go:254.4,255.20 2 1
github.com/kinoko-dev/kinoko/internal/extraction/stage3.go:259.3,260.62 2 1
github.com/kinoko-dev/kinoko/internal/extraction/stage3.go:260.62,262.4 1 1
github.com/kinoko-dev/kinoko/internal/extraction/stage3.go:264.3,266.17 3 1
github.com/kinoko-dev/kinoko/internal/extraction/stage3.go:266.17,268.4 1 1
github.com/kinoko-dev/kinoko/internal/extraction/stage3.go:270.3,273.45 2 1
github.com/kinoko-dev/kinoko/internal/extraction/stage3.go:273.45,275.4 1 1
github.com/kinoko-dev/kinoko/internal/extraction/stage3.go:277.3,277.28 1 1
github.com/kinoko-dev/kinoko/internal/extraction/stage3.go:277.28,279.4 1 1
github.com/kinoko-dev/kinoko/internal/extraction/stage3.go:282.2,282.21 1 1
github.com/kinoko-dev/kinoko/internal/extraction/stage3.go:286.27,288.2 1 1
github.com/kinoko-dev/kinoko/internal/extraction/stage3.go:291.112,292.20 1 1
github.com/kinoko-dev/kinoko/internal/extraction/stage3.go:292.20,294.17 2 1
github.com/kinoko-dev/kinoko/internal/extraction/stage3.go:294.17,296.4 1 1
github.com/kinoko-dev/kinoko/internal/extraction/stage3.go:297.3,297.65 1 1
github.com/kinoko-dev/kinoko/internal/extraction/stage3.go:300.2,303.16 4 1
github.com/kinoko-dev/kinoko/internal/extraction/stage3.go:303.16,305.3 1 1
github.com/kinoko-dev/kinoko/internal/extraction/stage3.go:307.2,308.26 2 1
github.com/kinoko-dev/kinoko/internal/extraction/stage3.go:312.50,314.2 1 1
github.com/kinoko-dev/kinoko/internal/extraction/stage3_prompt.go:14.59,15.30 1 1
github.com/kinoko-dev/kinoko/internal/extraction/stage3_prompt.go:15.30,17.3 1 1
github.com/kinoko-dev/kinoko/internal/extraction/stage3_prompt.go:19.2,20.47 2 1
github.com/kinoko-dev/kinoko/internal/extraction/stage3_prompt.go:20.47,22.26 2 1
github.com/kinoko-dev/kinoko/internal/extraction/stage3_prompt.go:22.26,23.9 1 1
github.com/kinoko-dev/kinoko/internal/extraction/stage3_prompt.go:25.3,25.43 1 1
github.com/kinoko-dev/kinoko/internal/extraction/stage3_prompt.go:27.2,27.18 1 1
github.com/kinoko-dev/kinoko/internal/extraction/stage3_prompt.go:31.29,35.2 3 1
github.com/kinoko-dev/kinoko/internal/extraction/stage3_prompt.go:38.77,43.2 4 1
github.com/kinoko-dev/kinoko/internal/extraction/stage3_prompt.go:45.75,51.16 5 1
github.com/kinoko-dev/kinoko/internal/extraction/stage3_prompt.go:51.16,53.3 1 0
github.com/kinoko-dev/kinoko/internal/extraction/stage3_prompt.go:55.2,85.66 2 1
github.com/kinoko-dev/kinoko/internal/llmutil/json.go:16.49,19.35 2 1
github.com/kinoko-dev/kinoko/internal/llmutil/json.go:19.35,21.3 1 1
github.com/kinoko-dev/kinoko/internal/llmutil/json.go:24.2,25.62 2 1
github.com/kinoko-dev/kinoko/internal/llmutil/json.go:25.62,27.3 1 1
github.com/kinoko-dev/kinoko/internal/llmutil/json.go:30.2,30.57 1 1
github.com/kinoko-dev/kinoko/internal/llmutil/json.go:30.57,32.51 2 1
github.com/kinoko-dev/kinoko/internal/llmutil/json.go:32.51,33.90 1 1
github.com/kinoko-dev/kinoko/internal/llmutil/json.go:33.90,35.5 1 1
github.com/kinoko-dev/kinoko/internal/llmutil/json.go:40.2,40.53 1 1
github.com/kinoko-dev/kinoko/internal/llmutil/json.go:40.53,42.51 2 1
github.com/kinoko-dev/kinoko/internal/llmutil/json.go:42.51,44.69 2 1
github.com/kinoko-dev/kinoko/internal/llmutil/json.go:44.69,46.5 1 1
github.com/kinoko-dev/kinoko/internal/llmutil/json.go:51.2,53.32 3 1
github.com/kinoko-dev/kinoko/internal/llmutil/json.go:53.32,54.77 1 1
github.com/kinoko-dev/kinoko/internal/llmutil/json.go:54.77,56.4 1 1
github.com/kinoko-dev/kinoko/internal/llmutil/json.go:59.2,59.75 1 1
github.com/kinoko-dev/kinoko/internal/model/domain.go:14.38,15.21 1 1
github.com/kinoko-dev/kinoko/internal/model/domain.go:15.21,17.3 1 1
github.com/kinoko-dev/kinoko/internal/model/domain.go:18.2,18.18 1 1
github.com/kinoko-dev/kinoko/internal/model/skill.go:55.45,59.2 1 1
github.com/kinoko-dev/kinoko/internal/model/skill.go:62.41,67.2 2 1
github.com/kinoko-dev/kinoko/internal/model/skill.go:70.52,72.2 1 1
github.com/kinoko-dev/kinoko/internal/metrics/collector.go:81.67,83.25 2 0
github.com/kinoko-dev/kinoko/internal/metrics/collector.go:83.25,85.3 1 0
github.com/kinoko-dev/kinoko/internal/metrics/collector.go:86.2,86.10 1 0
github.com/kinoko-dev/kinoko/internal/metrics/collector.go:93.47,94.28 1 0
github.com/kinoko-dev/kinoko/internal/metrics/collector.go:94.28,95.12 1 0
github.com/kinoko-dev/kinoko/internal/metrics/collector.go:95.12,97.4 1 0
github.com/kinoko-dev/kinoko/internal/metrics/collector.go:102.57,108.94 2 0
github.com/kinoko-dev/kinoko/internal/metrics/collector.go:108.94,110.3 1 0
github.com/kinoko-dev/kinoko/internal/metrics/collector.go:111.2,111.128 1 0
github.com/kinoko-dev/kinoko/internal/metrics/collector.go:111.128,113.3 1 0
github.com/kinoko-dev/kinoko/internal/metrics/collector.go:114.2,114.126 1 0
github.com/kinoko-dev/kinoko/internal/metrics/collector.go:114.126,116.3 1 0
github.com/kinoko-dev/kinoko/internal/metrics/collector.go:117.2,117.122 1 0
github.com/kinoko-dev/kinoko/internal/metrics/collector.go:117.122,119.3 1 0
github.com/kinoko-dev/kinoko/internal/metrics/collector.go:120.2,120.25 1 0
github.com/kinoko-dev/kinoko/internal/metrics/collector.go:120.25,122.3 1 0
github.com/kinoko-dev/kinoko/internal/metrics/collector.go:126.2,126.144 1 0
github.com/kinoko-dev/kinoko/internal/metrics/collector.go:126.144,128.3 1 0
github.com/kinoko-dev/kinoko/internal/metrics/collector.go:129.2,129.198 1 0
github.com/kinoko-dev/kinoko/internal/metrics/collector.go:129.198,131.3 1 0
github.com/kinoko-dev/kinoko/internal/metrics/collector.go:132.2,132.23 1 0
github.com/kinoko-dev/kinoko/internal/metrics/collector.go:132.23,134.3 1 0
github.com/kinoko-dev/kinoko/internal/metrics/collector.go:137.2,138.198 2 0
github.com/kinoko-dev/kinoko/internal/metrics/collector.go:138.198,140.3 1 0
github.com/kinoko-dev/kinoko/internal/metrics/collector.go:141.2,141.23 1 0
github.com/kinoko-dev/kinoko/internal/metrics/collector.go:141.23,143.3 1 0
github.com/kinoko-dev/kinoko/internal/metrics/collector.go:146.2,148.23 3 0
github.com/kinoko-dev/kinoko/internal/metrics/collector.go:148.23,150.3 1 0
github.com/kinoko-dev/kinoko/internal/metrics/collector.go:156.2,156.189 1 0
github.com/kinoko-dev/kinoko/internal/metrics/collector.go:156.189,158.3 1 0
github.com/kinoko-dev/kinoko/internal/metrics/collector.go:159.2,159.134 1 0
github.com/kinoko-dev/kinoko/internal/metrics/collector.go:159.134,161.3 1 0
github.com/kinoko-dev/kinoko/internal/metrics/collector.go:163.2,164.146 2 0
github.com/kinoko-dev/kinoko/internal/metrics/collector.go:164.146,166.3 1 0
github.com/kinoko-dev/kinoko/internal/metrics/collector.go:167.2,168.24 2 0
github.com/kinoko-dev/kinoko/internal/metrics/collector.go:168.24,170.3 1 0
github.com/kinoko-dev/kinoko/internal/metrics/collector.go:173.2,173.104 1 0
github.com/kinoko-dev/kinoko/internal/metrics/collector.go:173.104,175.3 1 0
github.com/kinoko-dev/kinoko/internal/metrics/collector.go:176.2,176.148 1 0
github.com/kinoko-dev/kinoko/internal/metrics/collector.go:176.148,178.3 1 0
github.com/kinoko-dev/kinoko/internal/metrics/collector.go:179.2,179.25 1 0
github.com/kinoko-dev/kinoko/internal/metrics/collector.go:179.25,181.3 1 0
github.com/kinoko-dev/kinoko/internal/metrics/collector.go:183.2,183.90 1 0
github.com/kinoko-dev/kinoko/internal/metrics/collector.go:183.90,185.3 1 0
github.com/kinoko-dev/kinoko/internal/metrics/collector.go:186.2,186.127 1 0
github.com/kinoko-dev/kinoko/internal/metrics/collector.go:186.127,188.3 1 0
github.com/kinoko-dev/kinoko/internal/metrics/collector.go:189.2,189.23 1 0
github.com/kinoko-dev/kinoko/internal/metrics/collector.go:189.23,191.3 1 0
github.com/kinoko-dev/kinoko/internal/metrics/collector.go:194.2,195.16 2 0
github.com/kinoko-dev/kinoko/internal/metrics/collector.go:195.16,197.3 1 0
github.com/kinoko-dev/kinoko/internal/metrics/collector.go:198.2,199.18 2 0
github.com/kinoko-dev/kinoko/internal/metrics/collector.go:199.18,202.49 3 0
github.com/kinoko-dev/kinoko/internal/metrics/collector.go:202.49,204.4 1 0
github.com/kinoko-dev/kinoko/internal/metrics/collector.go:205.3,205.34 1 0
github.com/kinoko-dev/kinoko/internal/metrics/collector.go:207.2,207.35 1 0
github.com/kinoko-dev/kinoko/internal/metrics/collector.go:207.35,209.3 1 0
github.com/kinoko-dev/kinoko/internal/metrics/collector.go:212.2,213.131 2 0
github.com/kinoko-dev/kinoko/internal/metrics/collector.go:213.131,215.3 1 0
github.com/kinoko-dev/kinoko/internal/metrics/collector.go:216.2,216.16 1 0
github.com/kinoko-dev/kinoko/internal/metrics/collector.go:216.16,219.3 2 0
github.com/kinoko-dev/kinoko/internal/metrics/collector.go:222.2,229.25 2 0
github.com/kinoko-dev/kinoko/internal/metrics/collector.go:229.25,230.169 1 0
github.com/kinoko-dev/kinoko/internal/metrics/collector.go:230.169,232.4 1 0
github.com/kinoko-dev/kinoko/internal/metrics/collector.go:234.2,238.16 3 0
github.com/kinoko-dev/kinoko/internal/metrics/collector.go:238.16,240.3 1 0
github.com/kinoko-dev/kinoko/internal/metrics/collector.go:241.2,243.15 2 0
github.com/kinoko-dev/kinoko/internal/metrics/collector.go:246.56,249.115 2 0
github.com/kinoko-dev/kinoko/internal/metrics/collector.go:249.115,251.3 1 0
github.com/kinoko-dev/kinoko/internal/metrics/collector.go:252.2,252.18 1 0
github.com/kinoko-dev/kinoko/internal/metrics/collector.go:252.18,254.3 1 0
github.com/kinoko-dev/kinoko/internal/metrics/collector.go:256.2,259.154 2 0
github.com/kinoko-dev/kinoko/internal/metrics/collector.go:259.154,261.3 1 0
github.com/kinoko-dev/kinoko/internal/metrics/collector.go:262.2,262.150 1 0
github.com/kinoko-dev/kinoko/internal/metrics/collector.go:262.150,264.3 1 0
github.com/kinoko-dev/kinoko/internal/metrics/collector.go:267.2,267.185 1 0
github.com/kinoko-dev/kinoko/internal/metrics/collector.go:267.185,269.3 1 0
github.com/kinoko-dev/kinoko/internal/metrics/collector.go:270.2,270.181 1 0
github.com/kinoko-dev/kinoko/internal/metrics/collector.go:270.181,272.3 1 0
github.com/kinoko-dev/kinoko/internal/metrics/collector.go:274.2,274.30 1 0
github.com/kinoko-dev/kinoko/internal/metrics/collector.go:274.30,276.3 1 0
github.com/kinoko-dev/kinoko/internal/metrics/collector.go:277.2,277.28 1 0
github.com/kinoko-dev/kinoko/internal/metrics/collector.go:277.28,279.3 1 0
github.com/kinoko-dev/kinoko/internal/metrics/collector.go:282.2,283.23 2 0
github.com/kinoko-dev/kinoko/internal/metrics/collector.go:283.23,289.3 2 0
github.com/kinoko-dev/kinoko/internal/metrics/collector.go:291.2,291.16 1 0
github.com/kinoko-dev/kinoko/internal/metrics/collector.go:296.72,297.24 1 1
github.com/kinoko-dev/kinoko/internal/metrics/collector.go:297.24,299.3 1 1
github.com/kinoko-dev/kinoko/internal/metrics/collector.go:300.2,306.13 5 1
github.com/kinoko-dev/kinoko/internal/metrics/collector.go:306.13,308.3 1 1
github.com/kinoko-dev/kinoko/internal/metrics/collector.go:309.2,312.13 3 1
github.com/kinoko-dev/kinoko/internal/metrics/collector.go:317.35,328.11 3 1
github.com/kinoko-dev/kinoko/internal/metrics/collector.go:328.11,330.3 1 1
github.com/kinoko-dev/kinoko/internal/metrics/collector.go:331.2,334.29 4 1
github.com/kinoko-dev/kinoko/internal/llm/errors.go:16.35,18.2 1 1
github.com/kinoko-dev/kinoko/internal/llm/errors.go:21.34,22.16 1 1
github.com/kinoko-dev/kinoko/internal/llm/errors.go:22.16,24.3 1 1
github.com/kinoko-dev/kinoko/internal/llm/errors.go:25.2,26.29 2 1
github.com/kinoko-dev/kinoko/internal/llm/errors.go:26.29,29.3 1 1
github.com/kinoko-dev/kinoko/internal/llm/errors.go:30.2,30.20 1 1
github.com/kinoko-dev/kinoko/internal/llm/errors.go:30.20,32.3 1 1
github.com/kinoko-dev/kinoko/internal/llm/errors.go:33.2,34.45 2 1
github.com/kinoko-dev/kinoko/internal/llm/errors.go:38.32,39.16 1 1
github.com/kinoko-dev/kinoko/internal/llm/errors.go:39.16,41.3 1 1
github.com/kinoko-dev/kinoko/internal/llm/errors.go:42.2,42.46 1 1
github.com/kinoko-dev/kinoko/internal/llm/errors.go:42.46,44.3 1 1
github.com/kinoko-dev/kinoko/internal/llm/errors.go:45.2,47.35 2 1
github.com/kinoko-dev/kinoko/internal/llm/errors.go:51.34,52.16 1 1
github.com/kinoko-dev/kinoko/internal/llm/errors.go:52.16,54.3 1 1
github.com/kinoko-dev/kinoko/internal/llm/errors.go:55.2,56.29 2 1
github.com/kinoko-dev/kinoko/internal/llm/errors.go:56.29,58.3 1 1
github.com/kinoko-dev/kinoko/internal/llm/errors.go:59.2,60.44 2 1
github.com/kinoko-dev/kinoko/internal/llm/openai.go:16.44,17.31 1 0
github.com/kinoko-dev/kinoko/internal/llm/openai.go:17.31,19.3 1 0
github.com/kinoko-dev/kinoko/internal/llm/openai.go:30.74,36.27 2 1
github.com/kinoko-dev/kinoko/internal/llm/openai.go:36.27,38.3 1 0
github.com/kinoko-dev/kinoko/internal/llm/openai.go:39.2,39.10 1 1
github.com/kinoko-dev/kinoko/internal/llm/openai.go:43.85,45.2 1 0
github.com/kinoko-dev/kinoko/internal/llm/openai.go:47.85,57.16 3 0
github.com/kinoko-dev/kinoko/internal/llm/openai.go:57.16,59.3 1 0
github.com/kinoko-dev/kinoko/internal/llm/openai.go:61.2,62.16 2 0
github.com/kinoko-dev/kinoko/internal/llm/openai.go:62.16,64.3 1 0
github.com/kinoko-dev/kinoko/internal/llm/openai.go:65.2,69.16 4 0
github.com/kinoko-dev/kinoko/internal/llm/openai.go:69.16,71.3 1 0
github.com/kinoko-dev/kinoko/internal/llm/openai.go:72.2,74.28 2 0
github.com/kinoko-dev/kinoko/internal/llm/openai.go:74.28,78.3 3 0
github.com/kinoko-dev/kinoko/internal/llm/openai.go:80.2,87.67 2 0
github.com/kinoko-dev/kinoko/internal/llm/openai.go:87.67,89.3 1 0
github.com/kinoko-dev/kinoko/internal/llm/openai.go:90.2,90.30 1 0
github.com/kinoko-dev/kinoko/internal/llm/openai.go:90.30,92.3 1 0
github.com/kinoko-dev/kinoko/internal/llm/openai.go:93.2,93.47 1 0
github.com/kinoko-dev/kinoko/internal/sanitize/scanner.go:44.40,45.26 1 0
github.com/kinoko-dev/kinoko/internal/sanitize/scanner.go:45.26,45.42 1 0
github.com/kinoko-dev/kinoko/internal/sanitize/scanner.go:49.42,50.26 1 1
github.com/kinoko-dev/kinoko/internal/sanitize/scanner.go:50.26,50.49 1 1
github.com/kinoko-dev/kinoko/internal/sanitize/scanner.go:54.44,55.26 1 1
github.com/kinoko-dev/kinoko/internal/sanitize/scanner.go:55.26,55.51 1 1
github.com/kinoko-dev/kinoko/internal/sanitize/scanner.go:59.51,60.26 1 1
github.com/kinoko-dev/kinoko/internal/sanitize/scanner.go:60.26,60.74 1 1
github.com/kinoko-dev/kinoko/internal/sanitize/scanner.go:64.34,140.2 1 1
github.com/kinoko-dev/kinoko/internal/sanitize/scanner.go:143.35,150.25 2 1
github.com/kinoko-dev/kinoko/internal/sanitize/scanner.go:150.25,152.3 1 1
github.com/kinoko-dev/kinoko/internal/sanitize/scanner.go:153.2,153.10 1 1
github.com/kinoko-dev/kinoko/internal/sanitize/scanner.go:157.47,161.33 3 1
github.com/kinoko-dev/kinoko/internal/sanitize/scanner.go:161.33,162.30 1 1
github.com/kinoko-dev/kinoko/internal/sanitize/scanner.go:162.30,164.32 2 1
github.com/kinoko-dev/kinoko/internal/sanitize/scanner.go:164.32,168.37 2 1
github.com/kinoko-dev/kinoko/internal/sanitize/scanner.go:168.37,170.21 2 1
github.com/kinoko-dev/kinoko/internal/sanitize/scanner.go:170.21,172.7 1 0
github.com/kinoko-dev/kinoko/internal/sanitize/scanner.go:174.6,174.85 1 1
github.com/kinoko-dev/kinoko/internal/sanitize/scanner.go:174.85,175.15 1 1
github.com/kinoko-dev/kinoko/internal/sanitize/scanner.go:179.5,179.41 1 1
github.com/kinoko-dev/kinoko/internal/sanitize/scanner.go:179.41,180.14 1 1
github.com/kinoko-dev/kinoko/internal/sanitize/scanner.go:183.5,189.7 1 1
github.com/kinoko-dev/kinoko/internal/sanitize/scanner.go:193.2,193.17 1 1
github.com/kinoko-dev/kinoko/internal/sanitize/scanner.go:197.48,198.33 1 1
github.com/kinoko-dev/kinoko/internal/sanitize/scanner.go:198.33,199.40 1 1
github.com/kinoko-dev/kinoko/internal/sanitize/scanner.go:199.40,201.4 1 1
github.com/kinoko-dev/kinoko/internal/sanitize/scanner.go:203.2,203.14 1 1
github.com/kinoko-dev/kinoko/internal/sanitize/scanner.go:207.44,209.2 1 1
github.com/kinoko-dev/kinoko/internal/sanitize/scanner.go:216.46,218.24 2 1
github.com/kinoko-dev/kinoko/internal/sanitize/scanner.go:218.24,220.3 1 0
github.com/kinoko-dev/kinoko/internal/sanitize/scanner.go:222.2,223.33 2 1
github.com/kinoko-dev/kinoko/internal/sanitize/scanner.go:223.33,224.41 1 1
github.com/kinoko-dev/kinoko/internal/sanitize/scanner.go:224.41,225.12 1 1
github.com/kinoko-dev/kinoko/internal/sanitize/scanner.go:229.3,230.30 2 1
github.com/kinoko-dev/kinoko/internal/sanitize/scanner.go:230.30,231.63 1 1
github.com/kinoko-dev/kinoko/internal/sanitize/scanner.go:231.63,233.5 1 1
github.com/kinoko-dev/kinoko/internal/sanitize/scanner.go:235.3,235.29 1 1
github.com/kinoko-dev/kinoko/internal/sanitize/scanner.go:235.29,236.12 1 1
github.com/kinoko-dev/kinoko/internal/sanitize/scanner.go:239.3,239.30 1 1
github.com/kinoko-dev/kinoko/internal/sanitize/scanner.go:239.30,240.26 1 1
github.com/kinoko-dev/kinoko/internal/sanitize/scanner.go:240.26,241.13 1 1
github.com/kinoko-dev/kinoko/internal/sanitize/scanner.go:244.4,244.36 1 1
github.com/kinoko-dev/kinoko/internal/sanitize/scanner.go:244.36,247.76 1 0
github.com/kinoko-dev/kinoko/internal/sanitize/scanner.go:247.76,251.21 4 0
github.com/kinoko-dev/kinoko/internal/sanitize/scanner.go:251.21,253.7 1 0
github.com/kinoko-dev/kinoko/internal/sanitize/scanner.go:254.6,254.63 1 0
github.com/kinoko-dev/kinoko/internal/sanitize/scanner.go:254.63,256.7 1 0
github.com/kinoko-dev/kinoko/internal/sanitize/scanner.go:257.6,257.14 1 0
github.com/kinoko-dev/kinoko/internal/sanitize/scanner.go:259.5,259.24 1 0
github.com/kinoko-dev/kinoko/internal/sanitize/scanner.go:260.10,260.40 1 1
github.com/kinoko-dev/kinoko/internal/sanitize/scanner.go:260.40,263.75 1 0
github.com/kinoko-dev/kinoko/internal/sanitize/scanner.go:263.75,265.38 2 0
github.com/kinoko-dev/kinoko/internal/sanitize/scanner.go:265.38,267.7 1 0
github.com/kinoko-dev/kinoko/internal/sanitize/scanner.go:268.6,268.51 1 0
github.com/kinoko-dev/kinoko/internal/sanitize/scanner.go:270.10,273.5 2 1
github.com/kinoko-dev/kinoko/internal/sanitize/scanner.go:276.2,276.34 1 1
github.com/kinoko-dev/kinoko/internal/sanitize/scanner.go:280.46,282.27 2 1
github.com/kinoko-dev/kinoko/internal/sanitize/scanner.go:282.27,284.3 1 1
github.com/kinoko-dev/kinoko/internal/sanitize/scanner.go:285.2,285.15 1 1
github.com/kinoko-dev/kinoko/internal/sanitize/scanner.go:289.71,291.15 2 1
github.com/kinoko-dev/kinoko/internal/sanitize/scanner.go:291.15,293.3 1 1
github.com/kinoko-dev/kinoko/internal/sanitize/scanner.go:294.2,295.21 2 1
github.com/kinoko-dev/kinoko/internal/sanitize/scanner.go:295.21,297.3 1 1
github.com/kinoko-dev/kinoko/internal/sanitize/scanner.go:298.2,299.29 2 1
github.com/kinoko-dev/kinoko/internal/sanitize/scanner.go:299.29,300.51 1 1
github.com/kinoko-dev/kinoko/internal/sanitize/scanner.go:300.51,302.4 1 1
github.com/kinoko-dev/kinoko/internal/sanitize/scanner.go:304.2,304.14 1 1
github.com/kinoko-dev/kinoko/internal/sanitize/scanner.go:308.37,309.18 1 1
github.com/kinoko-dev/kinoko/internal/sanitize/scanner.go:309.18,311.3 1 0
github.com/kinoko-dev/kinoko/internal/sanitize/scanner.go:312.2,313.44 2 1
github.com/kinoko-dev/kinoko/internal/injection/ab.go:23.33,29.2 1 0
github.com/kinoko-dev/kinoko/internal/injection/ab.go:55.117,56.16 1 1
github.com/kinoko-dev/kinoko/internal/injection/ab.go:56.16,58.3 1 1
github.com/kinoko-dev/kinoko/internal/injection/ab.go:59.2,59.58 1 1
github.com/kinoko-dev/kinoko/internal/injection/ab.go:59.58,61.3 1 1
github.com/kinoko-dev/kinoko/internal/injection/ab.go:62.2,62.31 1 1
github.com/kinoko-dev/kinoko/internal/injection/ab.go:62.31,64.3 1 1
github.com/kinoko-dev/kinoko/internal/injection/ab.go:65.2,71.3 1 1
github.com/kinoko-dev/kinoko/internal/injection/ab.go:75.113,76.24 1 1
github.com/kinoko-dev/kinoko/internal/injection/ab.go:76.24,78.3 1 1
github.com/kinoko-dev/kinoko/internal/injection/ab.go:80.2,85.16 4 1
github.com/kinoko-dev/kinoko/internal/injection/ab.go:85.16,87.3 1 0
github.com/kinoko-dev/kinoko/internal/injection/ab.go:89.2,94.50 2 1
github.com/kinoko-dev/kinoko/internal/injection/ab.go:94.50,96.34 2 1
github.com/kinoko-dev/kinoko/internal/injection/ab.go:96.34,110.80 2 1
github.com/kinoko-dev/kinoko/internal/injection/ab.go:110.80,112.5 1 0
github.com/kinoko-dev/kinoko/internal/injection/ab.go:116.2,116.16 1 1
github.com/kinoko-dev/kinoko/internal/injection/ab.go:116.16,122.3 1 1
github.com/kinoko-dev/kinoko/internal/injection/ab.go:124.2,124.18 1 1
github.com/kinoko-dev/kinoko/internal/injection/ab.go:127.45,131.32 4 1
github.com/kinoko-dev/kinoko/internal/injection/ab.go:131.32,133.3 1 1
github.com/kinoko-dev/kinoko/internal/injection/ab.go:134.2,134.25 1 1
github.com/kinoko-dev/kinoko/internal/injection/ab.go:138.53,142.2 3 1
github.com/kinoko-dev/kinoko/internal/injection/injector.go:62.12,63.16 1 1
github.com/kinoko-dev/kinoko/internal/injection/injector.go:63.16,65.3 1 0
github.com/kinoko-dev/kinoko/internal/injection/injector.go:66.2,72.3 1 1
github.com/kinoko-dev/kinoko/internal/injection/injector.go:75.112,77.20 2 1
github.com/kinoko-dev/kinoko/internal/injection/injector.go:77.20,79.3 1 1
github.com/kinoko-dev/kinoko/internal/injection/injector.go:82.2,83.16 2 1
github.com/kinoko-dev/kinoko/internal/injection/injector.go:83.16,86.3 2 1
github.com/kinoko-dev/kinoko/internal/injection/injector.go:89.2,91.25 3 1
github.com/kinoko-dev/kinoko/internal/injection/injector.go:91.25,93.17 2 1
github.com/kinoko-dev/kinoko/internal/injection/injector.go:93.17,96.4 2 1
github.com/kinoko-dev/kinoko/internal/injection/injector.go:97.8,99.3 1 1
github.com/kinoko-dev/kinoko/internal/injection/injector.go:101.2,101.14 1 1
github.com/kinoko-dev/kinoko/internal/injection/injector.go:101.14,103.3 1 1
github.com/kinoko-dev/kinoko/internal/injection/injector.go:106.2,116.16 3 1
github.com/kinoko-dev/kinoko/internal/injection/injector.go:116.16,118.3 1 1
github.com/kinoko-dev/kinoko/internal/injection/injector.go:120.2,120.26 1 1
github.com/kinoko-dev/kinoko/internal/injection/injector.go:120.26,125.3 1 1
github.com/kinoko-dev/kinoko/internal/injection/injector.go:128.2,128.14 1 1
github.com/kinoko-dev/kinoko/internal/injection/injector.go:128.14,129.29 1 1
github.com/kinoko-dev/kinoko/internal/injection/injector.go:129.29,132.4 2 1
github.com/kinoko-dev/kinoko/internal/injection/injector.go:133.3,133.66 1 1
github.com/kinoko-dev/kinoko/internal/injection/injector.go:133.66,134.43 1 0
github.com/kinoko-dev/kinoko/internal/injection/injector.go:134.43,136.5 1 0
github.com/kinoko-dev/kinoko/internal/injection/injector.go:137.4,137.43 1 0
github.com/kinoko-dev/kinoko/internal/injection/injector.go:137.43,139.5 1 0
github.com/kinoko-dev/kinoko/internal/injection/injector.go:140.4,140.12 1 0
github.com/kinoko-dev/kinoko/internal/injection/injector.go:146.2,146.33 1 1
github.com/kinoko-dev/kinoko/internal/injection/injector.go:146.33,148.3 1 1
github.com/kinoko-dev/kinoko/internal/injection/injector.go:151.2,153.31 3 1
github.com/kinoko-dev/kinoko/internal/injection/injector.go:153.31,164.52 2 1
github.com/kinoko-dev/kinoko/internal/injection/injector.go:164.52,176.81 2 1
github.com/kinoko-dev/kinoko/internal/injection/injector.go:176.81,179.5 1 1
github.com/kinoko-dev/kinoko/internal/injection/injector.go:183.2,186.8 1 1
github.com/kinoko-dev/kinoko/internal/injection/injector.go:190.109,191.18 1 1
github.com/kinoko-dev/kinoko/internal/injection/injector.go:191.18,193.3 1 1
github.com/kinoko-dev/kinoko/internal/injection/injector.go:195.2,197.16 3 1
github.com/kinoko-dev/kinoko/internal/injection/injector.go:197.16,199.3 1 1
github.com/kinoko-dev/kinoko/internal/injection/injector.go:201.2,202.16 2 1
github.com/kinoko-dev/kinoko/internal/injection/injector.go:202.16,204.3 1 0
github.com/kinoko-dev/kinoko/internal/injection/injector.go:207.2,208.34 2 1
github.com/kinoko-dev/kinoko/internal/injection/injector.go:208.34,210.3 1 1
github.com/kinoko-dev/kinoko/internal/injection/injector.go:213.2,217.36 3 1
github.com/kinoko-dev/kinoko/internal/injection/injector.go:217.36,218.33 1 1
github.com/kinoko-dev/kinoko/internal/injection/injector.go:218.33,220.4 1 1
github.com/kinoko-dev/kinoko/internal/injection/injector.go:222.2,222.34 1 1
github.com/kinoko-dev/kinoko/internal/injection/injector.go:222.34,224.3 1 0
github.com/kinoko-dev/kinoko/internal/injection/injector.go:226.2,230.8 1 1
github.com/kinoko-dev/kinoko/internal/injection/injector.go:239.58,254.2 2 1
github.com/kinoko-dev/kinoko/internal/storage/helpers.go:10.42,11.13 1 1
github.com/kinoko-dev/kinoko/internal/storage/helpers.go:11.13,13.3 1 1
github.com/kinoko-dev/kinoko/internal/storage/helpers.go:14.2,14.47 1 1
github.com/kinoko-dev/kinoko/internal/storage/helpers.go:17.41,18.16 1 1
github.com/kinoko-dev/kinoko/internal/storage/helpers.go:18.16,20.3 1 1
github.com/kinoko-dev/kinoko/internal/storage/helpers.go:21.2,21.43 1 1
github.com/kinoko-dev/kinoko/internal/storage/helpers.go:24.43,26.23 2 1
github.com/kinoko-dev/kinoko/internal/storage/helpers.go:26.23,28.3 1 1
github.com/kinoko-dev/kinoko/internal/storage/helpers.go:29.2,29.12 1 1
github.com/kinoko-dev/kinoko/internal/storage/helpers.go:32.42,34.20 2 1
github.com/kinoko-dev/kinoko/internal/storage/helpers.go:34.20,36.3 1 1
github.com/kinoko-dev/kinoko/internal/storage/helpers.go:37.2,37.11 1 1
github.com/kinoko-dev/kinoko/internal/storage/helpers.go:40.47,41.37 1 1
github.com/kinoko-dev/kinoko/internal/storage/helpers.go:41.37,43.3 1 1
github.com/kinoko-dev/kinoko/internal/storage/helpers.go:44.2,45.19 2 1
github.com/kinoko-dev/kinoko/internal/storage/helpers.go:45.19,50.3 4 1
github.com/kinoko-dev/kinoko/internal/storage/helpers.go:51.2,52.16 2 1
github.com/kinoko-dev/kinoko/internal/storage/helpers.go:52.16,54.3 1 1
github.com/kinoko-dev/kinoko/internal/storage/helpers.go:55.2,55.20 1 1
github.com/kinoko-dev/kinoko/internal/storage/indexer.go:20.58,22.2 1 1
github.com/kinoko-dev/kinoko/internal/storage/indexer.go:26.112,27.20 1 1
github.com/kinoko-dev/kinoko/internal/storage/indexer.go:27.20,29.3 1 1
github.com/kinoko-dev/kinoko/internal/storage/indexer.go:30.2,30.22 1 1
github.com/kinoko-dev/kinoko/internal/storage/indexer.go:30.22,32.3 1 1
github.com/kinoko-dev/kinoko/internal/storage/indexer.go:34.2,35.16 2 1
github.com/kinoko-dev/kinoko/internal/storage/indexer.go:35.16,37.3 1 0
github.com/kinoko-dev/kinoko/internal/storage/indexer.go:38.2,42.24 4 1
github.com/kinoko-dev/kinoko/internal/storage/indexer.go:42.24,44.3 1 1
github.com/kinoko-dev/kinoko/internal/storage/indexer.go:45.2,86.16 3 1
github.com/kinoko-dev/kinoko/internal/storage/indexer.go:86.16,88.3 1 0
github.com/kinoko-dev/kinoko/internal/storage/indexer.go:91.2,91.106 1 1
github.com/kinoko-dev/kinoko/internal/storage/indexer.go:91.106,93.3 1 0
github.com/kinoko-dev/kinoko/internal/storage/indexer.go:94.2,94.35 1 1
github.com/kinoko-dev/kinoko/internal/storage/indexer.go:94.35,95.125 1 1
github.com/kinoko-dev/kinoko/internal/storage/indexer.go:95.125,97.4 1 0
github.com/kinoko-dev/kinoko/internal/storage/indexer.go:101.2,101.24 1 1
github.com/kinoko-dev/kinoko/internal/storage/indexer.go:101.24,102.109 1 1
github.com/kinoko-dev/kinoko/internal/storage/indexer.go:102.109,104.4 1 0
github.com/kinoko-dev/kinoko/internal/storage/indexer.go:105.3,107.63 2 1
github.com/kinoko-dev/kinoko/internal/storage/indexer.go:107.63,109.4 1 0
github.com/kinoko-dev/kinoko/internal/storage/indexer.go:112.2,112.20 1 1
github.com/kinoko-dev/kinoko/internal/storage/injection_store.go:25.95,31.16 2 1
github.com/kinoko-dev/kinoko/internal/storage/injection_store.go:31.16,33.3 1 0
github.com/kinoko-dev/kinoko/internal/storage/injection_store.go:34.2,34.12 1 1
github.com/kinoko-dev/kinoko/internal/storage/injection_store.go:38.107,42.16 2 1
github.com/kinoko-dev/kinoko/internal/storage/injection_store.go:42.16,44.3 1 0
github.com/kinoko-dev/kinoko/internal/storage/injection_store.go:45.2,45.12 1 1
github.com/kinoko-dev/kinoko/internal/storage/injection_store.go:49.106,56.16 3 1
github.com/kinoko-dev/kinoko/internal/storage/injection_store.go:56.16,58.3 1 0
github.com/kinoko-dev/kinoko/internal/storage/injection_store.go:59.2,59.12 1 1
github.com/kinoko-dev/kinoko/internal/storage/querier.go:10.66,12.2 1 0
github.com/kinoko-dev/kinoko/internal/storage/querier.go:18.130,24.16 2 0
github.com/kinoko-dev/kinoko/internal/storage/querier.go:24.16,26.3 1 0
github.com/kinoko-dev/kinoko/internal/storage/querier.go:27.2,27.23 1 0
github.com/kinoko-dev/kinoko/internal/storage/querier.go:27.23,29.3 1 0
github.com/kinoko-dev/kinoko/internal/storage/querier.go:30.2,30.75 1 0
[...]
github.com/kinoko-dev/kinoko/cmd/kinoko/serve.go:339.21,341.6 1 0
github.com/kinoko-dev/kinoko/cmd/kinoko/serve.go:342.5,342.15 1 0
github.com/kinoko-dev/kinoko/cmd/kinoko/serve.go:345.3,345.40 1 0
github.com/kinoko-dev/kinoko/cmd/kinoko/serve.go:345.40,347.4 1 0
github.com/kinoko-dev/kinoko/cmd/kinoko/serve.go:347.9,349.4 1 0
github.com/kinoko-dev/kinoko/cmd/kinoko/serve.go:350.8,352.3 1 0
github.com/kinoko-dev/kinoko/cmd/kinoko/serve.go:354.2,355.19 2 0
github.com/kinoko-dev/kinoko/cmd/kinoko/serve.go:355.19,357.3 1 0
github.com/kinoko-dev/kinoko/cmd/kinoko/serve.go:358.2,358.12 1 0
github.com/kinoko-dev/kinoko/cmd/kinoko/serve.go:363.166,364.19 1 0
github.com/kinoko-dev/kinoko/cmd/kinoko/serve.go:364.19,366.3 1 0
github.com/kinoko-dev/kinoko/cmd/kinoko/serve.go:367.2,374.12 6 0
github.com/kinoko-dev/kinoko/cmd/kinoko/serve.go:374.12,375.10 1 0
github.com/kinoko-dev/kinoko/cmd/kinoko/serve.go:376.23,377.58 1 0
github.com/kinoko-dev/kinoko/cmd/kinoko/serve.go:378.21,379.36 1 0
github.com/kinoko-dev/kinoko/cmd/kinoko/serve.go:381.3,382.11 2 0
github.com/kinoko-dev/kinoko/cmd/kinoko/serve.go:385.2,388.9 3 0
github.com/kinoko-dev/kinoko/cmd/kinoko/serve.go:389.14,389.14 0 0
github.com/kinoko-dev/kinoko/cmd/kinoko/serve.go:390.20,390.20 0 0
github.com/kinoko-dev/kinoko/cmd/kinoko/serve.go:393.2,397.18 3 0
github.com/kinoko-dev/kinoko/cmd/kinoko/serve.go:397.18,399.49 2 0
github.com/kinoko-dev/kinoko/cmd/kinoko/serve.go:399.49,401.4 1 0
github.com/kinoko-dev/kinoko/cmd/kinoko/serve.go:405.2,405.17 1 0
github.com/kinoko-dev/kinoko/cmd/kinoko/serve.go:405.17,407.48 2 0
github.com/kinoko-dev/kinoko/cmd/kinoko/serve.go:407.48,409.4 1 0
github.com/kinoko-dev/kinoko/cmd/kinoko/serve.go:413.2,414.38 2 0
github.com/kinoko-dev/kinoko/cmd/kinoko/serve.go:414.38,417.3 2 0
github.com/kinoko-dev/kinoko/cmd/kinoko/serve.go:420.2,421.12 2 0
github.com/kinoko-dev/kinoko/cmd/kinoko/stats.go:23.13,25.2 1 1
github.com/kinoko-dev/kinoko/cmd/kinoko/stats.go:27.56,29.16 2 0
github.com/kinoko-dev/kinoko/cmd/kinoko/stats.go:29.16,31.3 1 0
github.com/kinoko-dev/kinoko/cmd/kinoko/stats.go:33.2,34.16 2 0
github.com/kinoko-dev/kinoko/cmd/kinoko/stats.go:34.16,36.3 1 0
github.com/kinoko-dev/kinoko/cmd/kinoko/stats.go:37.2,41.16 4 0
github.com/kinoko-dev/kinoko/cmd/kinoko/stats.go:41.16,43.3 1 0
github.com/kinoko-dev/kinoko/cmd/kinoko/stats.go:46.2,51.25 6 0
github.com/kinoko-dev/kinoko/cmd/kinoko/stats.go:51.25,53.3 1 0
github.com/kinoko-dev/kinoko/cmd/kinoko/stats.go:56.2,62.28 5 0
github.com/kinoko-dev/kinoko/cmd/kinoko/stats.go:62.28,65.3 2 0
github.com/kinoko-dev/kinoko/cmd/kinoko/stats.go:68.2,74.17 5 0
github.com/kinoko-dev/kinoko/cmd/kinoko/stats.go:74.17,80.23 6 0
github.com/kinoko-dev/kinoko/cmd/kinoko/stats.go:80.23,82.4 1 0
github.com/kinoko-dev/kinoko/cmd/kinoko/stats.go:82.9,84.4 1 0
github.com/kinoko-dev/kinoko/cmd/kinoko/stats.go:88.2,90.36 3 0
github.com/kinoko-dev/kinoko/cmd/kinoko/stats.go:90.36,92.3 1 0
github.com/kinoko-dev/kinoko/cmd/kinoko/stats.go:93.2,94.25 2 0
github.com/kinoko-dev/kinoko/cmd/kinoko/stats.go:94.25,96.3 1 0
github.com/kinoko-dev/kinoko/cmd/kinoko/stats.go:97.2,101.23 3 0
github.com/kinoko-dev/kinoko/cmd/kinoko/stats.go:101.23,104.3 2 0
github.com/kinoko-dev/kinoko/cmd/kinoko/stats.go:104.8,106.3 1 0
github.com/kinoko-dev/kinoko/cmd/kinoko/stats.go:109.2,110.35 2 0
github.com/kinoko-dev/kinoko/cmd/kinoko/stats.go:110.35,112.3 1 0
github.com/kinoko-dev/kinoko/cmd/kinoko/stats.go:114.2,114.12 1 0
github.com/kinoko-dev/kinoko/cmd/kinoko/worker.go:29.13,31.2 1 1
github.com/kinoko-dev/kinoko/cmd/kinoko/worker.go:33.57,35.16 2 0
github.com/kinoko-dev/kinoko/cmd/kinoko/worker.go:35.16,37.3 1 0
github.com/kinoko-dev/kinoko/cmd/kinoko/worker.go:39.2,39.62 1 0
github.com/kinoko-dev/kinoko/cmd/kinoko/worker.go:39.62,41.3 1 0
github.com/kinoko-dev/kinoko/cmd/kinoko/worker.go:43.2,47.16 4 0
github.com/kinoko-dev/kinoko/cmd/kinoko/worker.go:47.16,49.3 1 0
github.com/kinoko-dev/kinoko/cmd/kinoko/worker.go:50.2,53.16 3 0
github.com/kinoko-dev/kinoko/cmd/kinoko/worker.go:53.16,55.3 1 0
github.com/kinoko-dev/kinoko/cmd/kinoko/worker.go:57.2,66.9 6 0
github.com/kinoko-dev/kinoko/cmd/kinoko/worker.go:67.22,68.57 1 0
github.com/kinoko-dev/kinoko/cmd/kinoko/worker.go:69.20,69.20 0 0
github.com/kinoko-dev/kinoko/cmd/kinoko/worker.go:72.2,75.60 3 0
github.com/kinoko-dev/kinoko/cmd/kinoko/worker.go:75.60,75.90 1 0
github.com/kinoko-dev/kinoko/cmd/kinoko/worker.go:75.104,77.3 1 0
github.com/kinoko-dev/kinoko/cmd/kinoko/worker.go:78.2,78.54 1 0
github.com/kinoko-dev/kinoko/cmd/kinoko/worker.go:78.54,78.84 1 0
github.com/kinoko-dev/kinoko/cmd/kinoko/worker.go:78.98,80.3 1 0
github.com/kinoko-dev/kinoko/cmd/kinoko/worker.go:82.2,83.12 2 0
github.com/kinoko-dev/kinoko/cmd/kinoko/worker.go:88.52,90.19 2 1
github.com/kinoko-dev/kinoko/cmd/kinoko/worker.go:91.94,92.17 1 1
github.com/kinoko-dev/kinoko/cmd/kinoko/worker.go:92.17,94.4 1 1
github.com/kinoko-dev/kinoko/cmd/kinoko/worker.go:96.2,96.14 1 1
github.com/kinoko-dev/kinoko/internal/embedding/embedding.go:58.29,76.2 1 0
github.com/kinoko-dev/kinoko/internal/embedding/embedding.go:89.41,89.65 1 0
github.com/kinoko-dev/kinoko/internal/embedding/embedding.go:90.41,90.57 1 1
github.com/kinoko-dev/kinoko/internal/embedding/embedding.go:93.34,96.2 2 1
github.com/kinoko-dev/kinoko/internal/embedding/embedding.go:107.51,108.19 1 1
github.com/kinoko-dev/kinoko/internal/embedding/embedding.go:108.19,110.3 1 1
github.com/kinoko-dev/kinoko/internal/embedding/embedding.go:111.2,116.16 2 1
github.com/kinoko-dev/kinoko/internal/embedding/embedding.go:116.16,117.75 1 0
github.com/kinoko-dev/kinoko/internal/embedding/embedding.go:119.2,124.3 1 1
github.com/kinoko-dev/kinoko/internal/embedding/embedding.go:128.35,130.2 1 1
github.com/kinoko-dev/kinoko/internal/embedding/embedding.go:133.77,135.16 2 1
github.com/kinoko-dev/kinoko/internal/embedding/embedding.go:135.16,137.3 1 1
github.com/kinoko-dev/kinoko/internal/embedding/embedding.go:138.2,138.24 1 1
github.com/kinoko-dev/kinoko/internal/embedding/embedding.go:142.87,143.21 1 1
github.com/kinoko-dev/kinoko/internal/embedding/embedding.go:143.21,145.3 1 1
github.com/kinoko-dev/kinoko/internal/embedding/embedding.go:147.2,153.50 5 1
github.com/kinoko-dev/kinoko/internal/embedding/embedding.go:153.50,154.18 1 1
github.com/kinoko-dev/kinoko/internal/embedding/embedding.go:154.18,160.11 2 1
github.com/kinoko-dev/kinoko/internal/embedding/embedding.go:161.22,162.26 1 1
github.com/kinoko-dev/kinoko/internal/embedding/embedding.go:163.31,163.31 0 1
github.com/kinoko-dev/kinoko/internal/embedding/embedding.go:165.4,168.6 1 1
github.com/kinoko-dev/kinoko/internal/embedding/embedding.go:171.3,171.38 1 1
github.com/kinoko-dev/kinoko/internal/embedding/embedding.go:171.38,173.12 2 1
github.com/kinoko-dev/kinoko/internal/embedding/embedding.go:176.3,177.21 2 1
github.com/kinoko-dev/kinoko/internal/embedding/embedding.go:177.21,179.28 1 1
github.com/kinoko-dev/kinoko/internal/embedding/embedding.go:179.28,181.5 1 1
github.com/kinoko-dev/kinoko/internal/embedding/embedding.go:182.4,183.12 2 1
github.com/kinoko-dev/kinoko/internal/embedding/embedding.go:186.3,187.21 2 1
github.com/kinoko-dev/kinoko/internal/embedding/embedding.go:190.2,190.93 1 1
github.com/kinoko-dev/kinoko/internal/embedding/embedding.go:216.39,217.34 1 1
github.com/kinoko-dev/kinoko/internal/embedding/embedding.go:217.34,219.3 1 1
github.com/kinoko-dev/kinoko/internal/embedding/embedding.go:220.2,220.58 1 0
github.com/kinoko-dev/kinoko/internal/embedding/embedding.go:223.86,228.16 2 1
github.com/kinoko-dev/kinoko/internal/embedding/embedding.go:228.16,230.3 1 0
github.com/kinoko-dev/kinoko/internal/embedding/embedding.go:232.2,234.16 3 1
github.com/kinoko-dev/kinoko/internal/embedding/embedding.go:234.16,236.3 1 0
github.com/kinoko-dev/kinoko/internal/embedding/embedding.go:237.2,238.24 2 1
github.com/kinoko-dev/kinoko/internal/embedding/embedding.go:238.24,240.3 1 1
github.com/kinoko-dev/kinoko/internal/embedding/embedding.go:242.2,243.16 2 1
github.com/kinoko-dev/kinoko/internal/embedding/embedding.go:243.16,245.3 1 0
github.com/kinoko-dev/kinoko/internal/embedding/embedding.go:246.2,249.16 3 1
github.com/kinoko-dev/kinoko/internal/embedding/embedding.go:249.16,251.3 1 0
github.com/kinoko-dev/kinoko/internal/embedding/embedding.go:253.2,253.38 1 1
github.com/kinoko-dev/kinoko/internal/embedding/embedding.go:253.38,262.103 4 1
github.com/kinoko-dev/kinoko/internal/embedding/embedding.go:262.103,264.4 1 1
github.com/kinoko-dev/kinoko/internal/embedding/embedding.go:265.3,265.21 1 1
github.com/kinoko-dev/kinoko/internal/embedding/embedding.go:268.2,269.55 2 1
github.com/kinoko-dev/kinoko/internal/embedding/embedding.go:269.55,271.3 1 0
github.com/kinoko-dev/kinoko/internal/embedding/embedding.go:273.2,273.26 1 1
github.com/kinoko-dev/kinoko/internal/embedding/embedding.go:273.26,275.3 1 0
github.com/kinoko-dev/kinoko/internal/embedding/embedding.go:277.2,277.37 1 1
github.com/kinoko-dev/kinoko/internal/embedding/embedding.go:277.37,279.3 1 0
github.com/kinoko-dev/kinoko/internal/embedding/embedding.go:282.2,283.33 2 1
github.com/kinoko-dev/kinoko/internal/embedding/embedding.go:283.33,284.43 1 1
github.com/kinoko-dev/kinoko/internal/embedding/embedding.go:284.43,286.4 1 0
github.com/kinoko-dev/kinoko/internal/embedding/embedding.go:287.3,287.55 1 1
github.com/kinoko-dev/kinoko/internal/embedding/embedding.go:287.55,289.4 1 1
github.com/kinoko-dev/kinoko/internal/embedding/embedding.go:290.3,290.33 1 1
github.com/kinoko-dev/kinoko/internal/embedding/embedding.go:293.2,293.21 1 1
github.com/kinoko-dev/kinoko/internal/worker/config.go:18.29,29.2 1 1
github.com/kinoko-dev/kinoko/internal/worker/config.go:41.47,49.2 1 1
github.com/kinoko-dev/kinoko/internal/worker/pool.go:58.122,66.2 1 1
github.com/kinoko-dev/kinoko/internal/worker/pool.go:68.55,72.41 3 1
github.com/kinoko-dev/kinoko/internal/worker/pool.go:72.41,76.3 3 1
github.com/kinoko-dev/kinoko/internal/worker/pool.go:78.2,79.12 2 1
github.com/kinoko-dev/kinoko/internal/worker/pool.go:82.54,87.12 4 1
github.com/kinoko-dev/kinoko/internal/worker/pool.go:87.12,90.3 2 1
github.com/kinoko-dev/kinoko/internal/worker/pool.go:92.2,92.9 1 1
github.com/kinoko-dev/kinoko/internal/worker/pool.go:93.14,95.13 2 1
github.com/kinoko-dev/kinoko/internal/worker/pool.go:96.20,97.65 1 0
github.com/kinoko-dev/kinoko/internal/worker/pool.go:101.40,112.2 2 1
github.com/kinoko-dev/kinoko/internal/worker/pool.go:114.64,119.6 4 1
github.com/kinoko-dev/kinoko/internal/worker/pool.go:119.6,120.10 1 1
github.com/kinoko-dev/kinoko/internal/worker/pool.go:121.21,122.10 1 1
github.com/kinoko-dev/kinoko/internal/worker/pool.go:123.11,123.11 0 1
github.com/kinoko-dev/kinoko/internal/worker/pool.go:126.3,127.17 2 1
github.com/kinoko-dev/kinoko/internal/worker/pool.go:127.17,128.24 1 0
github.com/kinoko-dev/kinoko/internal/worker/pool.go:128.24,130.5 1 0
github.com/kinoko-dev/kinoko/internal/worker/pool.go:131.4,133.12 3 0
github.com/kinoko-dev/kinoko/internal/worker/pool.go:136.3,136.19 1 1
github.com/kinoko-dev/kinoko/internal/worker/pool.go:136.19,138.12 2 1
github.com/kinoko-dev/kinoko/internal/worker/pool.go:141.3,145.21 5 1
github.com/kinoko-dev/kinoko/internal/worker/pool.go:149.87,158.16 4 1
github.com/kinoko-dev/kinoko/internal/worker/pool.go:158.16,160.117 2 1
github.com/kinoko-dev/kinoko/internal/worker/pool.go:160.117,162.4 1 0
github.com/kinoko-dev/kinoko/internal/worker/pool.go:163.3,164.9 2 1
github.com/kinoko-dev/kinoko/internal/worker/pool.go:168.2,169.16 2 1
github.com/kinoko-dev/kinoko/internal/worker/pool.go:169.16,171.106 2 1
github.com/kinoko-dev/kinoko/internal/worker/pool.go:171.106,173.4 1 0
github.com/kinoko-dev/kinoko/internal/worker/pool.go:174.3,175.9 2 1
github.com/kinoko-dev/kinoko/internal/worker/pool.go:180.2,181.16 2 1
github.com/kinoko-dev/kinoko/internal/worker/pool.go:181.16,183.45 2 1
github.com/kinoko-dev/kinoko/internal/worker/pool.go:183.45,184.85 1 1
github.com/kinoko-dev/kinoko/internal/worker/pool.go:184.85,186.5 1 0
github.com/kinoko-dev/kinoko/internal/worker/pool.go:187.4,187.19 1 1
github.com/kinoko-dev/kinoko/internal/worker/pool.go:188.9,189.76 1 1
github.com/kinoko-dev/kinoko/internal/worker/pool.go:189.76,191.5 1 0
github.com/kinoko-dev/kinoko/internal/worker/pool.go:192.4,192.19 1 1
github.com/kinoko-dev/kinoko/internal/worker/pool.go:194.3,194.9 1 1
github.com/kinoko-dev/kinoko/internal/worker/pool.go:198.2,198.89 1 1
github.com/kinoko-dev/kinoko/internal/worker/pool.go:198.89,202.3 3 0
github.com/kinoko-dev/kinoko/internal/worker/pool.go:204.2,204.44 1 1
github.com/kinoko-dev/kinoko/internal/worker/pool.go:204.44,207.3 2 1
github.com/kinoko-dev/kinoko/internal/worker/pool.go:207.8,210.3 2 1
github.com/kinoko-dev/kinoko/internal/worker/pool.go:213.49,216.9 3 1
github.com/kinoko-dev/kinoko/internal/worker/pool.go:217.20,217.20 0 1
github.com/kinoko-dev/kinoko/internal/worker/pool.go:218.13,218.13 0 1
github.com/kinoko-dev/kinoko/internal/worker/queue.go:48.108,55.2 1 1
github.com/kinoko-dev/kinoko/internal/worker/queue.go:57.41,59.2 1 1
github.com/kinoko-dev/kinoko/internal/worker/queue.go:61.106,64.48 2 1
github.com/kinoko-dev/kinoko/internal/worker/queue.go:64.48,66.3 1 0
github.com/kinoko-dev/kinoko/internal/worker/queue.go:67.2,68.65 2 1
github.com/kinoko-dev/kinoko/internal/worker/queue.go:68.65,70.3 1 0
github.com/kinoko-dev/kinoko/internal/worker/queue.go:72.2,78.16 5 1
github.com/kinoko-dev/kinoko/internal/worker/queue.go:78.16,81.3 2 0
github.com/kinoko-dev/kinoko/internal/worker/queue.go:82.2,85.129 3 1
github.com/kinoko-dev/kinoko/internal/worker/queue.go:85.129,88.3 2 0
github.com/kinoko-dev/kinoko/internal/worker/queue.go:89.2,89.39 1 1
github.com/kinoko-dev/kinoko/internal/worker/queue.go:89.39,92.3 2 1
github.com/kinoko-dev/kinoko/internal/worker/queue.go:93.2,93.38 1 1
github.com/kinoko-dev/kinoko/internal/worker/queue.go:93.38,95.3 1 1
github.com/kinoko-dev/kinoko/internal/worker/queue.go:97.2,111.16 2 1
github.com/kinoko-dev/kinoko/internal/worker/queue.go:111.16,114.3 2 0
github.com/kinoko-dev/kinoko/internal/worker/queue.go:116.2,116.36 1 1
github.com/kinoko-dev/kinoko/internal/worker/queue.go:116.36,119.3 2 0
github.com/kinoko-dev/kinoko/internal/worker/queue.go:120.2,120.12 1 1
github.com/kinoko-dev/kinoko/internal/worker/queue.go:127.88,144.111 4 1
github.com/kinoko-dev/kinoko/internal/worker/queue.go:144.111,145.36 1 1
github.com/kinoko-dev/kinoko/internal/worker/queue.go:145.36,147.4 1 1
github.com/kinoko-dev/kinoko/internal/worker/queue.go:148.3,148.43 1 0
github.com/kinoko-dev/kinoko/internal/worker/queue.go:150.2,150.20 1 1
github.com/kinoko-dev/kinoko/internal/worker/queue.go:153.109,156.44 3 1
github.com/kinoko-dev/kinoko/internal/worker/queue.go:156.44,158.3 1 1
github.com/kinoko-dev/kinoko/internal/worker/queue.go:160.2,161.25 2 1
github.com/kinoko-dev/kinoko/internal/worker/queue.go:161.25,163.3 1 1
github.com/kinoko-dev/kinoko/internal/worker/queue.go:165.2,167.51 3 1
github.com/kinoko-dev/kinoko/internal/worker/queue.go:167.51,170.3 2 0
github.com/kinoko-dev/kinoko/internal/worker/queue.go:170.8,170.58 1 1
github.com/kinoko-dev/kinoko/internal/worker/queue.go:170.58,173.3 2 0
github.com/kinoko-dev/kinoko/internal/worker/queue.go:173.8,173.58 1 1
github.com/kinoko-dev/kinoko/internal/worker/queue.go:173.58,176.3 2 0
github.com/kinoko-dev/kinoko/internal/worker/queue.go:178.2,188.16 2 1
github.com/kinoko-dev/kinoko/internal/worker/queue.go:188.16,190.3 1 0
github.com/kinoko-dev/kinoko/internal/worker/queue.go:191.2,191.12 1 1
github.com/kinoko-dev/kinoko/internal/worker/queue.go:194.88,197.20 3 1
github.com/kinoko-dev/kinoko/internal/worker/queue.go:197.20,199.3 1 1
github.com/kinoko-dev/kinoko/internal/worker/queue.go:203.2,216.16 4 1
github.com/kinoko-dev/kinoko/internal/worker/queue.go:216.16,218.3 1 0
github.com/kinoko-dev/kinoko/internal/worker/queue.go:219.2,219.12 1 1
github.com/kinoko-dev/kinoko/internal/worker/queue.go:222.97,225.20 3 1
github.com/kinoko-dev/kinoko/internal/worker/queue.go:225.20,227.3 1 1
github.com/kinoko-dev/kinoko/internal/worker/queue.go:229.2,237.16 2 1
github.com/kinoko-dev/kinoko/internal/worker/queue.go:237.16,239.3 1 0
github.com/kinoko-dev/kinoko/internal/worker/queue.go:240.2,240.12 1 1
github.com/kinoko-dev/kinoko/internal/worker/queue.go:243.63,247.16 4 1
github.com/kinoko-dev/kinoko/internal/worker/queue.go:247.16,249.3 1 0
github.com/kinoko-dev/kinoko/internal/worker/queue.go:250.2,250.19 1 1
github.com/kinoko-dev/kinoko/internal/worker/queue.go:253.99,264.16 4 1
github.com/kinoko-dev/kinoko/internal/worker/queue.go:264.16,266.3 1 0
github.com/kinoko-dev/kinoko/internal/worker/queue.go:267.2,268.20 2 1
github.com/kinoko-dev/kinoko/internal/worker/scheduler.go:46.13,57.2 1 1
github.com/kinoko-dev/kinoko/internal/worker/scheduler.go:59.54,73.2 7 1
github.com/kinoko-dev/kinoko/internal/worker/scheduler.go:75.53,80.12 4 1
github.com/kinoko-dev/kinoko/internal/worker/scheduler.go:80.12,83.3 2 1
github.com/kinoko-dev/kinoko/internal/worker/scheduler.go:85.2,85.9 1 1
github.com/kinoko-dev/kinoko/internal/worker/scheduler.go:86.14,88.13 2 1
github.com/kinoko-dev/kinoko/internal/worker/scheduler.go:89.20,90.63 1 0
github.com/kinoko-dev/kinoko/internal/worker/scheduler.go:95.51,99.9 3 1
github.com/kinoko-dev/kinoko/internal/worker/scheduler.go:99.9,101.3 1 1
github.com/kinoko-dev/kinoko/internal/worker/scheduler.go:103.2,103.6 1 1
github.com/kinoko-dev/kinoko/internal/worker/scheduler.go:103.6,105.9 2 1
github.com/kinoko-dev/kinoko/internal/worker/scheduler.go:105.9,107.4 1 1
github.com/kinoko-dev/kinoko/internal/worker/scheduler.go:107.9,109.4 1 1
github.com/kinoko-dev/kinoko/internal/worker/scheduler.go:111.3,112.10 2 1
github.com/kinoko-dev/kinoko/internal/worker/scheduler.go:113.21,115.10 2 1
github.com/kinoko-dev/kinoko/internal/worker/scheduler.go:116.14,116.14 0 1
github.com/kinoko-dev/kinoko/internal/worker/scheduler.go:119.3,119.22 1 1
github.com/kinoko-dev/kinoko/internal/worker/scheduler.go:123.55,124.37 1 1
github.com/kinoko-dev/kinoko/internal/worker/scheduler.go:124.37,125.23 1 1
github.com/kinoko-dev/kinoko/internal/worker/scheduler.go:125.23,127.4 1 0
github.com/kinoko-dev/kinoko/internal/worker/scheduler.go:128.3,129.17 2 1
github.com/kinoko-dev/kinoko/internal/worker/scheduler.go:129.17,131.12 2 0
github.com/kinoko-dev/kinoko/internal/worker/scheduler.go:133.3,138.4 1 1
github.com/kinoko-dev/kinoko/internal/worker/scheduler.go:143.56,149.6 4 1
github.com/kinoko-dev/kinoko/internal/worker/scheduler.go:149.6,150.10 1 1
github.com/kinoko-dev/kinoko/internal/worker/scheduler.go:151.21,152.10 1 1
github.com/kinoko-dev/kinoko/internal/worker/scheduler.go:153.19,155.18 2 1
github.com/kinoko-dev/kinoko/internal/worker/scheduler.go:155.18,157.13 2 0
github.com/kinoko-dev/kinoko/internal/worker/scheduler.go:159.4,159.13 1 1
github.com/kinoko-dev/kinoko/internal/worker/scheduler.go:159.13,161.5 1 1
github.com/kinoko-dev/kinoko/internal/worker/scheduler.go:167.57,173.6 4 1
github.com/kinoko-dev/kinoko/internal/worker/scheduler.go:173.6,174.10 1 1
github.com/kinoko-dev/kinoko/internal/worker/scheduler.go:175.21,176.10 1 1
github.com/kinoko-dev/kinoko/internal/worker/scheduler.go:177.19,180.18 3 1
github.com/kinoko-dev/kinoko/internal/worker/scheduler.go:180.18,183.5 2 0
github.com/kinoko-dev/kinoko/internal/worker/scheduler.go:184.4,193.5 1 1
github.com/kinoko-dev/kinoko/internal/worker/scheduler.go:203.62,205.14 2 1
github.com/kinoko-dev/kinoko/internal/worker/scheduler.go:205.14,207.3 1 1
github.com/kinoko-dev/kinoko/internal/worker/scheduler.go:208.2,210.56 3 1
github.com/kinoko-dev/kinoko/internal/worker/scheduler.go:210.56,212.3 1 1
github.com/kinoko-dev/kinoko/internal/worker/scheduler.go:213.2,213.27 1 1
github.com/kinoko-dev/kinoko/internal/worker/scheduler.go:217.68,220.22 3 1
github.com/kinoko-dev/kinoko/internal/worker/scheduler.go:220.22,222.3 1 1
github.com/kinoko-dev/kinoko/internal/worker/scheduler.go:223.2,223.22 1 1
